{"C:\\Users\\GANZA\\Documents\\nodejs\\Tax24\\index.js":{"path":"C:\\Users\\GANZA\\Documents\\nodejs\\Tax24\\index.js","statementMap":{"0":{"start":{"line":3,"column":0},"end":{"line":3,"column":27}},"1":{"start":{"line":5,"column":14},"end":{"line":5,"column":32}},"2":{"start":{"line":7,"column":17},"end":{"line":7,"column":39}},"3":{"start":{"line":9,"column":11},"end":{"line":9,"column":26}},"4":{"start":{"line":11,"column":10},"end":{"line":11,"column":19}},"5":{"start":{"line":13,"column":11},"end":{"line":13,"column":34}},"6":{"start":{"line":15,"column":0},"end":{"line":15,"column":16}},"7":{"start":{"line":17,"column":0},"end":{"line":17,"column":27}},"8":{"start":{"line":18,"column":0},"end":{"line":20,"column":4}},"9":{"start":{"line":21,"column":0},"end":{"line":21,"column":27}},"10":{"start":{"line":22,"column":0},"end":{"line":24,"column":4}},"11":{"start":{"line":25,"column":14},"end":{"line":25,"column":46}},"12":{"start":{"line":26,"column":13},"end":{"line":26,"column":45}},"13":{"start":{"line":27,"column":0},"end":{"line":27,"column":49}},"14":{"start":{"line":28,"column":0},"end":{"line":33,"column":3}},"15":{"start":{"line":29,"column":2},"end":{"line":32,"column":5}},"16":{"start":{"line":34,"column":11},"end":{"line":34,"column":39}},"17":{"start":{"line":35,"column":10},"end":{"line":35,"column":72}},"18":{"start":{"line":36,"column":0},"end":{"line":38,"column":3}},"19":{"start":{"line":37,"column":2},"end":{"line":37,"column":89}},"20":{"start":{"line":39,"column":0},"end":{"line":39,"column":21}}},"fnMap":{"0":{"name":"(anonymous_0)","decl":{"start":{"line":28,"column":13},"end":{"line":28,"column":14}},"loc":{"start":{"line":28,"column":33},"end":{"line":33,"column":1}},"line":28},"1":{"name":"(anonymous_1)","decl":{"start":{"line":36,"column":17},"end":{"line":36,"column":18}},"loc":{"start":{"line":36,"column":29},"end":{"line":38,"column":1}},"line":36}},"branchMap":{"0":{"loc":{"start":{"line":25,"column":14},"end":{"line":25,"column":46}},"type":"binary-expr","locations":[{"start":{"line":25,"column":14},"end":{"line":25,"column":37}},{"start":{"line":25,"column":41},"end":{"line":25,"column":46}}],"line":25},"1":{"loc":{"start":{"line":26,"column":13},"end":{"line":26,"column":45}},"type":"binary-expr","locations":[{"start":{"line":26,"column":13},"end":{"line":26,"column":35}},{"start":{"line":26,"column":39},"end":{"line":26,"column":45}}],"line":26},"2":{"loc":{"start":{"line":34,"column":11},"end":{"line":34,"column":39}},"type":"binary-expr","locations":[{"start":{"line":34,"column":11},"end":{"line":34,"column":31}},{"start":{"line":34,"column":35},"end":{"line":34,"column":39}}],"line":34},"3":{"loc":{"start":{"line":35,"column":10},"end":{"line":35,"column":72}},"type":"binary-expr","locations":[{"start":{"line":35,"column":10},"end":{"line":35,"column":42}},{"start":{"line":35,"column":46},"end":{"line":35,"column":72}}],"line":35}},"s":{"0":1,"1":1,"2":1,"3":1,"4":1,"5":1,"6":1,"7":1,"8":1,"9":1,"10":1,"11":1,"12":1,"13":1,"14":1,"15":1,"16":1,"17":1,"18":1,"19":1,"20":1},"f":{"0":1,"1":1},"b":{"0":[1,0],"1":[1,0],"2":[1,0],"3":[1,0]},"inputSourceMap":{"version":3,"sources":["index.js"],"names":["require","config","express","bodyParser","cors","app","apis","use","json","urlencoded","extended","text","type","version","process","env","API_VERSION","prefix","API_PREFIX","req","res","status","send","message","APP_NAME","port","APP_PORT","url","APP_URL","listen","console","log","module","exports"],"mappings":";;AAAAA,OAAO,CAAC,QAAD,CAAP,CAAkBC,MAAlB;;AACA,IAAMC,OAAO,GAAGF,OAAO,CAAC,SAAD,CAAvB;;AACA,IAAMG,UAAU,GAAGH,OAAO,CAAC,aAAD,CAA1B;;AACA,IAAMI,IAAI,GAAGJ,OAAO,CAAC,MAAD,CAApB;;AAEA,IAAMK,GAAG,GAAGH,OAAO,EAAnB;;AACA,IAAMI,IAAI,GAAGN,OAAO,CAAC,cAAD,CAApB;;AAEAK,GAAG,CAACE,GAAJ,CAAQH,IAAI,EAAZ,E,CACA;;AACAC,GAAG,CAACE,GAAJ,CAAQJ,UAAU,CAACK,IAAX,EAAR;AACAH,GAAG,CAACE,GAAJ,CAAQJ,UAAU,CAACM,UAAX,CAAsB;AAACC,EAAAA,QAAQ,EAAE;AAAX,CAAtB,CAAR;AACAL,GAAG,CAACE,GAAJ,CAAQJ,UAAU,CAACQ,IAAX,EAAR;AACAN,GAAG,CAACE,GAAJ,CAAQJ,UAAU,CAACK,IAAX,CAAgB;AAAEI,EAAAA,IAAI,EAAE;AAAR,CAAhB,CAAR;AAOA,IAAMC,OAAO,GAAGC,OAAO,CAACC,GAAR,CAAYC,WAAZ,IAA2B,KAA3C;AACA,IAAMC,MAAM,GAAGH,OAAO,CAACC,GAAR,CAAYG,UAAZ,IAA0B,MAAzC;AAEAb,GAAG,CAACE,GAAJ,WAAWM,OAAX,SAAqBI,MAArB,GAA+BX,IAA/B;AAEAD,GAAG,CAACE,GAAJ,CAAQ,GAAR,EAAY,UAACY,GAAD,EAAMC,GAAN;AAAA,SAAcA,GAAG,CAACC,MAAJ,CAAW,GAAX,EAAgBC,IAAhB,CAAqB;AAC7CD,IAAAA,MAAM,EAAE,GADqC;AAE7CE,IAAAA,OAAO,EAAE,gBAAcT,OAAO,CAACC,GAAR,CAAYS;AAFU,GAArB,CAAd;AAAA,CAAZ;AASA,IAAMC,IAAI,GAAGX,OAAO,CAACC,GAAR,CAAYW,QAAZ,IAAwB,IAArC;AACA,IAAMC,GAAG,GAAGb,OAAO,CAACC,GAAR,CAAYa,OAAZ,GAAsB,GAAtB,GAA4BH,IAA5B,IAAoC,sBAAsBA,IAAtE;AAEApB,GAAG,CAACwB,MAAJ,CAAWJ,IAAX,EAAiB;AAAA,SAAMK,OAAO,CAACC,GAAR,CAAYjB,OAAO,CAACC,GAAR,CAAYS,QAAZ,GAAsB,MAAlC,iCAAkEG,GAAlE,EAAN;AAAA,CAAjB;AACAK,MAAM,CAACC,OAAP,GAAiB5B,GAAjB,C,CAEA;AACA;AAEA;AACA;AAEA;AACA;AAEA;AACA;AACA;AACA","sourceRoot":"C:\\Users\\GANZA\\Documents\\nodejs\\Tax24\\","sourcesContent":["require(\"dotenv\").config();\r\nconst express = require('express');\r\nconst bodyParser = require('body-parser');\r\nconst cors = require('cors');\r\n\r\nconst app = express();\r\nconst apis = require('./routes/api');\r\n\r\napp.use(cors());\r\n//parse application/json and look for raw text\r\napp.use(bodyParser.json());\r\napp.use(bodyParser.urlencoded({extended: true}));\r\napp.use(bodyParser.text());\r\napp.use(bodyParser.json({ type: 'application/json'}));\r\n\r\n\r\n\r\n\r\n\r\n\r\nconst version = process.env.API_VERSION || '/v1';\r\nconst prefix = process.env.API_PREFIX || '/api';\r\n\r\napp.use(`${version}${prefix}`, apis);\r\n\r\napp.use('/',(req, res) => res.status(200).send({\r\n  status: 200,\r\n  message: 'Welcome to '+process.env.APP_NAME,\r\n}));\r\n\r\n\r\n\r\n      \r\n\r\nconst port = process.env.APP_PORT || 4000;\r\nconst url = process.env.APP_URL + ':' + port || 'http://localhost:' + port;\r\n\r\napp.listen(port, () => console.log(process.env.APP_NAME+ ' api', `Server is running on ${url}`));\r\nmodule.exports = app;\r\n\r\n// Create Driver Model\r\n//npx sequelize-cli model:generate --name driver --attributes name:string,email:string,number:string,status:string,latitude:string,longitude:string,country:string,city:string,state:string,streetName:string,streetNumber:string\r\n\r\n// CREATE Rider Model \r\n// npx sequelize-cli model:generate --name rider --attributes name:string,email:string,number:string,status:string,latitude:string,longitude:string,country:string,city:string,state:string,streetName:string,streetNumber:string\r\n\r\n// CREATE Trip\r\n// npx sequelize-cli model:generate --name trip --attributes driverId:string,riderId:string,from:string,to:string,distance:string,status:string\r\n\r\n//CREATE DRIVER SEEDER\r\n//npx sequelize-cli seed:generate --name driver\r\n//npx sequelize-cli seed:generate --name rider\r\n//npx sequelize-cli seed:generate --name trip\r\n"]},"_coverageSchema":"1a1c01bbd47fc00a2c39e90264f33305004495a9","hash":"81eb43666a5822f73efc75db75ca2a6877250ea4","contentHash":"726af119d3dc225cf847563338e05de88390b476b868cbf6966d1efe947be114"},"C:\\Users\\GANZA\\Documents\\nodejs\\Tax24\\routes\\api\\index.js":{"path":"C:\\Users\\GANZA\\Documents\\nodejs\\Tax24\\routes\\api\\index.js","statementMap":{"0":{"start":{"line":3,"column":14},"end":{"line":3,"column":32}},"1":{"start":{"line":5,"column":19},"end":{"line":5,"column":39}},"2":{"start":{"line":7,"column":18},"end":{"line":7,"column":37}},"3":{"start":{"line":9,"column":17},"end":{"line":9,"column":35}},"4":{"start":{"line":11,"column":13},"end":{"line":11,"column":29}},"5":{"start":{"line":12,"column":0},"end":{"line":12,"column":37}},"6":{"start":{"line":13,"column":0},"end":{"line":13,"column":35}},"7":{"start":{"line":14,"column":0},"end":{"line":14,"column":33}},"8":{"start":{"line":15,"column":0},"end":{"line":15,"column":24}}},"fnMap":{},"branchMap":{},"s":{"0":1,"1":1,"2":1,"3":1,"4":1,"5":1,"6":1,"7":1,"8":1},"f":{},"b":{},"inputSourceMap":{"version":3,"sources":["index.js"],"names":["express","require","DriversRoute","RidersRoute","TripsRoute","router","Router","use","module","exports"],"mappings":";;AAAA,IAAMA,OAAO,GAAGC,OAAO,CAAC,SAAD,CAAvB;;AACA,IAAMC,YAAY,GAAGD,OAAO,CAAC,WAAD,CAA5B;;AACA,IAAME,WAAW,GAAGF,OAAO,CAAC,UAAD,CAA3B;;AACA,IAAMG,UAAU,GAAGH,OAAO,CAAC,SAAD,CAA1B;;AAEA,IAAMI,MAAM,GAAGL,OAAO,CAACM,MAAR,EAAf;AAEAD,MAAM,CAACE,GAAP,CAAW,UAAX,EAAuBL,YAAvB;AACAG,MAAM,CAACE,GAAP,CAAW,SAAX,EAAsBJ,WAAtB;AACAE,MAAM,CAACE,GAAP,CAAW,QAAX,EAAqBH,UAArB;AAEAI,MAAM,CAACC,OAAP,GAAiBJ,MAAjB","sourceRoot":"C:\\Users\\GANZA\\Documents\\nodejs\\Tax24\\routes\\api\\","sourcesContent":["const express = require('express');\r\nconst DriversRoute = require('./drivers');\r\nconst RidersRoute = require('./riders');\r\nconst TripsRoute = require('./trips');\r\n\r\nconst router = express.Router();\r\n\r\nrouter.use('/drivers', DriversRoute);\r\nrouter.use('/riders', RidersRoute);\r\nrouter.use('/trips', TripsRoute);\r\n\r\nmodule.exports = router;"]},"_coverageSchema":"1a1c01bbd47fc00a2c39e90264f33305004495a9","hash":"a3c9370ec98011d4b0531ebec2f55a4307c6c8d8","contentHash":"26f5428d31935c3eb4e325b913125afee4abbc0e7542cc80e44e70af4cab7e9d"},"C:\\Users\\GANZA\\Documents\\nodejs\\Tax24\\routes\\api\\drivers.js":{"path":"C:\\Users\\GANZA\\Documents\\nodejs\\Tax24\\routes\\api\\drivers.js","statementMap":{"0":{"start":{"line":3,"column":14},"end":{"line":3,"column":32}},"1":{"start":{"line":5,"column":24},"end":{"line":5,"column":75}},"2":{"start":{"line":7,"column":33},"end":{"line":7,"column":93}},"3":{"start":{"line":9,"column":13},"end":{"line":9,"column":29}},"4":{"start":{"line":11,"column":0},"end":{"line":11,"column":41}},"5":{"start":{"line":12,"column":0},"end":{"line":12,"column":78}},"6":{"start":{"line":13,"column":0},"end":{"line":13,"column":89}},"7":{"start":{"line":14,"column":0},"end":{"line":14,"column":49}},"8":{"start":{"line":15,"column":0},"end":{"line":15,"column":58}},"9":{"start":{"line":20,"column":0},"end":{"line":20,"column":24}}},"fnMap":{},"branchMap":{},"s":{"0":1,"1":1,"2":1,"3":1,"4":1,"5":1,"6":1,"7":1,"8":1,"9":1},"f":{},"b":{},"inputSourceMap":{"version":3,"sources":["drivers.js"],"names":["express","require","DriversController","DriverValidationMiddleware","router","Router","get","lists","post","request","store","patch","update","show","destroy","module","exports"],"mappings":";;AAAA,IAAMA,OAAO,GAAGC,OAAO,CAAC,SAAD,CAAvB;;AACA,IAAMC,iBAAiB,GAAGD,OAAO,CAAC,0CAAD,CAAjC;;AACA,IAAME,0BAA0B,GAAGF,OAAO,CAAC,mDAAD,CAA1C;;AACA,IAAMG,MAAM,GAAGJ,OAAO,CAACK,MAAR,EAAf,C,CAEA;;AAEAD,MAAM,CAACE,GAAP,CAAW,GAAX,EAAgBJ,iBAAiB,CAACK,KAAlC;AAEAH,MAAM,CAACI,IAAP,CAAY,GAAZ,EAAiBL,0BAA0B,CAACM,OAA5C,EAAqDP,iBAAiB,CAACQ,KAAvE;AACAN,MAAM,CAACO,KAAP,CAAc,YAAd,EAA4BR,0BAA0B,CAACM,OAAvD,EAAgEP,iBAAiB,CAACU,MAAlF;AACAR,MAAM,CAACE,GAAP,CAAY,YAAZ,EAA0BJ,iBAAiB,CAACW,IAA5C;AACAT,MAAM,UAAN,CAAe,YAAf,EAA6BF,iBAAiB,CAACY,OAA/C,E,CAEA;AACA;AACA;AAEA;;AAEAC,MAAM,CAACC,OAAP,GAAiBZ,MAAjB","sourceRoot":"C:\\Users\\GANZA\\Documents\\nodejs\\Tax24\\routes\\api\\","sourcesContent":["const express = require('express');\r\nconst DriversController = require('../../app/controllers/drivers.controller');\r\nconst DriverValidationMiddleware = require('../../app/middleware/driver-validation-middleware');\r\nconst router = express.Router();\r\n\r\n// ******************************** DRIVERS API ******************************************************\r\n\r\nrouter.get('/', DriversController.lists);\r\n\r\nrouter.post('/', DriverValidationMiddleware.request, DriversController.store)\r\nrouter.patch( '/:driverId', DriverValidationMiddleware.request, DriversController.update)\r\nrouter.get( '/:driverId', DriversController.show);\r\nrouter.delete( '/:driverId', DriversController.destroy);\r\n\r\n// router.get('/available', DriversController.getAvailableDrivers);\r\n// router.get('/closeto/:locationId', DriversController.getDriversWithinLocation);\r\n// router.get('/:driverId', DriversController.getSpecificDrivers);\r\n\r\n// ******************************** END DRIVERS API ***************************************************\r\n\r\nmodule.exports = router;"]},"_coverageSchema":"1a1c01bbd47fc00a2c39e90264f33305004495a9","hash":"2985f050a2d89bf8d3261c7fa3e3aa075bcce2f9","contentHash":"f92fb33a66a418ef8390b59bd486b6ea4f574fd79f553593c768eb1ad242a01b"},"C:\\Users\\GANZA\\Documents\\nodejs\\Tax24\\app\\controllers\\drivers.controller.js":{"path":"C:\\Users\\GANZA\\Documents\\nodejs\\Tax24\\app\\controllers\\drivers.controller.js","statementMap":{"0":{"start":{"line":3,"column":29},"end":{"line":3,"column":84}},"1":{"start":{"line":5,"column":23},"end":{"line":5,"column":95}},"2":{"start":{"line":7,"column":15},"end":{"line":7,"column":48}},"3":{"start":{"line":8,"column":14},"end":{"line":8,"column":30}},"4":{"start":{"line":9,"column":12},"end":{"line":9,"column":26}},"5":{"start":{"line":11,"column":16},"end":{"line":11,"column":44}},"6":{"start":{"line":12,"column":20},"end":{"line":12,"column":43}},"7":{"start":{"line":13,"column":20},"end":{"line":13,"column":43}},"8":{"start":{"line":15,"column":9},"end":{"line":15,"column":29}},"9":{"start":{"line":17,"column":9},"end":{"line":17,"column":24}},"10":{"start":{"line":19,"column":20},"end":{"line":19,"column":57}},"11":{"start":{"line":26,"column":0},"end":{"line":54,"column":2}},"12":{"start":{"line":27,"column":19},"end":{"line":27,"column":28}},"13":{"start":{"line":28,"column":13},"end":{"line":28,"column":28}},"14":{"start":{"line":29,"column":13},"end":{"line":29,"column":28}},"15":{"start":{"line":30,"column":13},"end":{"line":30,"column":28}},"16":{"start":{"line":32,"column":23},"end":{"line":32,"column":48}},"17":{"start":{"line":33,"column":14},"end":{"line":33,"column":34}},"18":{"start":{"line":34,"column":15},"end":{"line":34,"column":36}},"19":{"start":{"line":36,"column":18},"end":{"line":38,"column":10}},"20":{"start":{"line":39,"column":15},"end":{"line":43,"column":3}},"21":{"start":{"line":44,"column":2},"end":{"line":53,"column":5}},"22":{"start":{"line":45,"column":4},"end":{"line":50,"column":5}},"23":{"start":{"line":46,"column":21},"end":{"line":46,"column":53}},"24":{"start":{"line":47,"column":6},"end":{"line":47,"column":70}},"25":{"start":{"line":49,"column":6},"end":{"line":49,"column":49}},"26":{"start":{"line":52,"column":4},"end":{"line":52,"column":92}},"27":{"start":{"line":61,"column":0},"end":{"line":82,"column":2}},"28":{"start":{"line":63,"column":16},"end":{"line":75,"column":3}},"29":{"start":{"line":77,"column":2},"end":{"line":81,"column":5}},"30":{"start":{"line":78,"column":4},"end":{"line":78,"column":55}},"31":{"start":{"line":80,"column":4},"end":{"line":80,"column":92}},"32":{"start":{"line":84,"column":0},"end":{"line":100,"column":2}},"33":{"start":{"line":85,"column":11},"end":{"line":85,"column":30}},"34":{"start":{"line":87,"column":2},"end":{"line":89,"column":3}},"35":{"start":{"line":88,"column":4},"end":{"line":88,"column":68}},"36":{"start":{"line":91,"column":2},"end":{"line":99,"column":5}},"37":{"start":{"line":92,"column":4},"end":{"line":96,"column":5}},"38":{"start":{"line":93,"column":6},"end":{"line":93,"column":62}},"39":{"start":{"line":95,"column":6},"end":{"line":95,"column":48}},"40":{"start":{"line":98,"column":4},"end":{"line":98,"column":83}},"41":{"start":{"line":102,"column":0},"end":{"line":131,"column":2}},"42":{"start":{"line":103,"column":11},"end":{"line":103,"column":30}},"43":{"start":{"line":105,"column":2},"end":{"line":107,"column":3}},"44":{"start":{"line":106,"column":4},"end":{"line":106,"column":68}},"45":{"start":{"line":109,"column":16},"end":{"line":121,"column":3}},"46":{"start":{"line":122,"column":2},"end":{"line":130,"column":5}},"47":{"start":{"line":123,"column":4},"end":{"line":127,"column":5}},"48":{"start":{"line":124,"column":6},"end":{"line":124,"column":58}},"49":{"start":{"line":126,"column":6},"end":{"line":126,"column":106}},"50":{"start":{"line":129,"column":4},"end":{"line":129,"column":81}},"51":{"start":{"line":133,"column":0},"end":{"line":157,"column":2}},"52":{"start":{"line":134,"column":11},"end":{"line":134,"column":30}},"53":{"start":{"line":136,"column":2},"end":{"line":138,"column":3}},"54":{"start":{"line":137,"column":4},"end":{"line":137,"column":68}},"55":{"start":{"line":140,"column":2},"end":{"line":156,"column":3}},"56":{"start":{"line":141,"column":4},"end":{"line":145,"column":7}},"57":{"start":{"line":142,"column":6},"end":{"line":142,"column":70}},"58":{"start":{"line":144,"column":6},"end":{"line":144,"column":83}},"59":{"start":{"line":147,"column":4},"end":{"line":155,"column":7}},"60":{"start":{"line":148,"column":6},"end":{"line":152,"column":7}},"61":{"start":{"line":149,"column":8},"end":{"line":149,"column":75}},"62":{"start":{"line":151,"column":8},"end":{"line":151,"column":109}},"63":{"start":{"line":154,"column":6},"end":{"line":154,"column":83}}},"fnMap":{"0":{"name":"(anonymous_0)","decl":{"start":{"line":26,"column":16},"end":{"line":26,"column":17}},"loc":{"start":{"line":26,"column":36},"end":{"line":54,"column":1}},"line":26},"1":{"name":"(anonymous_1)","decl":{"start":{"line":44,"column":33},"end":{"line":44,"column":34}},"loc":{"start":{"line":44,"column":49},"end":{"line":51,"column":3}},"line":44},"2":{"name":"(anonymous_2)","decl":{"start":{"line":51,"column":14},"end":{"line":51,"column":15}},"loc":{"start":{"line":51,"column":29},"end":{"line":53,"column":3}},"line":51},"3":{"name":"(anonymous_3)","decl":{"start":{"line":61,"column":16},"end":{"line":61,"column":17}},"loc":{"start":{"line":61,"column":36},"end":{"line":82,"column":1}},"line":61},"4":{"name":"(anonymous_4)","decl":{"start":{"line":77,"column":35},"end":{"line":77,"column":36}},"loc":{"start":{"line":77,"column":53},"end":{"line":79,"column":3}},"line":77},"5":{"name":"(anonymous_5)","decl":{"start":{"line":79,"column":14},"end":{"line":79,"column":15}},"loc":{"start":{"line":79,"column":29},"end":{"line":81,"column":3}},"line":79},"6":{"name":"(anonymous_6)","decl":{"start":{"line":84,"column":15},"end":{"line":84,"column":16}},"loc":{"start":{"line":84,"column":35},"end":{"line":100,"column":1}},"line":84},"7":{"name":"(anonymous_7)","decl":{"start":{"line":91,"column":34},"end":{"line":91,"column":35}},"loc":{"start":{"line":91,"column":52},"end":{"line":97,"column":3}},"line":91},"8":{"name":"(anonymous_8)","decl":{"start":{"line":97,"column":14},"end":{"line":97,"column":15}},"loc":{"start":{"line":97,"column":29},"end":{"line":99,"column":3}},"line":97},"9":{"name":"(anonymous_9)","decl":{"start":{"line":102,"column":17},"end":{"line":102,"column":18}},"loc":{"start":{"line":102,"column":37},"end":{"line":131,"column":1}},"line":102},"10":{"name":"(anonymous_10)","decl":{"start":{"line":122,"column":41},"end":{"line":122,"column":42}},"loc":{"start":{"line":122,"column":56},"end":{"line":128,"column":3}},"line":122},"11":{"name":"(anonymous_11)","decl":{"start":{"line":128,"column":14},"end":{"line":128,"column":15}},"loc":{"start":{"line":128,"column":29},"end":{"line":130,"column":3}},"line":128},"12":{"name":"(anonymous_12)","decl":{"start":{"line":133,"column":18},"end":{"line":133,"column":19}},"loc":{"start":{"line":133,"column":38},"end":{"line":157,"column":1}},"line":133},"13":{"name":"(anonymous_13)","decl":{"start":{"line":141,"column":34},"end":{"line":141,"column":35}},"loc":{"start":{"line":141,"column":49},"end":{"line":143,"column":5}},"line":141},"14":{"name":"(anonymous_14)","decl":{"start":{"line":143,"column":16},"end":{"line":143,"column":17}},"loc":{"start":{"line":143,"column":31},"end":{"line":145,"column":5}},"line":143},"15":{"name":"(anonymous_15)","decl":{"start":{"line":147,"column":35},"end":{"line":147,"column":36}},"loc":{"start":{"line":147,"column":50},"end":{"line":153,"column":5}},"line":147},"16":{"name":"(anonymous_16)","decl":{"start":{"line":153,"column":16},"end":{"line":153,"column":17}},"loc":{"start":{"line":153,"column":31},"end":{"line":155,"column":5}},"line":153}},"branchMap":{"0":{"loc":{"start":{"line":36,"column":18},"end":{"line":38,"column":10}},"type":"cond-expr","locations":[{"start":{"line":36,"column":25},"end":{"line":38,"column":3}},{"start":{"line":38,"column":6},"end":{"line":38,"column":10}}],"line":36},"1":{"loc":{"start":{"line":45,"column":4},"end":{"line":50,"column":5}},"type":"if","locations":[{"start":{"line":45,"column":4},"end":{"line":50,"column":5}},{"start":{"line":45,"column":4},"end":{"line":50,"column":5}}],"line":45},"2":{"loc":{"start":{"line":52,"column":22},"end":{"line":52,"column":85}},"type":"binary-expr","locations":[{"start":{"line":52,"column":22},"end":{"line":52,"column":33}},{"start":{"line":52,"column":37},"end":{"line":52,"column":85}}],"line":52},"3":{"loc":{"start":{"line":80,"column":22},"end":{"line":80,"column":85}},"type":"binary-expr","locations":[{"start":{"line":80,"column":22},"end":{"line":80,"column":33}},{"start":{"line":80,"column":37},"end":{"line":80,"column":85}}],"line":80},"4":{"loc":{"start":{"line":87,"column":2},"end":{"line":89,"column":3}},"type":"if","locations":[{"start":{"line":87,"column":2},"end":{"line":89,"column":3}},{"start":{"line":87,"column":2},"end":{"line":89,"column":3}}],"line":87},"5":{"loc":{"start":{"line":88,"column":22},"end":{"line":88,"column":61}},"type":"binary-expr","locations":[{"start":{"line":88,"column":22},"end":{"line":88,"column":33}},{"start":{"line":88,"column":37},"end":{"line":88,"column":61}}],"line":88},"6":{"loc":{"start":{"line":92,"column":4},"end":{"line":96,"column":5}},"type":"if","locations":[{"start":{"line":92,"column":4},"end":{"line":96,"column":5}},{"start":{"line":92,"column":4},"end":{"line":96,"column":5}}],"line":92},"7":{"loc":{"start":{"line":98,"column":22},"end":{"line":98,"column":76}},"type":"binary-expr","locations":[{"start":{"line":98,"column":22},"end":{"line":98,"column":33}},{"start":{"line":98,"column":37},"end":{"line":98,"column":76}}],"line":98},"8":{"loc":{"start":{"line":105,"column":2},"end":{"line":107,"column":3}},"type":"if","locations":[{"start":{"line":105,"column":2},"end":{"line":107,"column":3}},{"start":{"line":105,"column":2},"end":{"line":107,"column":3}}],"line":105},"9":{"loc":{"start":{"line":106,"column":22},"end":{"line":106,"column":61}},"type":"binary-expr","locations":[{"start":{"line":106,"column":22},"end":{"line":106,"column":33}},{"start":{"line":106,"column":37},"end":{"line":106,"column":61}}],"line":106},"10":{"loc":{"start":{"line":123,"column":4},"end":{"line":127,"column":5}},"type":"if","locations":[{"start":{"line":123,"column":4},"end":{"line":127,"column":5}},{"start":{"line":123,"column":4},"end":{"line":127,"column":5}}],"line":123},"11":{"loc":{"start":{"line":129,"column":22},"end":{"line":129,"column":74}},"type":"binary-expr","locations":[{"start":{"line":129,"column":22},"end":{"line":129,"column":33}},{"start":{"line":129,"column":37},"end":{"line":129,"column":74}}],"line":129},"12":{"loc":{"start":{"line":136,"column":2},"end":{"line":138,"column":3}},"type":"if","locations":[{"start":{"line":136,"column":2},"end":{"line":138,"column":3}},{"start":{"line":136,"column":2},"end":{"line":138,"column":3}}],"line":136},"13":{"loc":{"start":{"line":137,"column":22},"end":{"line":137,"column":61}},"type":"binary-expr","locations":[{"start":{"line":137,"column":22},"end":{"line":137,"column":33}},{"start":{"line":137,"column":37},"end":{"line":137,"column":61}}],"line":137},"14":{"loc":{"start":{"line":140,"column":2},"end":{"line":156,"column":3}},"type":"if","locations":[{"start":{"line":140,"column":2},"end":{"line":156,"column":3}},{"start":{"line":140,"column":2},"end":{"line":156,"column":3}}],"line":140},"15":{"loc":{"start":{"line":144,"column":24},"end":{"line":144,"column":76}},"type":"binary-expr","locations":[{"start":{"line":144,"column":24},"end":{"line":144,"column":35}},{"start":{"line":144,"column":39},"end":{"line":144,"column":76}}],"line":144},"16":{"loc":{"start":{"line":148,"column":6},"end":{"line":152,"column":7}},"type":"if","locations":[{"start":{"line":148,"column":6},"end":{"line":152,"column":7}},{"start":{"line":148,"column":6},"end":{"line":152,"column":7}}],"line":148},"17":{"loc":{"start":{"line":154,"column":24},"end":{"line":154,"column":76}},"type":"binary-expr","locations":[{"start":{"line":154,"column":24},"end":{"line":154,"column":35}},{"start":{"line":154,"column":39},"end":{"line":154,"column":76}}],"line":154}},"s":{"0":1,"1":1,"2":1,"3":1,"4":1,"5":1,"6":1,"7":1,"8":1,"9":1,"10":1,"11":1,"12":1,"13":1,"14":1,"15":1,"16":1,"17":1,"18":1,"19":1,"20":1,"21":1,"22":1,"23":1,"24":1,"25":0,"26":0,"27":1,"28":1,"29":1,"30":1,"31":0,"32":1,"33":1,"34":1,"35":0,"36":1,"37":1,"38":1,"39":0,"40":0,"41":1,"42":1,"43":1,"44":0,"45":1,"46":1,"47":1,"48":1,"49":0,"50":0,"51":1,"52":1,"53":1,"54":0,"55":1,"56":1,"57":1,"58":0,"59":0,"60":0,"61":0,"62":0,"63":0},"f":{"0":1,"1":1,"2":0,"3":1,"4":1,"5":0,"6":1,"7":1,"8":0,"9":1,"10":1,"11":0,"12":1,"13":1,"14":0,"15":0,"16":0},"b":{"0":[0,1],"1":[1,0],"2":[0,0],"3":[0,0],"4":[0,1],"5":[0,0],"6":[1,0],"7":[0,0],"8":[0,1],"9":[0,0],"10":[1,0],"11":[0,0],"12":[0,1],"13":[0,0],"14":[1,0],"15":[0,0],"16":[0,0],"17":[0,0]},"inputSourceMap":{"version":3,"sources":["drivers.controller.js"],"names":["require","success","error","getPagingData","getPagination","db","Op","Sequelize","DriverService","exports","lists","req","res","query","page","size","name","limit","offset","condition","like","params","where","all","then","data","response","err","message","store","payload","body","email","number","status","latitude","longitude","country","city","state","streetName","streetNumber","save","driver","show","id","driverId","findById","update","num","destroy","truncate"],"mappings":";;;;;;AAAA,eAGIA,OAAO,CAAC,wBAAD,CAHX;AAAA,IACIC,OADJ,YACIA,OADJ;AAAA,IAEIC,KAFJ,YAEIA,KAFJ;;AAIA,gBAGIF,OAAO,CAAC,mBAAD,CAHX;AAAA,IACIG,aADJ,aACIA,aADJ;AAAA,IAEIC,aAFJ,aAEIA,aAFJ;;AAIA,IAAMC,EAAE,GAAGL,OAAO,CAAC,WAAD,CAAlB;;AACA,IAAMM,EAAE,GAAGD,EAAE,CAACE,SAAH,CAAaD,EAAxB;;AACA,IAAME,aAAa,GAAGR,OAAO,CAAC,4BAAD,CAA7B;AAEA;AACA;AACA;AACA;;;AAEAS,OAAO,CAACC,KAAR,GAAgB,UAACC,GAAD,EAAMC,GAAN,EAAc;AAE1B,mBAIID,GAAG,CAACE,KAJR;AAAA,MACIC,IADJ,cACIA,IADJ;AAAA,MAEIC,IAFJ,cAEIA,IAFJ;AAAA,MAGIC,IAHJ,cAGIA,IAHJ;;AAKA,uBAGIZ,aAAa,CAACU,IAAD,EAAOC,IAAP,CAHjB;AAAA,MACIE,KADJ,kBACIA,KADJ;AAAA,MAEIC,MAFJ,kBAEIA,MAFJ;;AAIA,MAAIC,SAAS,GAAGH,IAAI,GAAG;AACnBA,IAAAA,IAAI,uCACCV,EAAE,CAACc,IADJ,aACeJ,IADf;AADe,GAAH,GAIhB,IAJJ;AAKA,MAAIK,MAAM,GAAG;AACTC,IAAAA,KAAK,EAAEH,SADE;AAETF,IAAAA,KAAK,EAALA,KAFS;AAGTC,IAAAA,MAAM,EAANA;AAHS,GAAb;AAMAV,EAAAA,aAAa,CAACe,GAAd,CAAkBF,MAAlB,EACKG,IADL,CACU,UAAAC,IAAI,EAAI;AACV,QAAIA,IAAJ,EAAU;AACN,UAAMC,QAAQ,GAAGvB,aAAa,CAACsB,IAAD,EAAOX,IAAP,EAAaG,KAAb,CAA9B;AACA,aAAOhB,OAAO,CAACW,GAAD,EAAM,2BAAN,EAAmC,GAAnC,EAAwCc,QAAxC,CAAd;AACH,KAHD,MAGO;AACH,aAAOxB,KAAK,CAACU,GAAD,EAAM,kBAAN,EAA0B,GAA1B,CAAZ;AACH;AAEJ,GATL,WAUW,UAAAe,GAAG,EAAI;AACV,WAAOzB,KAAK,CAACU,GAAD,EAAMe,GAAG,CAACC,OAAJ,IAAe,gDAArB,EAAuE,GAAvE,CAAZ;AAEH,GAbL;AAcH,CApCD;AAsCA;AACA;AACA;AACA;;;AAEAnB,OAAO,CAACoB,KAAR,GAAgB,UAAClB,GAAD,EAAMC,GAAN,EAAc;AAE1B;AACA,MAAMkB,OAAO,GAAG;AACZd,IAAAA,IAAI,EAAEL,GAAG,CAACoB,IAAJ,CAASf,IADH;AAEZgB,IAAAA,KAAK,EAAErB,GAAG,CAACoB,IAAJ,CAASC,KAFJ;AAGZC,IAAAA,MAAM,EAAEtB,GAAG,CAACoB,IAAJ,CAASE,MAHL;AAIZC,IAAAA,MAAM,EAAEvB,GAAG,CAACoB,IAAJ,CAASG,MAJL;AAKZC,IAAAA,QAAQ,EAAExB,GAAG,CAACoB,IAAJ,CAASI,QALP;AAMZC,IAAAA,SAAS,EAAEzB,GAAG,CAACoB,IAAJ,CAASK,SANR;AAOZC,IAAAA,OAAO,EAAE1B,GAAG,CAACoB,IAAJ,CAASM,OAPN;AAQZC,IAAAA,IAAI,EAAE3B,GAAG,CAACoB,IAAJ,CAASO,IARH;AASZC,IAAAA,KAAK,EAAE5B,GAAG,CAACoB,IAAJ,CAASQ,KATJ;AAUZC,IAAAA,UAAU,EAAE7B,GAAG,CAACoB,IAAJ,CAASS,UAVT;AAWZC,IAAAA,YAAY,EAAE9B,GAAG,CAACoB,IAAJ,CAASU;AAXX,GAAhB,CAH0B,CAiB1B;;AAEAjC,EAAAA,aAAa,CAACkC,IAAd,CAAmBZ,OAAnB,EACKN,IADL,CACU,UAAAmB,MAAM,EAAI;AACZ,WAAO1C,OAAO,CAACW,GAAD,EAAM,gBAAN,EAAwB,GAAxB,EAA6B+B,MAA7B,CAAd;AACH,GAHL,WAIW,UAAAhB,GAAG,EAAI;AACV,WAAOzB,KAAK,CAACU,GAAD,EAAMe,GAAG,CAACC,OAAJ,IAAe,gDAArB,EAAuE,GAAvE,CAAZ;AAEH,GAPL;AAQH,CA3BD;;AA6BAnB,OAAO,CAACmC,IAAR,GAAe,UAACjC,GAAD,EAAMC,GAAN,EAAc;AACzB,MAAMiC,EAAE,GAAGlC,GAAG,CAACU,MAAJ,CAAWyB,QAAtB;;AACA,MAAI,CAACD,EAAL,EAAS;AACL,WAAO3C,KAAK,CAACU,GAAD,EAAMe,GAAG,CAACC,OAAJ,IAAe,wBAArB,EAA+C,GAA/C,CAAZ;AACH;;AAEDpB,EAAAA,aAAa,CAACuC,QAAd,CAAuBF,EAAvB,EACKrB,IADL,CACU,UAAAmB,MAAM,EAAI;AACZ,QAAIA,MAAJ,EAAY;AACR,aAAO1C,OAAO,CAACW,GAAD,EAAM,qBAAN,EAA6B,GAA7B,EAAkC+B,MAAlC,CAAd;AACH,KAFD,MAEO;AACH,aAAOzC,KAAK,CAACU,GAAD,EAAM,iBAAN,EAAyB,GAAzB,CAAZ;AACH;AACJ,GAPL,WAQW,UAAAe,GAAG,EAAI;AACV,WAAOzB,KAAK,CAACU,GAAD,EAAMe,GAAG,CAACC,OAAJ,IAAe,qCAAqCiB,EAA1D,EAA8D,GAA9D,CAAZ;AAEH,GAXL;AAYH,CAlBD;;AAmBApC,OAAO,CAACuC,MAAR,GAAiB,UAACrC,GAAD,EAAMC,GAAN,EAAc;AAC3B,MAAMiC,EAAE,GAAGlC,GAAG,CAACU,MAAJ,CAAWyB,QAAtB;;AACA,MAAI,CAACD,EAAL,EAAS;AACL,WAAO3C,KAAK,CAACU,GAAD,EAAMe,GAAG,CAACC,OAAJ,IAAe,wBAArB,EAA+C,GAA/C,CAAZ;AACH;;AACD,MAAME,OAAO,GAAG;AACZd,IAAAA,IAAI,EAAEL,GAAG,CAACoB,IAAJ,CAASf,IADH;AAEZgB,IAAAA,KAAK,EAAErB,GAAG,CAACoB,IAAJ,CAASC,KAFJ;AAGZC,IAAAA,MAAM,EAAEtB,GAAG,CAACoB,IAAJ,CAASE,MAHL;AAIZC,IAAAA,MAAM,EAAEvB,GAAG,CAACoB,IAAJ,CAASG,MAJL;AAKZC,IAAAA,QAAQ,EAAExB,GAAG,CAACoB,IAAJ,CAASI,QALP;AAMZC,IAAAA,SAAS,EAAEzB,GAAG,CAACoB,IAAJ,CAASK,SANR;AAOZC,IAAAA,OAAO,EAAE1B,GAAG,CAACoB,IAAJ,CAASM,OAPN;AAQZC,IAAAA,IAAI,EAAE3B,GAAG,CAACoB,IAAJ,CAASO,IARH;AASZC,IAAAA,KAAK,EAAE5B,GAAG,CAACoB,IAAJ,CAASQ,KATJ;AAUZC,IAAAA,UAAU,EAAE7B,GAAG,CAACoB,IAAJ,CAASS,UAVT;AAWZC,IAAAA,YAAY,EAAE9B,GAAG,CAACoB,IAAJ,CAASU;AAXX,GAAhB;AAcAjC,EAAAA,aAAa,CAACwC,MAAd,CAAqBlB,OAArB,EAA8Be,EAA9B,EACKrB,IADL,CACU,UAAAyB,GAAG,EAAI;AAET,QAAIA,GAAG,IAAI,CAAX,EAAc;AACV,aAAOhD,OAAO,CAACW,GAAD,EAAM,gBAAN,EAAwB,GAAxB,EAA6BkB,OAA7B,CAAd;AACH,KAFD,MAEO;AACH,aAAO5B,KAAK,CAACU,GAAD,yCAAsCiC,EAAtC,oCAAyE,GAAzE,CAAZ;AACH;AACJ,GARL,WASW,UAAAlB,GAAG,EAAI;AACV,WAAOzB,KAAK,CAACU,GAAD,EAAMe,GAAG,CAACC,OAAJ,IAAe,mCAAmCiB,EAAxD,EAA4D,GAA5D,CAAZ;AAEH,GAZL;AAaH,CAhCD;;AAkCApC,OAAO,CAACyC,OAAR,GAAkB,UAACvC,GAAD,EAAMC,GAAN,EAAc;AAC5B,MAAMiC,EAAE,GAAGlC,GAAG,CAACU,MAAJ,CAAWyB,QAAtB;;AACA,MAAI,CAACD,EAAL,EAAS;AACL,WAAO3C,KAAK,CAACU,GAAD,EAAMe,GAAG,CAACC,OAAJ,IAAe,wBAArB,EAA+C,GAA/C,CAAZ;AACH;;AAED,MAAIiB,EAAE,IAAI,WAAV,EAAuB;AACnBrC,IAAAA,aAAa,CAAC2C,QAAd,GACK3B,IADL,CACU,UAAAyB,GAAG,EAAI;AACT,aAAOhD,OAAO,CAACW,GAAD,EAAM,+BAAN,EAAuC,GAAvC,EAA4C,IAA5C,CAAd;AACH,KAHL,WAIW,UAAAe,GAAG,EAAI;AACV,aAAOzB,KAAK,CAACU,GAAD,EAAMe,GAAG,CAACC,OAAJ,IAAe,mCAAmCiB,EAAxD,EAA4D,GAA5D,CAAZ;AAEH,KAPL;AAQH,GATD,MASO;AACHrC,IAAAA,aAAa,CAAC0C,OAAd,CAAsBL,EAAtB,EACKrB,IADL,CACU,UAAAyB,GAAG,EAAI;AAET,UAAIA,GAAG,IAAI,CAAX,EAAc;AACV,eAAOhD,OAAO,CAACW,GAAD,EAAM,kCAAN,EAA0C,GAA1C,EAA+C,IAA/C,CAAd;AACH,OAFD,MAEO;AACH,eAAOV,KAAK,CAACU,GAAD,0CAAuCiC,EAAvC,oCAA0E,GAA1E,CAAZ;AACH;AACJ,KARL,WASW,UAAAlB,GAAG,EAAI;AACV,aAAOzB,KAAK,CAACU,GAAD,EAAMe,GAAG,CAACC,OAAJ,IAAe,mCAAmCiB,EAAxD,EAA4D,GAA5D,CAAZ;AAEH,KAZL;AAaH;AACJ,CA9BD","sourceRoot":"C:\\Users\\GANZA\\Documents\\nodejs\\Tax24\\app\\controllers\\","sourcesContent":["const {\r\n    success,\r\n    error\r\n} = require(\"../helpers/apiResponse\");\r\nconst {\r\n    getPagingData,\r\n    getPagination\r\n} = require(\"../helpers/common\");\r\nconst db = require(\"../models\");\r\nconst Op = db.Sequelize.Op;\r\nconst DriverService = require(\"../services/driver.service\");\r\n\r\n/*\r\n * @lists Method\r\n *  - Get a list of all drivers\r\n */\r\n\r\nexports.lists = (req, res) => {\r\n\r\n    const {\r\n        page,\r\n        size,\r\n        name\r\n    } = req.query;\r\n    const {\r\n        limit,\r\n        offset\r\n    } = getPagination(page, size);\r\n    var condition = name ? {\r\n        name: {\r\n            [Op.like]: `%${name}%`\r\n        }\r\n    } : null;\r\n    var params = {\r\n        where: condition,\r\n        limit,\r\n        offset\r\n    };\r\n\r\n    DriverService.all(params)\r\n        .then(data => {\r\n            if (data) {\r\n                const response = getPagingData(data, page, limit);\r\n                return success(res, \"Get a list of all drivers\", 200, response);\r\n            } else {\r\n                return error(res, \"No Drivers found\", 404);\r\n            }\r\n\r\n        })\r\n        .catch(err => {\r\n            return error(res, err.message || \"Some error occurred while getting the Drivers.\", 500);\r\n\r\n        });\r\n};\r\n\r\n/*\r\n * @store Method\r\n *  - Store a driver\r\n */\r\n\r\nexports.store = (req, res) => {\r\n\r\n    // Create a Driver\r\n    const payload = {\r\n        name: req.body.name,\r\n        email: req.body.email,\r\n        number: req.body.number,\r\n        status: req.body.status,\r\n        latitude: req.body.latitude,\r\n        longitude: req.body.longitude,\r\n        country: req.body.country,\r\n        city: req.body.city,\r\n        state: req.body.state,\r\n        streetName: req.body.streetName,\r\n        streetNumber: req.body.streetNumber\r\n    };\r\n\r\n    // Save Driver in the database\r\n\r\n    DriverService.save(payload)\r\n        .then(driver => {\r\n            return success(res, \"Driver Created\", 201, driver);\r\n        })\r\n        .catch(err => {\r\n            return error(res, err.message || \"Some error occurred while creating the Driver.\", 500);\r\n\r\n        });\r\n};\r\n\r\nexports.show = (req, res) => {\r\n    const id = req.params.driverId;\r\n    if (!id) {\r\n        return error(res, err.message || \"Driver Id is required \", 400);\r\n    }\r\n\r\n    DriverService.findById(id)\r\n        .then(driver => {\r\n            if (driver) {\r\n                return success(res, \"Retrieving a driver\", 200, driver);\r\n            } else {\r\n                return error(res, \"No Driver found\", 404);\r\n            }\r\n        })\r\n        .catch(err => {\r\n            return error(res, err.message || \"Error retrieving Driver with id=\" + id, 500);\r\n\r\n        });\r\n};\r\nexports.update = (req, res) => {\r\n    const id = req.params.driverId;\r\n    if (!id) {\r\n        return error(res, err.message || \"Driver Id is required \", 400);\r\n    }\r\n    const payload = {\r\n        name: req.body.name,\r\n        email: req.body.email,\r\n        number: req.body.number,\r\n        status: req.body.status,\r\n        latitude: req.body.latitude,\r\n        longitude: req.body.longitude,\r\n        country: req.body.country,\r\n        city: req.body.city,\r\n        state: req.body.state,\r\n        streetName: req.body.streetName,\r\n        streetNumber: req.body.streetNumber\r\n    };\r\n\r\n    DriverService.update(payload, id)\r\n        .then(num => {\r\n\r\n            if (num == 1) {\r\n                return success(res, \"Driver updated\", 200, payload);\r\n            } else {\r\n                return error(res, `Cannot update Driver with id=${id}. Maybe Driver was not found!`, 400);\r\n            }\r\n        })\r\n        .catch(err => {\r\n            return error(res, err.message || \"Error updating Driver with id=\" + id, 500);\r\n\r\n        });\r\n};\r\n\r\nexports.destroy = (req, res) => {\r\n    const id = req.params.driverId;\r\n    if (!id) {\r\n        return error(res, err.message || \"Driver Id is required \", 400);\r\n    }\r\n\r\n    if (id == 'deleteAll') {\r\n        DriverService.truncate()\r\n            .then(num => {\r\n                return success(res, \"Drivers deleted successfully.\", 200, null);\r\n            })\r\n            .catch(err => {\r\n                return error(res, err.message || \"Error deleting Driver with id=\" + id, 500);\r\n\r\n            });\r\n    } else {\r\n        DriverService.destroy(id)\r\n            .then(num => {\r\n\r\n                if (num == 1) {\r\n                    return success(res, \"Driver was deleted successfully.\", 204, null);\r\n                } else {\r\n                    return error(res, `Cannot deleted Driver with id=${id}. Maybe Driver was not found!`, 400);\r\n                }\r\n            })\r\n            .catch(err => {\r\n                return error(res, err.message || \"Error deleting Driver with id=\" + id, 500);\r\n\r\n            });\r\n    }\r\n};"]},"_coverageSchema":"1a1c01bbd47fc00a2c39e90264f33305004495a9","hash":"d69829034a7eec189dd73c9f931317da2a00a756","contentHash":"5774dd11786ac8b4b9e14041634bca89f9649b13399d62aee6039793a310bdb9"},"C:\\Users\\GANZA\\Documents\\nodejs\\Tax24\\app\\helpers\\apiResponse.js":{"path":"C:\\Users\\GANZA\\Documents\\nodejs\\Tax24\\app\\helpers\\apiResponse.js","statementMap":{"0":{"start":{"line":6,"column":0},"end":{"line":20,"column":2}},"1":{"start":{"line":8,"column":4},"end":{"line":11,"column":7}},"2":{"start":{"line":14,"column":4},"end":{"line":18,"column":7}}},"fnMap":{"0":{"name":"error","decl":{"start":{"line":7,"column":18},"end":{"line":7,"column":23}},"loc":{"start":{"line":7,"column":42},"end":{"line":12,"column":3}},"line":7},"1":{"name":"success","decl":{"start":{"line":13,"column":20},"end":{"line":13,"column":27}},"loc":{"start":{"line":13,"column":52},"end":{"line":19,"column":3}},"line":13}},"branchMap":{},"s":{"0":1,"1":0,"2":15},"f":{"0":0,"1":15},"b":{},"inputSourceMap":{"version":3,"sources":["apiResponse.js"],"names":["module","exports","error","res","msg","status","json","success","data","message"],"mappings":";;AAAA;AACA;AACA;AACCA,MAAM,CAACC,OAAP,GAAiB;AAEbC,EAAAA,KAAK,EAAC,eAACC,GAAD,EAAMC,GAAN,EAAWC,MAAX,EAAqB;AAC1B,WAAOF,GAAG,CAACE,MAAJ,CAAWA,MAAX,EAAmBC,IAAnB,CAAwB;AAC7BD,MAAAA,MAAM,EAANA,MAD6B;AAE7BH,MAAAA,KAAK,EAAEE;AAFsB,KAAxB,CAAP;AAID,GAPa;AASbG,EAAAA,OAAO,EAAC,iBAACJ,GAAD,EAAMC,GAAN,EAAWC,MAAX,EAAmBG,IAAnB,EAA2B;AAClC,WAAOL,GAAG,CAACE,MAAJ,CAAWA,MAAX,EAAmBC,IAAnB,CAAwB;AAC7BD,MAAAA,MAAM,EAANA,MAD6B;AAE7BI,MAAAA,OAAO,EAAEL,GAFoB;AAG7BI,MAAAA,IAAI,EAAJA;AAH6B,KAAxB,CAAP;AAKD;AAfa,CAAjB","sourceRoot":"C:\\Users\\GANZA\\Documents\\nodejs\\Tax24\\app\\helpers\\","sourcesContent":["/**\r\n * it should return success and error reponse\r\n */\r\n module.exports = {\r\n\r\n     error:(res, msg, status)=> {\r\n      return res.status(status).json({\r\n        status,\r\n        error: msg,\r\n      });\r\n    },\r\n  \r\n     success:(res, msg, status, data) =>{\r\n      return res.status(status).json({\r\n        status,\r\n        message: msg,\r\n        data,\r\n      });\r\n    }\r\n  }"]},"_coverageSchema":"1a1c01bbd47fc00a2c39e90264f33305004495a9","hash":"43641cf881168d37fc583298c569824a2f036f41","contentHash":"8e58eca38208e2f7f799245ec29dff740e26fd15605228c10ef33bdada662b78"},"C:\\Users\\GANZA\\Documents\\nodejs\\Tax24\\app\\helpers\\common.js":{"path":"C:\\Users\\GANZA\\Documents\\nodejs\\Tax24\\app\\helpers\\common.js","statementMap":{"0":{"start":{"line":3,"column":20},"end":{"line":10,"column":1}},"1":{"start":{"line":4,"column":14},"end":{"line":4,"column":30}},"2":{"start":{"line":5,"column":15},"end":{"line":5,"column":38}},"3":{"start":{"line":6,"column":2},"end":{"line":9,"column":4}},"4":{"start":{"line":12,"column":20},"end":{"line":23,"column":1}},"5":{"start":{"line":13,"column":19},"end":{"line":13,"column":29}},"6":{"start":{"line":14,"column":18},"end":{"line":14,"column":27}},"7":{"start":{"line":15,"column":20},"end":{"line":15,"column":36}},"8":{"start":{"line":16,"column":19},"end":{"line":16,"column":48}},"9":{"start":{"line":17,"column":2},"end":{"line":22,"column":4}},"10":{"start":{"line":25,"column":0},"end":{"line":28,"column":2}}},"fnMap":{"0":{"name":"getPagination","decl":{"start":{"line":3,"column":29},"end":{"line":3,"column":42}},"loc":{"start":{"line":3,"column":55},"end":{"line":10,"column":1}},"line":3},"1":{"name":"getPagingData","decl":{"start":{"line":12,"column":29},"end":{"line":12,"column":42}},"loc":{"start":{"line":12,"column":62},"end":{"line":23,"column":1}},"line":12}},"branchMap":{"0":{"loc":{"start":{"line":4,"column":14},"end":{"line":4,"column":30}},"type":"cond-expr","locations":[{"start":{"line":4,"column":21},"end":{"line":4,"column":26}},{"start":{"line":4,"column":29},"end":{"line":4,"column":30}}],"line":4},"1":{"loc":{"start":{"line":5,"column":15},"end":{"line":5,"column":38}},"type":"cond-expr","locations":[{"start":{"line":5,"column":22},"end":{"line":5,"column":34}},{"start":{"line":5,"column":37},"end":{"line":5,"column":38}}],"line":5},"2":{"loc":{"start":{"line":15,"column":20},"end":{"line":15,"column":36}},"type":"cond-expr","locations":[{"start":{"line":15,"column":27},"end":{"line":15,"column":32}},{"start":{"line":15,"column":35},"end":{"line":15,"column":36}}],"line":15}},"s":{"0":1,"1":3,"2":3,"3":3,"4":1,"5":3,"6":3,"7":3,"8":3,"9":3,"10":1},"f":{"0":3,"1":3},"b":{"0":[0,3],"1":[0,3],"2":[0,3]},"inputSourceMap":{"version":3,"sources":["common.js"],"names":["getPagination","page","size","limit","offset","getPagingData","data","totalItems","count","tutorials","rows","currentPage","totalPages","Math","ceil","module","exports"],"mappings":";;AAAA,IAAMA,aAAa,GAAG,SAAhBA,aAAgB,CAACC,IAAD,EAAOC,IAAP,EAAgB;AAClC,MAAMC,KAAK,GAAGD,IAAI,GAAG,CAACA,IAAJ,GAAW,CAA7B;AACA,MAAME,MAAM,GAAGH,IAAI,GAAGA,IAAI,GAAGE,KAAV,GAAkB,CAArC;AAEA,SAAO;AAAEA,IAAAA,KAAK,EAALA,KAAF;AAASC,IAAAA,MAAM,EAANA;AAAT,GAAP;AACD,CALH;;AAOE,IAAMC,aAAa,GAAG,SAAhBA,aAAgB,CAACC,IAAD,EAAOL,IAAP,EAAaE,KAAb,EAAuB;AAC3C,MAAeI,UAAf,GAA+CD,IAA/C,CAAQE,KAAR;AAAA,MAAiCC,SAAjC,GAA+CH,IAA/C,CAA2BI,IAA3B;AACA,MAAMC,WAAW,GAAGV,IAAI,GAAG,CAACA,IAAJ,GAAW,CAAnC;AACA,MAAMW,UAAU,GAAGC,IAAI,CAACC,IAAL,CAAUP,UAAU,GAAGJ,KAAvB,CAAnB;AAEA,SAAO;AAAEI,IAAAA,UAAU,EAAVA,UAAF;AAAcE,IAAAA,SAAS,EAATA,SAAd;AAAyBG,IAAAA,UAAU,EAAVA,UAAzB;AAAqCD,IAAAA,WAAW,EAAXA;AAArC,GAAP;AACD,CAND;;AAQAI,MAAM,CAACC,OAAP,GAAiB;AAAChB,EAAAA,aAAa,EAAbA,aAAD;AAAeK,EAAAA,aAAa,EAAbA;AAAf,CAAjB","sourceRoot":"C:\\Users\\GANZA\\Documents\\nodejs\\Tax24\\app\\helpers\\","sourcesContent":["const getPagination = (page, size) => {\r\n    const limit = size ? +size : 3;\r\n    const offset = page ? page * limit : 0;\r\n  \r\n    return { limit, offset };\r\n  };\r\n  \r\n  const getPagingData = (data, page, limit) => {\r\n    const { count: totalItems, rows: tutorials } = data;\r\n    const currentPage = page ? +page : 0;\r\n    const totalPages = Math.ceil(totalItems / limit);\r\n  \r\n    return { totalItems, tutorials, totalPages, currentPage };\r\n  };\r\n\r\n  module.exports = {getPagination,getPagingData};"]},"_coverageSchema":"1a1c01bbd47fc00a2c39e90264f33305004495a9","hash":"2f2e7ac9b83be62416b1cf60fd2c50057d2de318","contentHash":"c49cae5b39d5c39ebc86a40df3edf1c7b155ac6b109884df3fa8b4a7af727952"},"C:\\Users\\GANZA\\Documents\\nodejs\\Tax24\\app\\models\\index.js":{"path":"C:\\Users\\GANZA\\Documents\\nodejs\\Tax24\\app\\models\\index.js","statementMap":{"0":{"start":{"line":3,"column":9},"end":{"line":3,"column":22}},"1":{"start":{"line":5,"column":11},"end":{"line":5,"column":26}},"2":{"start":{"line":7,"column":16},"end":{"line":7,"column":36}},"3":{"start":{"line":9,"column":15},"end":{"line":9,"column":40}},"4":{"start":{"line":10,"column":10},"end":{"line":10,"column":47}},"5":{"start":{"line":12,"column":13},"end":{"line":12,"column":61}},"6":{"start":{"line":14,"column":9},"end":{"line":14,"column":11}},"7":{"start":{"line":17,"column":0},"end":{"line":21,"column":1}},"8":{"start":{"line":18,"column":2},"end":{"line":18,"column":74}},"9":{"start":{"line":20,"column":2},"end":{"line":20,"column":87}},"10":{"start":{"line":23,"column":0},"end":{"line":29,"column":3}},"11":{"start":{"line":24,"column":2},"end":{"line":24,"column":82}},"12":{"start":{"line":26,"column":14},"end":{"line":26,"column":81}},"13":{"start":{"line":28,"column":2},"end":{"line":28,"column":25}},"14":{"start":{"line":30,"column":0},"end":{"line":34,"column":3}},"15":{"start":{"line":31,"column":2},"end":{"line":33,"column":3}},"16":{"start":{"line":32,"column":4},"end":{"line":32,"column":32}},"17":{"start":{"line":35,"column":0},"end":{"line":35,"column":25}},"18":{"start":{"line":36,"column":0},"end":{"line":36,"column":25}},"19":{"start":{"line":37,"column":0},"end":{"line":37,"column":20}}},"fnMap":{"0":{"name":"(anonymous_0)","decl":{"start":{"line":23,"column":33},"end":{"line":23,"column":34}},"loc":{"start":{"line":23,"column":49},"end":{"line":25,"column":1}},"line":23},"1":{"name":"(anonymous_1)","decl":{"start":{"line":25,"column":11},"end":{"line":25,"column":12}},"loc":{"start":{"line":25,"column":27},"end":{"line":29,"column":1}},"line":25},"2":{"name":"(anonymous_2)","decl":{"start":{"line":30,"column":24},"end":{"line":30,"column":25}},"loc":{"start":{"line":30,"column":45},"end":{"line":34,"column":1}},"line":30}},"branchMap":{"0":{"loc":{"start":{"line":10,"column":10},"end":{"line":10,"column":47}},"type":"binary-expr","locations":[{"start":{"line":10,"column":10},"end":{"line":10,"column":30}},{"start":{"line":10,"column":34},"end":{"line":10,"column":47}}],"line":10},"1":{"loc":{"start":{"line":17,"column":0},"end":{"line":21,"column":1}},"type":"if","locations":[{"start":{"line":17,"column":0},"end":{"line":21,"column":1}},{"start":{"line":17,"column":0},"end":{"line":21,"column":1}}],"line":17},"2":{"loc":{"start":{"line":24,"column":9},"end":{"line":24,"column":81}},"type":"binary-expr","locations":[{"start":{"line":24,"column":9},"end":{"line":24,"column":32}},{"start":{"line":24,"column":36},"end":{"line":24,"column":53}},{"start":{"line":24,"column":57},"end":{"line":24,"column":81}}],"line":24},"3":{"loc":{"start":{"line":31,"column":2},"end":{"line":33,"column":3}},"type":"if","locations":[{"start":{"line":31,"column":2},"end":{"line":33,"column":3}},{"start":{"line":31,"column":2},"end":{"line":33,"column":3}}],"line":31}},"s":{"0":1,"1":1,"2":1,"3":1,"4":1,"5":1,"6":1,"7":1,"8":0,"9":1,"10":1,"11":4,"12":3,"13":3,"14":1,"15":3,"16":3,"17":1,"18":1,"19":1},"f":{"0":4,"1":3,"2":3},"b":{"0":[1,0],"1":[0,1],"2":[4,4,3],"3":[3,0]},"inputSourceMap":{"version":3,"sources":["index.js"],"names":["fs","require","path","Sequelize","basename","__filename","env","process","NODE_ENV","config","__dirname","db","sequelize","use_env_variable","database","username","password","readdirSync","filter","file","indexOf","slice","forEach","model","join","DataTypes","name","Object","keys","modelName","associate","module","exports"],"mappings":"AAAA;;AAEA,IAAMA,EAAE,GAAGC,OAAO,CAAC,IAAD,CAAlB;;AACA,IAAMC,IAAI,GAAGD,OAAO,CAAC,MAAD,CAApB;;AACA,IAAME,SAAS,GAAGF,OAAO,CAAC,WAAD,CAAzB;;AACA,IAAMG,QAAQ,GAAGF,IAAI,CAACE,QAAL,CAAcC,UAAd,CAAjB;AACA,IAAMC,GAAG,GAAGC,OAAO,CAACD,GAAR,CAAYE,QAAZ,IAAwB,aAApC;;AACA,IAAMC,MAAM,GAAGR,OAAO,CAACS,SAAS,GAAG,sBAAb,CAAP,CAA4CJ,GAA5C,CAAf;;AACA,IAAMK,EAAE,GAAG,EAAX;AAEA,IAAIC,SAAJ;;AACA,IAAIH,MAAM,CAACI,gBAAX,EAA6B;AAC3BD,EAAAA,SAAS,GAAG,IAAIT,SAAJ,CAAcI,OAAO,CAACD,GAAR,CAAYG,MAAM,CAACI,gBAAnB,CAAd,EAAoDJ,MAApD,CAAZ;AACD,CAFD,MAEO;AACLG,EAAAA,SAAS,GAAG,IAAIT,SAAJ,CAAcM,MAAM,CAACK,QAArB,EAA+BL,MAAM,CAACM,QAAtC,EAAgDN,MAAM,CAACO,QAAvD,EAAiEP,MAAjE,CAAZ;AACD;;AAEDT,EAAE,CACCiB,WADH,CACeP,SADf,EAEGQ,MAFH,CAEU,UAAAC,IAAI,EAAI;AACd,SAAQA,IAAI,CAACC,OAAL,CAAa,GAAb,MAAsB,CAAvB,IAA8BD,IAAI,KAAKf,QAAvC,IAAqDe,IAAI,CAACE,KAAL,CAAW,CAAC,CAAZ,MAAmB,KAA/E;AACD,CAJH,EAKGC,OALH,CAKW,UAAAH,IAAI,EAAI;AACf,MAAMI,KAAK,GAAGtB,OAAO,CAACC,IAAI,CAACsB,IAAL,CAAUd,SAAV,EAAqBS,IAArB,CAAD,CAAP,CAAoCP,SAApC,EAA+CT,SAAS,CAACsB,SAAzD,CAAd;;AACAd,EAAAA,EAAE,CAACY,KAAK,CAACG,IAAP,CAAF,GAAiBH,KAAjB;AACD,CARH;AAUAI,MAAM,CAACC,IAAP,CAAYjB,EAAZ,EAAgBW,OAAhB,CAAwB,UAAAO,SAAS,EAAI;AAEnC,MAAIlB,EAAE,CAACkB,SAAD,CAAF,CAAcC,SAAlB,EAA6B;AAC3BnB,IAAAA,EAAE,CAACkB,SAAD,CAAF,CAAcC,SAAd,CAAwBnB,EAAxB;AACD;AACF,CALD;AAOAA,EAAE,CAACC,SAAH,GAAeA,SAAf;AACAD,EAAE,CAACR,SAAH,GAAeA,SAAf;AAEA4B,MAAM,CAACC,OAAP,GAAiBrB,EAAjB","sourceRoot":"C:\\Users\\GANZA\\Documents\\nodejs\\Tax24\\app\\models\\","sourcesContent":["'use strict';\n\nconst fs = require('fs');\nconst path = require('path');\nconst Sequelize = require('sequelize');\nconst basename = path.basename(__filename);\nconst env = process.env.NODE_ENV || 'development';\nconst config = require(__dirname + '/../config/config.js')[env];\nconst db = {};\n\nlet sequelize;\nif (config.use_env_variable) {\n  sequelize = new Sequelize(process.env[config.use_env_variable], config);\n} else {\n  sequelize = new Sequelize(config.database, config.username, config.password, config);\n}\n\nfs\n  .readdirSync(__dirname)\n  .filter(file => {\n    return (file.indexOf('.') !== 0) && (file !== basename) && (file.slice(-3) === '.js');\n  })\n  .forEach(file => {\n    const model = require(path.join(__dirname, file))(sequelize, Sequelize.DataTypes);\n    db[model.name] = model;\n  });\n\nObject.keys(db).forEach(modelName => {\n\n  if (db[modelName].associate) {\n    db[modelName].associate(db);\n  }\n});\n\ndb.sequelize = sequelize;\ndb.Sequelize = Sequelize;\n\nmodule.exports = db;\n"]},"_coverageSchema":"1a1c01bbd47fc00a2c39e90264f33305004495a9","hash":"e674fc1911060da304b0445b3629531b1d971c78","contentHash":"9fb638c8744d091241dde8be578ce07a2dd7a729c845b0f7e02b06fc927b1760"},"C:\\Users\\GANZA\\Documents\\nodejs\\Tax24\\app\\config\\config.js":{"path":"C:\\Users\\GANZA\\Documents\\nodejs\\Tax24\\app\\config\\config.js","statementMap":{"0":{"start":{"line":3,"column":9},"end":{"line":3,"column":22}},"1":{"start":{"line":5,"column":0},"end":{"line":5,"column":27}},"2":{"start":{"line":7,"column":0},"end":{"line":44,"column":2}}},"fnMap":{},"branchMap":{},"s":{"0":1,"1":1,"2":1},"f":{},"b":{},"inputSourceMap":{"version":3,"sources":["config.js"],"names":["fs","require","config","module","exports","development","username","process","env","DB_USERNAME","password","DB_PASSWORD","database","DB_DATABASE","host","DB_HOST","port","DB_PORT","dialect","DB_CONNECTION","dialectOptions","bigNumberStrings","test","production"],"mappings":";;AAAA,IAAMA,EAAE,GAAGC,OAAO,CAAC,IAAD,CAAlB;;AACAA,OAAO,CAAC,QAAD,CAAP,CAAkBC,MAAlB;;AAEAC,MAAM,CAACC,OAAP,GAAiB;AACfC,EAAAA,WAAW,EAAE;AACXC,IAAAA,QAAQ,EAAEC,OAAO,CAACC,GAAR,CAAYC,WADX;AAEXC,IAAAA,QAAQ,EAAEH,OAAO,CAACC,GAAR,CAAYG,WAFX;AAGXC,IAAAA,QAAQ,EAAEL,OAAO,CAACC,GAAR,CAAYK,WAHX;AAIXC,IAAAA,IAAI,EAAEP,OAAO,CAACC,GAAR,CAAYO,OAJP;AAKXC,IAAAA,IAAI,EAAET,OAAO,CAACC,GAAR,CAAYS,OALP;AAMXC,IAAAA,OAAO,EAAEX,OAAO,CAACC,GAAR,CAAYW,aANV;AAOXC,IAAAA,cAAc,EAAE;AACdC,MAAAA,gBAAgB,EAAE;AADJ;AAPL,GADE;AAYfC,EAAAA,IAAI,EAAE;AACJhB,IAAAA,QAAQ,EAAEC,OAAO,CAACC,GAAR,CAAYC,WADlB;AAEJC,IAAAA,QAAQ,EAAEH,OAAO,CAACC,GAAR,CAAYG,WAFlB;AAGJC,IAAAA,QAAQ,EAAEL,OAAO,CAACC,GAAR,CAAYK,WAHlB;AAIJC,IAAAA,IAAI,EAAEP,OAAO,CAACC,GAAR,CAAYO,OAJd;AAKJC,IAAAA,IAAI,EAAET,OAAO,CAACC,GAAR,CAAYS,OALd;AAMJC,IAAAA,OAAO,EAAEX,OAAO,CAACC,GAAR,CAAYW,aANjB;AAOJC,IAAAA,cAAc,EAAE;AACdC,MAAAA,gBAAgB,EAAE;AADJ;AAPZ,GAZS;AAuBfE,EAAAA,UAAU,EAAE;AACVjB,IAAAA,QAAQ,EAAEC,OAAO,CAACC,GAAR,CAAYC,WADZ;AAEVC,IAAAA,QAAQ,EAAEH,OAAO,CAACC,GAAR,CAAYG,WAFZ;AAGVC,IAAAA,QAAQ,EAAEL,OAAO,CAACC,GAAR,CAAYK,WAHZ;AAIVC,IAAAA,IAAI,EAAEP,OAAO,CAACC,GAAR,CAAYO,OAJR;AAKVC,IAAAA,IAAI,EAAET,OAAO,CAACC,GAAR,CAAYS,OALR;AAMVC,IAAAA,OAAO,EAAEX,OAAO,CAACC,GAAR,CAAYW,aANX;AAOVC,IAAAA,cAAc,EAAE;AACdC,MAAAA,gBAAgB,EAAE,IADJ,CAEd;AACA;AACA;;AAJc;AAPN;AAvBG,CAAjB","sourceRoot":"C:\\Users\\GANZA\\Documents\\nodejs\\Tax24\\app\\config\\","sourcesContent":["const fs = require('fs');\nrequire(\"dotenv\").config();\n\nmodule.exports = {\n  development: {\n    username: process.env.DB_USERNAME,\n    password: process.env.DB_PASSWORD,\n    database: process.env.DB_DATABASE,\n    host: process.env.DB_HOST,\n    port: process.env.DB_PORT,\n    dialect: process.env.DB_CONNECTION,\n    dialectOptions: {\n      bigNumberStrings: true\n    }\n  },\n  test: {\n    username: process.env.DB_USERNAME,\n    password: process.env.DB_PASSWORD,\n    database: process.env.DB_DATABASE,\n    host: process.env.DB_HOST,\n    port: process.env.DB_PORT,\n    dialect: process.env.DB_CONNECTION,\n    dialectOptions: {\n      bigNumberStrings: true\n    }\n  },\n  production: {\n    username: process.env.DB_USERNAME,\n    password: process.env.DB_PASSWORD,\n    database: process.env.DB_DATABASE,\n    host: process.env.DB_HOST,\n    port: process.env.DB_PORT,\n    dialect: process.env.DB_CONNECTION,\n    dialectOptions: {\n      bigNumberStrings: true,\n      // ssl: {\n      //   ca: fs.readFileSync(__dirname + '/mysql-ca-master.crt')\n      // }\n    }\n  }\n};"]},"_coverageSchema":"1a1c01bbd47fc00a2c39e90264f33305004495a9","hash":"503668b89a303dc3726a41c5a35fab17906ca531","contentHash":"acacec7fb9bdd69575194a005b849f0a760cd90761bc2e36a0cb7bf796310c42"},"C:\\Users\\GANZA\\Documents\\nodejs\\Tax24\\app\\models\\driver.js":{"path":"C:\\Users\\GANZA\\Documents\\nodejs\\Tax24\\app\\models\\driver.js","statementMap":{"0":{"start":{"line":3,"column":29},"end":{"line":3,"column":84}},"1":{"start":{"line":5,"column":23},"end":{"line":5,"column":95}},"2":{"start":{"line":7,"column":20},"end":{"line":7,"column":89}},"3":{"start":{"line":9,"column":17},"end":{"line":9,"column":83}},"4":{"start":{"line":11,"column":34},"end":{"line":11,"column":117}},"5":{"start":{"line":13,"column":23},"end":{"line":13,"column":95}},"6":{"start":{"line":15,"column":65},"end":{"line":15,"column":92}},"7":{"start":{"line":15,"column":94},"end":{"line":15,"column":474}},"8":{"start":{"line":15,"column":147},"end":{"line":15,"column":188}},"9":{"start":{"line":15,"column":198},"end":{"line":15,"column":405}},"10":{"start":{"line":15,"column":247},"end":{"line":15,"column":297}},"11":{"start":{"line":15,"column":299},"end":{"line":15,"column":355}},"12":{"start":{"line":15,"column":365},"end":{"line":15,"column":403}},"13":{"start":{"line":15,"column":406},"end":{"line":15,"column":471}},"14":{"start":{"line":17,"column":39},"end":{"line":17,"column":110}},"15":{"start":{"line":17,"column":97},"end":{"line":17,"column":110}},"16":{"start":{"line":17,"column":111},"end":{"line":17,"column":152}},"17":{"start":{"line":17,"column":139},"end":{"line":17,"column":152}},"18":{"start":{"line":17,"column":153},"end":{"line":17,"column":198}},"19":{"start":{"line":17,"column":186},"end":{"line":17,"column":198}},"20":{"start":{"line":17,"column":199},"end":{"line":17,"column":327}},"21":{"start":{"line":17,"column":205},"end":{"line":17,"column":284}},"22":{"start":{"line":17,"column":285},"end":{"line":17,"column":297}},"23":{"start":{"line":17,"column":312},"end":{"line":17,"column":325}},"24":{"start":{"line":19,"column":15},"end":{"line":19,"column":35}},"25":{"start":{"line":20,"column":12},"end":{"line":20,"column":26}},"26":{"start":{"line":22,"column":0},"end":{"line":65,"column":2}},"27":{"start":{"line":23,"column":28},"end":{"line":45,"column":10}},"28":{"start":{"line":24,"column":4},"end":{"line":24,"column":47}},"29":{"start":{"line":26,"column":17},"end":{"line":26,"column":37}},"30":{"start":{"line":29,"column":6},"end":{"line":29,"column":53}},"31":{"start":{"line":30,"column":6},"end":{"line":30,"column":43}},"32":{"start":{"line":33,"column":4},"end":{"line":43,"column":8}},"33":{"start":{"line":44,"column":4},"end":{"line":44,"column":18}},"34":{"start":{"line":48,"column":2},"end":{"line":63,"column":5}},"35":{"start":{"line":64,"column":2},"end":{"line":64,"column":16}}},"fnMap":{"0":{"name":"_createSuper","decl":{"start":{"line":15,"column":9},"end":{"line":15,"column":21}},"loc":{"start":{"line":15,"column":31},"end":{"line":15,"column":476}},"line":15},"1":{"name":"_createSuperInternal","decl":{"start":{"line":15,"column":110},"end":{"line":15,"column":130}},"loc":{"start":{"line":15,"column":133},"end":{"line":15,"column":473}},"line":15},"2":{"name":"_isNativeReflectConstruct","decl":{"start":{"line":17,"column":9},"end":{"line":17,"column":34}},"loc":{"start":{"line":17,"column":37},"end":{"line":17,"column":329}},"line":17},"3":{"name":"(anonymous_3)","decl":{"start":{"line":17,"column":267},"end":{"line":17,"column":268}},"loc":{"start":{"line":17,"column":279},"end":{"line":17,"column":281}},"line":17},"4":{"name":"(anonymous_4)","decl":{"start":{"line":22,"column":17},"end":{"line":22,"column":18}},"loc":{"start":{"line":22,"column":49},"end":{"line":65,"column":1}},"line":22},"5":{"name":"(anonymous_5)","decl":{"start":{"line":23,"column":28},"end":{"line":23,"column":29}},"loc":{"start":{"line":23,"column":46},"end":{"line":45,"column":3}},"line":23},"6":{"name":"Driver","decl":{"start":{"line":28,"column":13},"end":{"line":28,"column":19}},"loc":{"start":{"line":28,"column":22},"end":{"line":31,"column":5}},"line":28},"7":{"name":"associate","decl":{"start":{"line":41,"column":15},"end":{"line":41,"column":24}},"loc":{"start":{"line":41,"column":33},"end":{"line":42,"column":7}},"line":41}},"branchMap":{"0":{"loc":{"start":{"line":15,"column":198},"end":{"line":15,"column":405}},"type":"if","locations":[{"start":{"line":15,"column":198},"end":{"line":15,"column":405}},{"start":{"line":15,"column":198},"end":{"line":15,"column":405}}],"line":15},"1":{"loc":{"start":{"line":17,"column":39},"end":{"line":17,"column":110}},"type":"if","locations":[{"start":{"line":17,"column":39},"end":{"line":17,"column":110}},{"start":{"line":17,"column":39},"end":{"line":17,"column":110}}],"line":17},"2":{"loc":{"start":{"line":17,"column":43},"end":{"line":17,"column":95}},"type":"binary-expr","locations":[{"start":{"line":17,"column":43},"end":{"line":17,"column":73}},{"start":{"line":17,"column":77},"end":{"line":17,"column":95}}],"line":17},"3":{"loc":{"start":{"line":17,"column":111},"end":{"line":17,"column":152}},"type":"if","locations":[{"start":{"line":17,"column":111},"end":{"line":17,"column":152}},{"start":{"line":17,"column":111},"end":{"line":17,"column":152}}],"line":17},"4":{"loc":{"start":{"line":17,"column":153},"end":{"line":17,"column":198}},"type":"if","locations":[{"start":{"line":17,"column":153},"end":{"line":17,"column":198}},{"start":{"line":17,"column":153},"end":{"line":17,"column":198}}],"line":17}},"s":{"0":1,"1":1,"2":1,"3":1,"4":1,"5":1,"6":1,"7":1,"8":4,"9":4,"10":4,"11":4,"12":0,"13":4,"14":1,"15":0,"16":1,"17":0,"18":1,"19":1,"20":0,"21":0,"22":0,"23":0,"24":1,"25":1,"26":1,"27":1,"28":1,"29":1,"30":4,"31":4,"32":1,"33":1,"34":1,"35":1},"f":{"0":1,"1":4,"2":1,"3":0,"4":1,"5":1,"6":4,"7":1},"b":{"0":[4,0],"1":[0,1],"2":[1,1],"3":[0,1],"4":[1,0]},"inputSourceMap":{"version":3,"sources":["driver.js"],"names":["require","Model","module","exports","sequelize","DataTypes","Driver","models","init","name","STRING","email","number","status","latitude","longitude","country","city","state","streetName","streetNumber","modelName"],"mappings":"AAAA;;;;;;;;;;;;;;;;;;AACA,eAEIA,OAAO,CAAC,WAAD,CAFX;AAAA,IACEC,KADF,YACEA,KADF;;AAGAC,MAAM,CAACC,OAAP,GAAiB,UAACC,SAAD,EAAYC,SAAZ,EAA0B;AAAA,MACnCC,MADmC;AAAA;;AAAA;;AAAA;AAAA;AAAA;AAAA;;AAAA;AAAA;AAAA;AAEvC;AACJ;AACA;AACA;AACA;AACI,yBAAiBC,MAAjB,EAAyB,CACvB;AACD;AATsC;AAAA;AAAA,IACpBN,KADoB;;AAUxC;AACDK,EAAAA,MAAM,CAACE,IAAP,CAAY;AACVC,IAAAA,IAAI,EAAEJ,SAAS,CAACK,MADN;AAEVC,IAAAA,KAAK,EAAEN,SAAS,CAACK,MAFP;AAGVE,IAAAA,MAAM,EAAEP,SAAS,CAACK,MAHR;AAIVG,IAAAA,MAAM,EAAER,SAAS,CAACK,MAJR;AAKVI,IAAAA,QAAQ,EAAET,SAAS,CAACK,MALV;AAMVK,IAAAA,SAAS,EAAEV,SAAS,CAACK,MANX;AAOVM,IAAAA,OAAO,EAAEX,SAAS,CAACK,MAPT;AAQVO,IAAAA,IAAI,EAAEZ,SAAS,CAACK,MARN;AASVQ,IAAAA,KAAK,EAAEb,SAAS,CAACK,MATP;AAUVS,IAAAA,UAAU,EAAEd,SAAS,CAACK,MAVZ;AAWVU,IAAAA,YAAY,EAAEf,SAAS,CAACK;AAXd,GAAZ,EAYG;AACDN,IAAAA,SAAS,EAATA,SADC;AAEDiB,IAAAA,SAAS,EAAE;AAFV,GAZH;AAgBA,SAAOf,MAAP;AACD,CA5BD","sourceRoot":"C:\\Users\\GANZA\\Documents\\nodejs\\Tax24\\app\\models\\","sourcesContent":["'use strict';\nconst {\n  Model\n} = require('sequelize');\nmodule.exports = (sequelize, DataTypes) => {\n  class Driver extends Model {\n    /**\n     * Helper method for defining associations.\n     * This method is not a part of Sequelize lifecycle.\n     * The `models/index` file will call this method automatically.\n     */\n    static associate(models) {\n      // define association here\n    }\n  };\n  Driver.init({\n    name: DataTypes.STRING,\n    email: DataTypes.STRING,\n    number: DataTypes.STRING,\n    status: DataTypes.STRING,\n    latitude: DataTypes.STRING,\n    longitude: DataTypes.STRING,\n    country: DataTypes.STRING,\n    city: DataTypes.STRING,\n    state: DataTypes.STRING,\n    streetName: DataTypes.STRING,\n    streetNumber: DataTypes.STRING\n  }, {\n    sequelize,\n    modelName: 'driver',\n  });\n  return Driver;\n};"]},"_coverageSchema":"1a1c01bbd47fc00a2c39e90264f33305004495a9","hash":"ba4bd21adeb85fe0471c93266ebcf397fb588ea6","contentHash":"162aefb01f1ca5a843cd913fb16cd2b10ce5d9afc54f2ffae8df63ff8e4f3df4"},"C:\\Users\\GANZA\\Documents\\nodejs\\Tax24\\app\\models\\rider.js":{"path":"C:\\Users\\GANZA\\Documents\\nodejs\\Tax24\\app\\models\\rider.js","statementMap":{"0":{"start":{"line":3,"column":29},"end":{"line":3,"column":84}},"1":{"start":{"line":5,"column":23},"end":{"line":5,"column":95}},"2":{"start":{"line":7,"column":20},"end":{"line":7,"column":89}},"3":{"start":{"line":9,"column":17},"end":{"line":9,"column":83}},"4":{"start":{"line":11,"column":34},"end":{"line":11,"column":117}},"5":{"start":{"line":13,"column":23},"end":{"line":13,"column":95}},"6":{"start":{"line":15,"column":65},"end":{"line":15,"column":92}},"7":{"start":{"line":15,"column":94},"end":{"line":15,"column":474}},"8":{"start":{"line":15,"column":147},"end":{"line":15,"column":188}},"9":{"start":{"line":15,"column":198},"end":{"line":15,"column":405}},"10":{"start":{"line":15,"column":247},"end":{"line":15,"column":297}},"11":{"start":{"line":15,"column":299},"end":{"line":15,"column":355}},"12":{"start":{"line":15,"column":365},"end":{"line":15,"column":403}},"13":{"start":{"line":15,"column":406},"end":{"line":15,"column":471}},"14":{"start":{"line":17,"column":39},"end":{"line":17,"column":110}},"15":{"start":{"line":17,"column":97},"end":{"line":17,"column":110}},"16":{"start":{"line":17,"column":111},"end":{"line":17,"column":152}},"17":{"start":{"line":17,"column":139},"end":{"line":17,"column":152}},"18":{"start":{"line":17,"column":153},"end":{"line":17,"column":198}},"19":{"start":{"line":17,"column":186},"end":{"line":17,"column":198}},"20":{"start":{"line":17,"column":199},"end":{"line":17,"column":327}},"21":{"start":{"line":17,"column":205},"end":{"line":17,"column":284}},"22":{"start":{"line":17,"column":285},"end":{"line":17,"column":297}},"23":{"start":{"line":17,"column":312},"end":{"line":17,"column":325}},"24":{"start":{"line":19,"column":15},"end":{"line":19,"column":35}},"25":{"start":{"line":20,"column":12},"end":{"line":20,"column":26}},"26":{"start":{"line":22,"column":0},"end":{"line":65,"column":2}},"27":{"start":{"line":23,"column":27},"end":{"line":45,"column":10}},"28":{"start":{"line":24,"column":4},"end":{"line":24,"column":46}},"29":{"start":{"line":26,"column":17},"end":{"line":26,"column":36}},"30":{"start":{"line":29,"column":6},"end":{"line":29,"column":52}},"31":{"start":{"line":30,"column":6},"end":{"line":30,"column":43}},"32":{"start":{"line":33,"column":4},"end":{"line":43,"column":8}},"33":{"start":{"line":44,"column":4},"end":{"line":44,"column":17}},"34":{"start":{"line":48,"column":2},"end":{"line":63,"column":5}},"35":{"start":{"line":64,"column":2},"end":{"line":64,"column":15}}},"fnMap":{"0":{"name":"_createSuper","decl":{"start":{"line":15,"column":9},"end":{"line":15,"column":21}},"loc":{"start":{"line":15,"column":31},"end":{"line":15,"column":476}},"line":15},"1":{"name":"_createSuperInternal","decl":{"start":{"line":15,"column":110},"end":{"line":15,"column":130}},"loc":{"start":{"line":15,"column":133},"end":{"line":15,"column":473}},"line":15},"2":{"name":"_isNativeReflectConstruct","decl":{"start":{"line":17,"column":9},"end":{"line":17,"column":34}},"loc":{"start":{"line":17,"column":37},"end":{"line":17,"column":329}},"line":17},"3":{"name":"(anonymous_3)","decl":{"start":{"line":17,"column":267},"end":{"line":17,"column":268}},"loc":{"start":{"line":17,"column":279},"end":{"line":17,"column":281}},"line":17},"4":{"name":"(anonymous_4)","decl":{"start":{"line":22,"column":17},"end":{"line":22,"column":18}},"loc":{"start":{"line":22,"column":49},"end":{"line":65,"column":1}},"line":22},"5":{"name":"(anonymous_5)","decl":{"start":{"line":23,"column":27},"end":{"line":23,"column":28}},"loc":{"start":{"line":23,"column":45},"end":{"line":45,"column":3}},"line":23},"6":{"name":"rider","decl":{"start":{"line":28,"column":13},"end":{"line":28,"column":18}},"loc":{"start":{"line":28,"column":21},"end":{"line":31,"column":5}},"line":28},"7":{"name":"associate","decl":{"start":{"line":41,"column":15},"end":{"line":41,"column":24}},"loc":{"start":{"line":41,"column":33},"end":{"line":42,"column":7}},"line":41}},"branchMap":{"0":{"loc":{"start":{"line":15,"column":198},"end":{"line":15,"column":405}},"type":"if","locations":[{"start":{"line":15,"column":198},"end":{"line":15,"column":405}},{"start":{"line":15,"column":198},"end":{"line":15,"column":405}}],"line":15},"1":{"loc":{"start":{"line":17,"column":39},"end":{"line":17,"column":110}},"type":"if","locations":[{"start":{"line":17,"column":39},"end":{"line":17,"column":110}},{"start":{"line":17,"column":39},"end":{"line":17,"column":110}}],"line":17},"2":{"loc":{"start":{"line":17,"column":43},"end":{"line":17,"column":95}},"type":"binary-expr","locations":[{"start":{"line":17,"column":43},"end":{"line":17,"column":73}},{"start":{"line":17,"column":77},"end":{"line":17,"column":95}}],"line":17},"3":{"loc":{"start":{"line":17,"column":111},"end":{"line":17,"column":152}},"type":"if","locations":[{"start":{"line":17,"column":111},"end":{"line":17,"column":152}},{"start":{"line":17,"column":111},"end":{"line":17,"column":152}}],"line":17},"4":{"loc":{"start":{"line":17,"column":153},"end":{"line":17,"column":198}},"type":"if","locations":[{"start":{"line":17,"column":153},"end":{"line":17,"column":198}},{"start":{"line":17,"column":153},"end":{"line":17,"column":198}}],"line":17}},"s":{"0":1,"1":1,"2":1,"3":1,"4":1,"5":1,"6":1,"7":1,"8":4,"9":4,"10":4,"11":4,"12":0,"13":4,"14":1,"15":0,"16":1,"17":0,"18":1,"19":1,"20":0,"21":0,"22":0,"23":0,"24":1,"25":1,"26":1,"27":1,"28":1,"29":1,"30":4,"31":4,"32":1,"33":1,"34":1,"35":1},"f":{"0":1,"1":4,"2":1,"3":0,"4":1,"5":1,"6":4,"7":1},"b":{"0":[4,0],"1":[0,1],"2":[1,1],"3":[0,1],"4":[1,0]},"inputSourceMap":{"version":3,"sources":["rider.js"],"names":["require","Model","module","exports","sequelize","DataTypes","rider","models","init","name","STRING","email","number","status","latitude","longitude","country","city","state","streetName","streetNumber","modelName"],"mappings":"AAAA;;;;;;;;;;;;;;;;;;AACA,eAEIA,OAAO,CAAC,WAAD,CAFX;AAAA,IACEC,KADF,YACEA,KADF;;AAGAC,MAAM,CAACC,OAAP,GAAiB,UAACC,SAAD,EAAYC,SAAZ,EAA0B;AAAA,MACnCC,KADmC;AAAA;;AAAA;;AAAA;AAAA;AAAA;AAAA;;AAAA;AAAA;AAAA;AAEvC;AACJ;AACA;AACA;AACA;AACI,yBAAiBC,MAAjB,EAAyB,CACvB;AACD;AATsC;AAAA;AAAA,IACrBN,KADqB;;AAUxC;AACDK,EAAAA,KAAK,CAACE,IAAN,CAAW;AACTC,IAAAA,IAAI,EAAEJ,SAAS,CAACK,MADP;AAETC,IAAAA,KAAK,EAAEN,SAAS,CAACK,MAFR;AAGTE,IAAAA,MAAM,EAAEP,SAAS,CAACK,MAHT;AAITG,IAAAA,MAAM,EAAER,SAAS,CAACK,MAJT;AAKTI,IAAAA,QAAQ,EAAET,SAAS,CAACK,MALX;AAMTK,IAAAA,SAAS,EAAEV,SAAS,CAACK,MANZ;AAOTM,IAAAA,OAAO,EAAEX,SAAS,CAACK,MAPV;AAQTO,IAAAA,IAAI,EAAEZ,SAAS,CAACK,MARP;AASTQ,IAAAA,KAAK,EAAEb,SAAS,CAACK,MATR;AAUTS,IAAAA,UAAU,EAAEd,SAAS,CAACK,MAVb;AAWTU,IAAAA,YAAY,EAAEf,SAAS,CAACK;AAXf,GAAX,EAYG;AACDN,IAAAA,SAAS,EAATA,SADC;AAEDiB,IAAAA,SAAS,EAAE;AAFV,GAZH;AAgBA,SAAOf,KAAP;AACD,CA5BD","sourceRoot":"C:\\Users\\GANZA\\Documents\\nodejs\\Tax24\\app\\models\\","sourcesContent":["'use strict';\nconst {\n  Model\n} = require('sequelize');\nmodule.exports = (sequelize, DataTypes) => {\n  class rider extends Model {\n    /**\n     * Helper method for defining associations.\n     * This method is not a part of Sequelize lifecycle.\n     * The `models/index` file will call this method automatically.\n     */\n    static associate(models) {\n      // define association here\n    }\n  };\n  rider.init({\n    name: DataTypes.STRING,\n    email: DataTypes.STRING,\n    number: DataTypes.STRING,\n    status: DataTypes.STRING,\n    latitude: DataTypes.STRING,\n    longitude: DataTypes.STRING,\n    country: DataTypes.STRING,\n    city: DataTypes.STRING,\n    state: DataTypes.STRING,\n    streetName: DataTypes.STRING,\n    streetNumber: DataTypes.STRING\n  }, {\n    sequelize,\n    modelName: 'rider',\n  });\n  return rider;\n};"]},"_coverageSchema":"1a1c01bbd47fc00a2c39e90264f33305004495a9","hash":"655fd4f6e843ac4e8fcd120cabf691901b0dd871","contentHash":"5925a7ef0e4cafb83bc56ac6c474320abadd4b9803a0b6fc984666c4c40b06ab"},"C:\\Users\\GANZA\\Documents\\nodejs\\Tax24\\app\\models\\trip.js":{"path":"C:\\Users\\GANZA\\Documents\\nodejs\\Tax24\\app\\models\\trip.js","statementMap":{"0":{"start":{"line":3,"column":29},"end":{"line":3,"column":84}},"1":{"start":{"line":5,"column":23},"end":{"line":5,"column":95}},"2":{"start":{"line":7,"column":20},"end":{"line":7,"column":89}},"3":{"start":{"line":9,"column":17},"end":{"line":9,"column":83}},"4":{"start":{"line":11,"column":34},"end":{"line":11,"column":117}},"5":{"start":{"line":13,"column":23},"end":{"line":13,"column":95}},"6":{"start":{"line":15,"column":65},"end":{"line":15,"column":92}},"7":{"start":{"line":15,"column":94},"end":{"line":15,"column":474}},"8":{"start":{"line":15,"column":147},"end":{"line":15,"column":188}},"9":{"start":{"line":15,"column":198},"end":{"line":15,"column":405}},"10":{"start":{"line":15,"column":247},"end":{"line":15,"column":297}},"11":{"start":{"line":15,"column":299},"end":{"line":15,"column":355}},"12":{"start":{"line":15,"column":365},"end":{"line":15,"column":403}},"13":{"start":{"line":15,"column":406},"end":{"line":15,"column":471}},"14":{"start":{"line":17,"column":39},"end":{"line":17,"column":110}},"15":{"start":{"line":17,"column":97},"end":{"line":17,"column":110}},"16":{"start":{"line":17,"column":111},"end":{"line":17,"column":152}},"17":{"start":{"line":17,"column":139},"end":{"line":17,"column":152}},"18":{"start":{"line":17,"column":153},"end":{"line":17,"column":198}},"19":{"start":{"line":17,"column":186},"end":{"line":17,"column":198}},"20":{"start":{"line":17,"column":199},"end":{"line":17,"column":327}},"21":{"start":{"line":17,"column":205},"end":{"line":17,"column":284}},"22":{"start":{"line":17,"column":285},"end":{"line":17,"column":297}},"23":{"start":{"line":17,"column":312},"end":{"line":17,"column":325}},"24":{"start":{"line":19,"column":15},"end":{"line":19,"column":35}},"25":{"start":{"line":20,"column":12},"end":{"line":20,"column":26}},"26":{"start":{"line":22,"column":0},"end":{"line":73,"column":2}},"27":{"start":{"line":23,"column":26},"end":{"line":59,"column":10}},"28":{"start":{"line":24,"column":4},"end":{"line":24,"column":45}},"29":{"start":{"line":26,"column":17},"end":{"line":26,"column":35}},"30":{"start":{"line":29,"column":6},"end":{"line":29,"column":51}},"31":{"start":{"line":30,"column":6},"end":{"line":30,"column":43}},"32":{"start":{"line":33,"column":4},"end":{"line":57,"column":8}},"33":{"start":{"line":42,"column":8},"end":{"line":48,"column":11}},"34":{"start":{"line":49,"column":8},"end":{"line":55,"column":11}},"35":{"start":{"line":58,"column":4},"end":{"line":58,"column":16}},"36":{"start":{"line":62,"column":2},"end":{"line":71,"column":5}},"37":{"start":{"line":72,"column":2},"end":{"line":72,"column":14}}},"fnMap":{"0":{"name":"_createSuper","decl":{"start":{"line":15,"column":9},"end":{"line":15,"column":21}},"loc":{"start":{"line":15,"column":31},"end":{"line":15,"column":476}},"line":15},"1":{"name":"_createSuperInternal","decl":{"start":{"line":15,"column":110},"end":{"line":15,"column":130}},"loc":{"start":{"line":15,"column":133},"end":{"line":15,"column":473}},"line":15},"2":{"name":"_isNativeReflectConstruct","decl":{"start":{"line":17,"column":9},"end":{"line":17,"column":34}},"loc":{"start":{"line":17,"column":37},"end":{"line":17,"column":329}},"line":17},"3":{"name":"(anonymous_3)","decl":{"start":{"line":17,"column":267},"end":{"line":17,"column":268}},"loc":{"start":{"line":17,"column":279},"end":{"line":17,"column":281}},"line":17},"4":{"name":"(anonymous_4)","decl":{"start":{"line":22,"column":17},"end":{"line":22,"column":18}},"loc":{"start":{"line":22,"column":49},"end":{"line":73,"column":1}},"line":22},"5":{"name":"(anonymous_5)","decl":{"start":{"line":23,"column":26},"end":{"line":23,"column":27}},"loc":{"start":{"line":23,"column":44},"end":{"line":59,"column":3}},"line":23},"6":{"name":"trip","decl":{"start":{"line":28,"column":13},"end":{"line":28,"column":17}},"loc":{"start":{"line":28,"column":20},"end":{"line":31,"column":5}},"line":28},"7":{"name":"associate","decl":{"start":{"line":41,"column":15},"end":{"line":41,"column":24}},"loc":{"start":{"line":41,"column":33},"end":{"line":56,"column":7}},"line":41}},"branchMap":{"0":{"loc":{"start":{"line":15,"column":198},"end":{"line":15,"column":405}},"type":"if","locations":[{"start":{"line":15,"column":198},"end":{"line":15,"column":405}},{"start":{"line":15,"column":198},"end":{"line":15,"column":405}}],"line":15},"1":{"loc":{"start":{"line":17,"column":39},"end":{"line":17,"column":110}},"type":"if","locations":[{"start":{"line":17,"column":39},"end":{"line":17,"column":110}},{"start":{"line":17,"column":39},"end":{"line":17,"column":110}}],"line":17},"2":{"loc":{"start":{"line":17,"column":43},"end":{"line":17,"column":95}},"type":"binary-expr","locations":[{"start":{"line":17,"column":43},"end":{"line":17,"column":73}},{"start":{"line":17,"column":77},"end":{"line":17,"column":95}}],"line":17},"3":{"loc":{"start":{"line":17,"column":111},"end":{"line":17,"column":152}},"type":"if","locations":[{"start":{"line":17,"column":111},"end":{"line":17,"column":152}},{"start":{"line":17,"column":111},"end":{"line":17,"column":152}}],"line":17},"4":{"loc":{"start":{"line":17,"column":153},"end":{"line":17,"column":198}},"type":"if","locations":[{"start":{"line":17,"column":153},"end":{"line":17,"column":198}},{"start":{"line":17,"column":153},"end":{"line":17,"column":198}}],"line":17}},"s":{"0":1,"1":1,"2":1,"3":1,"4":1,"5":1,"6":1,"7":1,"8":4,"9":4,"10":4,"11":4,"12":0,"13":4,"14":1,"15":0,"16":1,"17":0,"18":1,"19":1,"20":0,"21":0,"22":0,"23":0,"24":1,"25":1,"26":1,"27":1,"28":1,"29":1,"30":4,"31":4,"32":1,"33":1,"34":1,"35":1,"36":1,"37":1},"f":{"0":1,"1":4,"2":1,"3":0,"4":1,"5":1,"6":4,"7":1},"b":{"0":[4,0],"1":[0,1],"2":[1,1],"3":[0,1],"4":[1,0]},"inputSourceMap":{"version":3,"sources":["trip.js"],"names":["require","Model","module","exports","sequelize","DataTypes","trip","models","belongsTo","driver","foreignKey","onDelete","onUpdate","rider","init","driverId","INTEGER","riderId","from","STRING","to","status","modelName"],"mappings":"AAAA;;;;;;;;;;;;;;;;;;AACA,eAEIA,OAAO,CAAC,WAAD,CAFX;AAAA,IACEC,KADF,YACEA,KADF;;AAGAC,MAAM,CAACC,OAAP,GAAiB,UAACC,SAAD,EAAYC,SAAZ,EAA0B;AAAA,MACnCC,IADmC;AAAA;;AAAA;;AAAA;AAAA;AAAA;AAAA;;AAAA;AAAA;AAAA;AAEvC;AACJ;AACA;AACA;AACA;AACI,yBAAiBC,MAAjB,EAAyB;AACvBD,QAAAA,IAAI,CAACE,SAAL,CACED,MAAM,CAACE,MADT,EAEE;AAAEC,UAAAA,UAAU,EAAE;AAAd,SAFF,EAGE;AAAEC,UAAAA,QAAQ,EAAE;AAAZ,SAHF,EAIE;AAAEC,UAAAA,QAAQ,EAAE;AAAZ,SAJF;AAMAN,QAAAA,IAAI,CAACE,SAAL,CACED,MAAM,CAACM,KADT,EAEE;AAAEH,UAAAA,UAAU,EAAE;AAAd,SAFF,EAGE;AAAEC,UAAAA,QAAQ,EAAE;AAAZ,SAHF,EAIE;AAAEC,UAAAA,QAAQ,EAAE;AAAZ,SAJF;AAMD;AApBsC;AAAA;AAAA,IACtBX,KADsB;;AAqBxC;AACDK,EAAAA,IAAI,CAACQ,IAAL,CAAU;AACRC,IAAAA,QAAQ,EAAEV,SAAS,CAACW,OADZ;AAERC,IAAAA,OAAO,EAAEZ,SAAS,CAACW,OAFX;AAGRE,IAAAA,IAAI,EAAEb,SAAS,CAACc,MAHR;AAIRC,IAAAA,EAAE,EAAEf,SAAS,CAACc,MAJN;AAKRE,IAAAA,MAAM,EAAEhB,SAAS,CAACc;AALV,GAAV,EAMG;AACDf,IAAAA,SAAS,EAATA,SADC;AAEDkB,IAAAA,SAAS,EAAE;AAFV,GANH;AAUA,SAAOhB,IAAP;AACD,CAjCD","sourceRoot":"C:\\Users\\GANZA\\Documents\\nodejs\\Tax24\\app\\models\\","sourcesContent":["'use strict';\nconst {\n  Model\n} = require('sequelize');\nmodule.exports = (sequelize, DataTypes) => {\n  class trip extends Model {\n    /**\n     * Helper method for defining associations.\n     * This method is not a part of Sequelize lifecycle.\n     * The `models/index` file will call this method automatically.\n     */\n    static associate(models) {\n      trip.belongsTo(\n        models.driver,\n        { foreignKey: 'driverId' },\n        { onDelete: 'cascade' },\n        { onUpdate: 'cascade' },\n      );\n      trip.belongsTo(\n        models.rider,\n        { foreignKey: 'riderId' },\n        { onDelete: 'cascade' },\n        { onUpdate: 'cascade' },\n      );\n    }\n  };\n  trip.init({\n    driverId: DataTypes.INTEGER,\n    riderId: DataTypes.INTEGER,\n    from: DataTypes.STRING,\n    to: DataTypes.STRING,\n    status: DataTypes.STRING\n  }, {\n    sequelize,\n    modelName: 'trip',\n  });\n  return trip;\n};"]},"_coverageSchema":"1a1c01bbd47fc00a2c39e90264f33305004495a9","hash":"85dca21c7a315132bf21deec2736da9de249a297","contentHash":"3a01153f19ff6efc9be285e8eab28cb95f925568d751ffee33305141080ce9d4"},"C:\\Users\\GANZA\\Documents\\nodejs\\Tax24\\app\\services\\driver.service.js":{"path":"C:\\Users\\GANZA\\Documents\\nodejs\\Tax24\\app\\services\\driver.service.js","statementMap":{"0":{"start":{"line":3,"column":29},"end":{"line":3,"column":84}},"1":{"start":{"line":5,"column":19},"end":{"line":5,"column":80}},"2":{"start":{"line":7,"column":25},"end":{"line":7,"column":99}},"3":{"start":{"line":9,"column":9},"end":{"line":9,"column":29}},"4":{"start":{"line":11,"column":13},"end":{"line":11,"column":22}},"5":{"start":{"line":13,"column":0},"end":{"line":42,"column":4}},"6":{"start":{"line":14,"column":13},"end":{"line":37,"column":5}},"7":{"start":{"line":15,"column":4},"end":{"line":36,"column":32}},"8":{"start":{"line":16,"column":6},"end":{"line":35,"column":7}},"9":{"start":{"line":17,"column":8},"end":{"line":34,"column":9}},"10":{"start":{"line":19,"column":12},"end":{"line":19,"column":30}},"11":{"start":{"line":20,"column":12},"end":{"line":20,"column":30}},"12":{"start":{"line":21,"column":12},"end":{"line":21,"column":42}},"13":{"start":{"line":24,"column":12},"end":{"line":24,"column":60}},"14":{"start":{"line":27,"column":12},"end":{"line":27,"column":30}},"15":{"start":{"line":28,"column":12},"end":{"line":28,"column":47}},"16":{"start":{"line":29,"column":12},"end":{"line":29,"column":58}},"17":{"start":{"line":33,"column":12},"end":{"line":33,"column":35}},"18":{"start":{"line":39,"column":2},"end":{"line":41,"column":4}},"19":{"start":{"line":40,"column":4},"end":{"line":40,"column":39}},"20":{"start":{"line":44,"column":0},"end":{"line":73,"column":4}},"21":{"start":{"line":45,"column":14},"end":{"line":68,"column":5}},"22":{"start":{"line":46,"column":4},"end":{"line":67,"column":33}},"23":{"start":{"line":47,"column":6},"end":{"line":66,"column":7}},"24":{"start":{"line":48,"column":8},"end":{"line":65,"column":9}},"25":{"start":{"line":50,"column":12},"end":{"line":50,"column":31}},"26":{"start":{"line":51,"column":12},"end":{"line":51,"column":31}},"27":{"start":{"line":52,"column":12},"end":{"line":52,"column":50}},"28":{"start":{"line":55,"column":12},"end":{"line":55,"column":62}},"29":{"start":{"line":58,"column":12},"end":{"line":58,"column":31}},"30":{"start":{"line":59,"column":12},"end":{"line":59,"column":49}},"31":{"start":{"line":60,"column":12},"end":{"line":60,"column":60}},"32":{"start":{"line":64,"column":12},"end":{"line":64,"column":36}},"33":{"start":{"line":70,"column":2},"end":{"line":72,"column":4}},"34":{"start":{"line":71,"column":4},"end":{"line":71,"column":40}},"35":{"start":{"line":75,"column":0},"end":{"line":104,"column":4}},"36":{"start":{"line":76,"column":14},"end":{"line":99,"column":5}},"37":{"start":{"line":77,"column":4},"end":{"line":98,"column":33}},"38":{"start":{"line":78,"column":6},"end":{"line":97,"column":7}},"39":{"start":{"line":79,"column":8},"end":{"line":96,"column":9}},"40":{"start":{"line":81,"column":12},"end":{"line":81,"column":31}},"41":{"start":{"line":82,"column":12},"end":{"line":82,"column":31}},"42":{"start":{"line":83,"column":12},"end":{"line":83,"column":39}},"43":{"start":{"line":86,"column":12},"end":{"line":86,"column":62}},"44":{"start":{"line":89,"column":12},"end":{"line":89,"column":31}},"45":{"start":{"line":90,"column":12},"end":{"line":90,"column":49}},"46":{"start":{"line":91,"column":12},"end":{"line":91,"column":60}},"47":{"start":{"line":95,"column":12},"end":{"line":95,"column":36}},"48":{"start":{"line":101,"column":2},"end":{"li
[...]
161,"column":12},"end":{"line":161,"column":60}},"77":{"start":{"line":165,"column":12},"end":{"line":165,"column":36}},"78":{"start":{"line":171,"column":2},"end":{"line":173,"column":4}},"79":{"start":{"line":172,"column":4},"end":{"line":172,"column":40}},"80":{"start":{"line":176,"column":0},"end":{"line":202,"column":4}},"81":{"start":{"line":177,"column":2},"end":{"line":201,"column":31}},"82":{"start":{"line":178,"column":4},"end":{"line":200,"column":5}},"83":{"start":{"line":179,"column":6},"end":{"line":199,"column":7}},"84":{"start":{"line":181,"column":10},"end":{"line":181,"column":29}},"85":{"start":{"line":182,"column":10},"end":{"line":182,"column":29}},"86":{"start":{"line":183,"column":10},"end":{"line":186,"column":13}},"87":{"start":{"line":189,"column":10},"end":{"line":189,"column":60}},"88":{"start":{"line":192,"column":10},"end":{"line":192,"column":29}},"89":{"start":{"line":193,"column":10},"end":{"line":193,"column":47}},"90":{"start":{"line":194,"column":10},"end":{"line":194,"column":58}},"91":{"start":{"line":198,"column":10},"end":{"line":198,"column":34}}},"fnMap":{"0":{"name":"(anonymous_0)","decl":{"start":{"line":13,"column":28},"end":{"line":13,"column":29}},"loc":{"start":{"line":13,"column":40},"end":{"line":42,"column":1}},"line":13},"1":{"name":"_callee","decl":{"start":{"line":14,"column":100},"end":{"line":14,"column":107}},"loc":{"start":{"line":14,"column":117},"end":{"line":37,"column":3}},"line":14},"2":{"name":"_callee$","decl":{"start":{"line":15,"column":49},"end":{"line":15,"column":57}},"loc":{"start":{"line":15,"column":68},"end":{"line":36,"column":5}},"line":15},"3":{"name":"(anonymous_3)","decl":{"start":{"line":39,"column":9},"end":{"line":39,"column":10}},"loc":{"start":{"line":39,"column":23},"end":{"line":41,"column":3}},"line":39},"4":{"name":"(anonymous_4)","decl":{"start":{"line":44,"column":27},"end":{"line":44,"column":28}},"loc":{"start":{"line":44,"column":39},"end":{"line":73,"column":1}},"line":44},"5":{"name":"_callee2","decl":{"start":{"line":45,"column":101},"end":{"line":45,"column":109}},"loc":{"start":{"line":45,"column":118},"end":{"line":68,"column":3}},"line":45},"6":{"name":"_callee2$","decl":{"start":{"line":46,"column":49},"end":{"line":46,"column":58}},"loc":{"start":{"line":46,"column":70},"end":{"line":67,"column":5}},"line":46},"7":{"name":"(anonymous_7)","decl":{"start":{"line":70,"column":9},"end":{"line":70,"column":10}},"loc":{"start":{"line":70,"column":24},"end":{"line":72,"column":3}},"line":70},"8":{"name":"(anonymous_8)","decl":{"start":{"line":75,"column":32},"end":{"line":75,"column":33}},"loc":{"start":{"line":75,"column":44},"end":{"line":104,"column":1}},"line":75},"9":{"name":"_callee3","decl":{"start":{"line":76,"column":101},"end":{"line":76,"column":109}},"loc":{"start":{"line":76,"column":114},"end":{"line":99,"column":3}},"line":76},"10":{"name":"_callee3$","decl":{"start":{"line":77,"column":49},"end":{"line":77,"column":58}},"loc":{"start":{"line":77,"column":70},"end":{"line":98,"column":5}},"line":77},"11":{"name":"(anonymous_11)","decl":{"start":{"line":101,"column":9},"end":{"line":101,"column":10}},"loc":{"start":{"line":101,"column":24},"end":{"line":103,"column":3}},"line":101},"12":{"name":"(anonymous_12)","decl":{"start":{"line":106,"column":30},"end":{"line":106,"column":31}},"loc":{"start":{"line":106,"column":42},"end":{"line":139,"column":1}},"line":106},"13":{"name":"_callee4","decl":{"start":{"line":107,"column":101},"end":{"line":107,"column":109}},"loc":{"start":{"line":107,"column":123},"end":{"line":134,"column":3}},"line":107},"14":{"name":"_callee4$","decl":{"start":{"line":108,"column":49},"end":{"line":108,"column":58}},"loc":{"start":{"line":108,"column":70},"end":{"line":133,"column":5}},"line":108},"15":{"name":"(anonymous_15)","decl":{"start":{"line":136,"column":9},"end":{"line":136,"column":10}},"loc":{"start":{"line":136,"column":29},"end":{"line":138,"column":3}},"line":136},"16":{"name":"(anonymous_16)","decl":{"start":{"line":141,"column":31},"end":{"line":141,"column":32}},"loc":{"start":{"line":141,"column":43},"end":{"line":174,"column":1}},"line":141},"17":{"name":"_callee5","decl":{"start":{"line":142,"column":101},"end":{"line":142,"column":109}},"loc":{"start":{"line":142,"column":114},"end":{"line":169,"column":3}},"line":142},"18":{"name":"_callee5$","decl":{"start":{"line":143,"column":49},"end":{"line":143,"column":58}},"loc":{"start":{"line":143,"column":70},"end":{"line":168,"column":5}},"line":143},"19":{"name":"(anonymous_19)","decl":{"start":{"line":171,"column":9},"end":{"line":171,"column":10}},"loc":{"start":{"line":171,"column":24},"end":{"line":173,"column":3}},"line":171},"20":{"name":"_callee6","decl":{"start":{"line":176,"column":119},"end":{"line":176,"column":127}},"loc":{"start":{"line":176,"column":130},"end":{"line":202,"column":1}},"line":176},"21":{"name":"_callee6$","decl":{"start":{"line":177,"column":47},"end":{"line":177,"column":56}},"loc":{"start":{"line":177,"column":68},"end":{"line":201,"column":3}},"line":177}},"branchMap":{"0":{"loc":{"start":{"line":17,"column":8},"end":{"line":34,"column":9}},"type":"switch","locations":[{"start":{"line":18,"column":10},"end":{"line":21,"column":40}},{"start":{"line":23,"column":10},"end":{"line":24,"column":60}},{"start":{"line":26,"column":10},"end":{"line":29,"column":58}},{"start":{"line":31,"column":10},"end":{"line":31,"column":17}},{"start":{"line":32,"column":10},"end":{"line":33,"column":35}}],"line":17},"1":{"loc":{"start":{"line":48,"column":8},"end":{"line":65,"column":9}},"type":"switch","locations":[{"start":{"line":49,"column":10},"end":{"line":52,"column":48}},{"start":{"line":54,"column":10},"end":{"line":55,"column":62}},{"start":{"line":57,"column":10},"end":{"line":60,"column":60}},{"start":{"line":62,"column":10},"end":{"line":62,"column":17}},{"start":{"line":63,"column":10},"end":{"line":64,"column":36}}],"line":48},"2":{"loc":{"start":{"line":79,"column":8},"end":{"line":96,"column":9}},"type":"switch","locations":[{"start":{"line":80,"column":10},"end":{"line":83,"column":37}},{"start":{"line":85,"column":10},"end":{"line":86,"column":62}},{"start":{"line":88,"column":10},"end":{"line":91,"column":60}},{"start":{"line":93,"column":10},"end":{"line":93,"column":17}},{"start":{"line":94,"column":10},"end":{"line":95,"column":36}}],"line":79},"3":{"loc":{"start":{"line":110,"column":8},"end":{"line":131,"column":9}},"type":"switch","locations":[{"start":{"line":111,"column":10},"end":{"line":118,"column":15}},{"start":{"line":120,"column":10},"end":{"line":121,"column":62}},{"start":{"line":123,"column":10},"end":{"line":126,"column":60}},{"start":{"line":128,"column":10},"end":{"line":128,"column":17}},{"start":{"line":129,"column":10},"end":{"line":130,"column":36}}],"line":110},"4":{"loc":{"start":{"line":145,"column":8},"end":{"line":166,"column":9}},"type":"switch","locations":[{"start":{"line":146,"column":10},"end":{"line":153,"column":15}},{"start":{"line":155,"column":10},"end":{"line":156,"column":62}},{"start":{"line":158,"column":10},"end":{"line":161,"column":60}},{"start":{"line":163,"column":10},"end":{"line":163,"column":17}},{"start":{"line":164,"column":10},"end":{"line":165,"column":36}}],"line":145},"5":{"loc":{"start":{"line":179,"column":6},"end":{"line":199,"column":7}},"type":"switch","locations":[{"start":{"line":180,"column":8},"end":{"line":186,"column":13}},{"start":{"line":188,"column":8},"end":{"line":189,"column":60}},{"start":{"line":191,"column":8},"end":{"line":194,"column":58}},{"start":{"line":196,"column":8},"end":{"line":196,"column":15}},{"start":{"line":197,"column":8},"end":{"line":198,"column":34}}],"line":179}},"s":{"0":1,"1":1,"2":1,"3":1,"4":1,"5":1,"6":1,"7":1,"8":3,"9":3,"10":1,"11":1,"12":1,"13":1,"14":0,"15":0,"16":0,"17":1,"18":1,"19":1,"20":1,"21":1,"22":1,"23":3,"24":3,"25":1,"26":1,"27":1,"28":1,"29":0,"30":0,"31":0,"32":1,"33":1,"34":1,"35":1,"36":1,"37":1,"38":3,"39":3,"40":1,"41":1,"42":1,"43":1,"44":0,"45":0,"46":0,"47":1,"48":1,"49":1,"50":1,"51":1,"52":1,"53":3,"54":3,"55":1,"56":1,"57":1,"58":1,"59":0,"60":0,"61":0,"62":1,"63":1,"64":1,"65":1,"66":1,"67":0,"68":0,"69":0,"70":0,"71":0,"72":0,"73":0,"74":0,"75":0,"76":0,"77":0,"78":1,"79":0,"80":1,"81":1,"82":3,"83":3,"84":1,"85":1,"86":1,"87":1,"88":0,"89":0,"90":0,"91":1},"f":{"0":1,"1":1,"2":3,"3":1,"4":1,"5":1,"6":3,"7":1,"8":1,"9":1,"10":3,"11":1,"12":1,"13":1,"14":3,"15":1,"16":1,"17":0,"18":0,"19":0,"20":1,"21":3},"b":{"0":[1,1,0,0,1],"1":[1,1,0,0,1],"2":[1,1,0,0,1],"3":[1,1,0,0,1],"4":[0,0,0,0,0],"5":[1,1,0,0,1]},"inputSourceMap":{"version":3,"sources":["trip.service.js"],"names":["db","require","Trip","trip","exports","save","payload","create","all","params","findAndCountAll","findById","id","findByPk","update","where","destroy","truncate"],"mappings":";;;;;;;;AAAA,IAAMA,EAAE,GAAGC,OAAO,CAAC,WAAD,CAAlB;;AACA,IAAMC,IAAI,GAAGF,EAAE,CAACG,IAAhB;;AAEAC,OAAO,CAACC,IAAR;AAAA,2FAAe,iBAAOC,OAAP;AAAA;AAAA;AAAA;AAAA;AAAA;AAAA;AAAA,mBAEUJ,IAAI,CAACK,MAAL,CAAYD,OAAZ,CAFV;;AAAA;AAAA;;AAAA;AAAA;AAAA;AAAA;;AAAA;AAAA;AAAA;AAAA;AAAA;AAAA;AAAA,GAAf;;AAAA;AAAA;AAAA;AAAA;;AAWAF,OAAO,CAACI,GAAR;AAAA,4FAAc,kBAAOC,MAAP;AAAA;AAAA;AAAA;AAAA;AAAA;AAAA;AAAA,mBAGOP,IAAI,CAACQ,eAAL,CAAqBD,MAArB,CAHP;;AAAA;AAAA;;AAAA;AAAA;AAAA;AAAA;;AAAA;AAAA;AAAA;AAAA;AAAA;AAAA;AAAA,GAAd;;AAAA;AAAA;AAAA;AAAA;;AASEL,OAAO,CAACO,QAAR;AAAA,4FAAmB,kBAAOC,EAAP;AAAA;AAAA;AAAA;AAAA;AAAA;AAAA;AAAA,mBAGAV,IAAI,CAACW,QAAL,CAAcD,EAAd,CAHA;;AAAA;AAAA;;AAAA;AAAA;AAAA;AAAA;;AAAA;AAAA;AAAA;AAAA;AAAA;AAAA;AAAA,GAAnB;;AAAA;AAAA;AAAA;AAAA;;AAUAR,OAAO,CAACU,MAAR;AAAA,4FAAiB,kBAAOR,OAAP,EAAeM,EAAf;AAAA;AAAA;AAAA;AAAA;AAAA;AAAA;AAAA,mBAGEV,IAAI,CAACY,MAAL,CAAYR,OAAZ,EAAqB;AAC9BS,cAAAA,KAAK,EAAE;AAAEH,gBAAAA,EAAE,EAAEA;AAAN;AADuB,aAArB,CAHF;;AAAA;AAAA;;AAAA;AAAA;AAAA;AAAA;;AAAA;AAAA;AAAA;AAAA;AAAA;AAAA;AAAA,GAAjB;;AAAA;AAAA;AAAA;AAAA;;AAWAR,OAAO,CAACY,OAAR;AAAA,4FAAkB,kBAAOJ,EAAP;AAAA;AAAA;AAAA;AAAA;AAAA;AAAA;AAAA,mBAGCV,IAAI,CAACc,OAAL,CAAa;AACtBD,cAAAA,KAAK,EAAE;AAAEH,gBAAAA,EAAE,EAAEA;AAAN;AADe,aAAb,CAHD;;AAAA;AAAA;;AAAA;AAAA;AAAA;AAAA;;AAAA;AAAA;AAAA;AAAA;AAAA;AAAA;AAAA,GAAlB;;AAAA;AAAA;AAAA;AAAA;;AAYAR,OAAO,CAACa,QAAR,8FAAmB;AAAA;AAAA;AAAA;AAAA;AAAA;AAAA;AAAA,iBAGAf,IAAI,CAACc,OAAL,CAAa;AACxBD,YAAAA,KAAK,EAAE,EADiB;AAExBE,YAAAA,QAAQ,EAAE;AAFc,WAAb,CAHA;;AAAA;AAAA;;AAAA;AAAA;AAAA;AAAA;;AAAA;AAAA;AAAA;AAAA;AAAA;AAAA;AAAA,CAAnB","sourceRoot":"C:\\Users\\GANZA\\Documents\\nodejs\\Tax24\\app\\services\\","sourcesContent":["const db = require(\"../models\");\r\nconst Trip = db.trip;\r\n\r\nexports.save = async (payload) => {\r\n    try {\r\n            return await Trip.create(payload);\r\n\r\n    } catch (error) {\r\n      return error;\r\n    }\r\n  };\r\n\r\n\r\n  \r\nexports.all = async (params) => {\r\n    try {\r\n\r\n        return await Trip.findAndCountAll(params)\r\n\r\n    } catch (error) {\r\n      return error;\r\n    }\r\n  };\r\n  exports.findById = async (id) => {\r\n    try {\r\n        \r\n        return await Trip.findByPk(id)\r\n\r\n    } catch (error) {\r\n      return error;\r\n    }\r\n  };\r\n\r\n  exports.update = async (payload,id) => {\r\n    try {\r\n        \r\n        return await Trip.update(payload, {\r\n            where: { id: id }\r\n          })\r\n\r\n    } catch (error) {\r\n      return error;\r\n    }\r\n  };\r\n  exports.destroy = async (id) => {\r\n    try {\r\n        \r\n        return await Trip.destroy({\r\n            where: { id: id }\r\n          })\r\n\r\n    } catch (error) {\r\n      return error;\r\n    }\r\n  };\r\n\r\n  exports.truncate = async () => {\r\n    try { \r\n        \r\n        return await Trip.destroy({\r\n          where: {},\r\n          truncate: true\r\n        })\r\n\r\n    } catch (error) {\r\n      return error;\r\n    }\r\n  };\r\n\r\n"]},"_coverageSchema":"1a1c01bbd47fc00a2c39e90264f33305004495a9","hash":"3b1e6aff2e734a64300e92818d7c0a8f48a98287","contentHash":"fd6ec2d16876669f44007017d9b2a5aaa81ef0f35736ae0f55eced58dd7273e0"},"C:\\Users\\GANZA\\Documents\\nodejs\\Tax24\\app\\middleware\\trip-validation-middleware.js":{"path":"C:\\Users\\GANZA\\Documents\\nodejs\\Tax24\\app\\middleware\\trip-validation-middleware.js","statementMap":{"0":{"start":{"line":3,"column":29},"end":{"line":3,"column":84}},"1":{"start":{"line":5,"column":19},"end":{"line":5,"column":80}},"2":{"start":{"line":7,"column":25},"end":{"line":7,"column":99}},"3":{"start":{"line":9,"column":16},"end":{"line":9,"column":53}},"4":{"start":{"line":11,"column":27},"end":{"line":49,"column":3}},"5":{"start":{"line":12,"column":13},"end":{"line":44,"column":5}},"6":{"start":{"line":14,"column":4},"end":{"line":43,"column":16}},"7":{"start":{"line":15,"column":6},"end":{"line":42,"column":7}},"8":{"start":{"line":16,"column":8},"end":{"line":41,"column":9}},"9":{"start":{"line":18,"column":12},"end":{"line":24,"column":14}},"10":{"start":{"line":25,"column":12},"end":{"line":25,"column":30}},"11":{"start":{"line":26,"column":12},"end":{"line":36,"column":15}},"12":{"start":{"line":27,"column":14},"end":{"line":35,"column":15}},"13":{"start":{"line":28,"column":16},"end":{"line":32,"column":19}},"14":{"start":{"line":34,"column":16},"end":{"line":34,"column":23}},"15":{"start":{"line":40,"column":12},"end":{"line":40,"column":35}},"16":{"start":{"line":46,"column":2},"end":{"line":48,"column":4}},"17":{"start":{"line":47,"column":4},"end":{"line":47,"column":39}},"18":{"start":{"line":51,"column":0},"end":{"line":53,"column":2}}},"fnMap":{"0":{"name":"(anonymous_0)","decl":{"start":{"line":11,"column":27},"end":{"line":11,"column":28}},"loc":{"start":{"line":11,"column":39},"end":{"line":49,"column":1}},"line":11},"1":{"name":"_callee","decl":{"start":{"line":12,"column":100},"end":{"line":12,"column":107}},"loc":{"start":{"line":12,"column":124},"end":{"line":44,"column":3}},"line":12},"2":{"name":"_callee$","decl":{"start":{"line":14,"column":49},"end":{"line":14,"column":57}},"loc":{"start":{"line":14,"column":68},"end":{"line":43,"column":5}},"line":14},"3":{"name":"(anonymous_3)","decl":{"start":{"line":26,"column":59},"end":{"line":26,"column":60}},"loc":{"start":{"line":26,"column":82},"end":{"line":36,"column":13}},"line":26},"4":{"name":"request","decl":{"start":{"line":46,"column":18},"end":{"line":46,"column":25}},"loc":{"start":{"line":46,"column":40},"end":{"line":48,"column":3}},"line":46}},"branchMap":{"0":{"loc":{"start":{"line":16,"column":8},"end":{"line":41,"column":9}},"type":"switch","locations":[{"start":{"line":17,"column":10},"end":{"line":36,"column":15}},{"start":{"line":38,"column":10},"end":{"line":38,"column":17}},{"start":{"line":39,"column":10},"end":{"line":40,"column":35}}],"line":16},"1":{"loc":{"start":{"line":27,"column":14},"end":{"line":35,"column":15}},"type":"if","locations":[{"start":{"line":27,"column":14},"end":{"line":35,"column":15}},{"start":{"line":27,"column":14},"end":{"line":35,"column":15}}],"line":27}},"s":{"0":1,"1":1,"2":1,"3":1,"4":1,"5":1,"6":2,"7":4,"8":4,"9":2,"10":2,"11":2,"12":2,"13":0,"14":2,"15":2,"16":1,"17":2,"18":1},"f":{"0":1,"1":2,"2":4,"3":2,"4":2},"b":{"0":[2,2,2],"1":[0,2]},"inputSourceMap":{"version":3,"sources":["trip-validation-middleware.js"],"names":["Validator","require","request","req","res","next","validationRule","body","err","status","send","success","message","data","module","exports"],"mappings":";;;;;;;;AAAA,IAAMA,SAAS,GAAGC,OAAO,CAAC,4BAAD,CAAzB;;AAEA,IAAMC,OAAO;AAAA,2FAAG,iBAAOC,GAAP,EAAYC,GAAZ,EAAiBC,IAAjB;AAAA;AAAA;AAAA;AAAA;AAAA;AACNC,YAAAA,cADM,GACW;AACnB,0BAAY,kBADO;AAEnB,yBAAW,kBAFQ;AAGnB,sBAAQ,iBAHW;AAInB,oBAAK,iBAJc;AAKnB,wBAAU;AALS,aADX;AAAA;AAAA,mBASNN,SAAS,CAACG,GAAG,CAACI,IAAL,EAAWD,cAAX,EAA2B,EAA3B,EAA+B,UAACE,GAAD,EAAMC,MAAN,EAAiB;AAC3D,kBAAI,CAACA,MAAL,EAAa;AACTL,gBAAAA,GAAG,CAACK,MAAJ,CAAW,GAAX,EACKC,IADL,CACU;AACFC,kBAAAA,OAAO,EAAE,KADP;AAEFC,kBAAAA,OAAO,EAAE,mBAFP;AAGFC,kBAAAA,IAAI,EAAEL;AAHJ,iBADV;AAMH,eAPD,MAOO;AACHH,gBAAAA,IAAI;AACP;AACJ,aAXc,CATH;;AAAA;AAAA;AAAA;AAAA;AAAA;AAAA;AAAA,GAAH;;AAAA,kBAAPH,OAAO;AAAA;AAAA;AAAA,GAAb;;AAuBAY,MAAM,CAACC,OAAP,GAAiB;AACbb,EAAAA,OAAO,EAAPA;AADa,CAAjB","sourceRoot":"C:\\Users\\GANZA\\Documents\\nodejs\\Tax24\\app\\middleware\\","sourcesContent":["const Validator = require('../../app/helpers/validate');\r\n\r\nconst request = async (req, res, next) => {\r\n    const validationRule = {\r\n        \"driverId\": \"required|integer\",\r\n        \"riderId\": \"required|integer\",\r\n        \"from\": \"required|string\",\r\n        \"to\":\"required|string\",\r\n        \"status\": \"required|string\"\r\n    }\r\n\r\n    await Validator(req.body, validationRule, {}, (err, status) => {\r\n        if (!status) {\r\n            res.status(412)\r\n                .send({\r\n                    success: false,\r\n                    message: 'Validation failed',\r\n                    data: err\r\n                });\r\n        } else {\r\n            next();\r\n        }\r\n    });\r\n}\r\n\r\nmodule.exports = {\r\n    request\r\n};"]},"_coverageSchema":"1a1c01bbd47fc00a2c39e90264f33305004495a9","hash":"ed7d808632ed04bfc64f9aee9245513d12b779d4","contentHash":"e6a80dd737e2d7d419a1fff1292f0a0bbaa08acd8ffa9b4ae63d010ed719e919"},"C:\\Users\\GANZA\\Documents\\nodejs\\Tax24\\app\\tests\\index.js":{"path":"C:\\Users\\GANZA\\Documents\\nodejs\\Tax24\\app\\tests\\index.js","statementMap":{"0":{"start":{"line":3,"column":29},"end":{"line":3,"column":84}},"1":{"start":{"line":5,"column":12},"end":{"line":5,"column":51}},"2":{"start":{"line":7,"column":16},"end":{"line":7,"column":60}},"3":{"start":{"line":9,"column":13},"end":{"line":9,"column":59}},"4":{"start":{"line":11,"column":0},"end":{"line":11,"column":43}},"5":{"start":{"line":13,"column":0},"end":{"line":13,"column":26}},"6":{"start":{"line":15,"column":0},"end":{"line":22,"column":3}},"7":{"start":{"line":16,"column":2},"end":{"line":21,"column":5}},"8":{"start":{"line":17,"column":4},"end":{"line":20,"column":7}},"9":{"start":{"line":18,"column":6},"end":{"line":18,"column":34}},"10":{"start":{"line":19,"column":6},"end":{"line":19,"column":13}}},"fnMap":{"0":{"name":"(anonymous_0)","decl":{"start":{"line":15,"column":24},"end":{"line":15,"column":25}},"loc":{"start":{"line":15,"column":36},"end":{"line":22,"column":1}},"line":15},"1":{"name":"(anonymous_1)","decl":{"start":{"line":16,"column":36},"end":{"line":16,"column":37}},"loc":{"start":{"line":16,"column":52},"end":{"line":21,"column":3}},"line":16},"2":{"name":"(anonymous_2)","decl":{"start":{"line":17,"column":61},"end":{"line":17,"column":62}},"loc":{"start":{"line":17,"column":81},"end":{"line":20,"column":5}},"line":17}},"branchMap":{},"s":{"0":1,"1":1,"2":1,"3":1,"4":1,"5":1,"6":1,"7":1,"8":1,"9":1,"10":1},"f":{"0":1,"1":1,"2":1},"b":{},"inputSourceMap":{"version":3,"sources":["index.js"],"names":["chai","use","chaiHttp","should","describe","it","done","request","app","get","end","err","res","have","status"],"mappings":";;;;AAAA;;AACA;;AACA;;AAEAA,iBAAKC,GAAL,CAASC,oBAAT;;AACAF,iBAAKG,MAAL;;AAEAC,QAAQ,CAAC,aAAD,EAAgB,YAAM;AAC5BC,EAAAA,EAAE,CAAC,6BAAD,EAAgC,UAACC,IAAD,EAAU;AAC1CN,qBAAKO,OAAL,CAAaC,iBAAb,EAAkBC,GAAlB,CAAsB,GAAtB,EACGC,GADH,CACO,UAACC,GAAD,EAAMC,GAAN,EAAc;AACjBA,MAAAA,GAAG,CAACT,MAAJ,CAAWU,IAAX,CAAgBC,MAAhB,CAAuB,GAAvB;AACAR,MAAAA,IAAI;AACL,KAJH;AAKD,GANC,CAAF;AAOD,CARO,CAAR","sourceRoot":"C:\\Users\\GANZA\\Documents\\nodejs\\Tax24\\app\\tests\\","sourcesContent":["import chai from 'chai';\r\nimport chaiHttp from 'chai-http';\r\nimport app from '../../index';\r\n\r\nchai.use(chaiHttp);\r\nchai.should();\r\n\r\ndescribe('Tax24 Tests', () => {\r\n  it('Should display welcome page', (done) => {\r\n    chai.request(app).get('/')\r\n      .end((err, res) => {\r\n        res.should.have.status(200);\r\n        done();\r\n      });\r\n  });\r\n});\r\n"]},"_coverageSchema":"1a1c01bbd47fc00a2c39e90264f33305004495a9","hash":"a1e90cf935f28d1593a6fdc8458cb5dd60f64b4d","contentHash":"b1557fd7cd307a62cdb275a9cd7b8590b90ac3b4c3f33a57cf01d443def7b82d"}}