{"C:\\Users\\GANZA\\Documents\\nodejs\\Tax24\\index.js":{"path":"C:\\Users\\GANZA\\Documents\\nodejs\\Tax24\\index.js","statementMap":{"0":{"start":{"line":3,"column":0},"end":{"line":3,"column":27}},"1":{"start":{"line":5,"column":14},"end":{"line":5,"column":32}},"2":{"start":{"line":7,"column":17},"end":{"line":7,"column":39}},"3":{"start":{"line":9,"column":11},"end":{"line":9,"column":26}},"4":{"start":{"line":11,"column":10},"end":{"line":11,"column":19}},"5":{"start":{"line":13,"column":11},"end":{"line":13,"column":34}},"6":{"start":{"line":15,"column":0},"end":{"line":15,"column":16}},"7":{"start":{"line":17,"column":0},"end":{"line":17,"column":27}},"8":{"start":{"line":18,"column":0},"end":{"line":20,"column":4}},"9":{"start":{"line":21,"column":0},"end":{"line":21,"column":27}},"10":{"start":{"line":22,"column":0},"end":{"line":24,"column":4}},"11":{"start":{"line":25,"column":14},"end":{"line":25,"column":46}},"12":{"start":{"line":26,"column":13},"end":{"line":26,"column":45}},"13":{"start":{"line":27,"column":0},"end":{"line":27,"column":49}},"14":{"start":{"line":28,"column":0},"end":{"line":33,"column":3}},"15":{"start":{"line":29,"column":2},"end":{"line":32,"column":5}},"16":{"start":{"line":34,"column":11},"end":{"line":34,"column":39}},"17":{"start":{"line":35,"column":10},"end":{"line":35,"column":72}},"18":{"start":{"line":36,"column":0},"end":{"line":38,"column":3}},"19":{"start":{"line":37,"column":2},"end":{"line":37,"column":89}},"20":{"start":{"line":39,"column":0},"end":{"line":39,"column":21}}},"fnMap":{"0":{"name":"(anonymous_0)","decl":{"start":{"line":28,"column":13},"end":{"line":28,"column":14}},"loc":{"start":{"line":28,"column":33},"end":{"line":33,"column":1}},"line":28},"1":{"name":"(anonymous_1)","decl":{"start":{"line":36,"column":17},"end":{"line":36,"column":18}},"loc":{"start":{"line":36,"column":29},"end":{"line":38,"column":1}},"line":36}},"branchMap":{"0":{"loc":{"start":{"line":25,"column":14},"end":{"line":25,"column":46}},"type":"binary-expr","locations":[{"start":{"line":25,"column":14},"end":{"line":25,"column":37}},{"start":{"line":25,"column":41},"end":{"line":25,"column":46}}],"line":25},"1":{"loc":{"start":{"line":26,"column":13},"end":{"line":26,"column":45}},"type":"binary-expr","locations":[{"start":{"line":26,"column":13},"end":{"line":26,"column":35}},{"start":{"line":26,"column":39},"end":{"line":26,"column":45}}],"line":26},"2":{"loc":{"start":{"line":34,"column":11},"end":{"line":34,"column":39}},"type":"binary-expr","locations":[{"start":{"line":34,"column":11},"end":{"line":34,"column":31}},{"start":{"line":34,"column":35},"end":{"line":34,"column":39}}],"line":34},"3":{"loc":{"start":{"line":35,"column":10},"end":{"line":35,"column":72}},"type":"binary-expr","locations":[{"start":{"line":35,"column":10},"end":{"line":35,"column":42}},{"start":{"line":35,"column":46},"end":{"line":35,"column":72}}],"line":35}},"s":{"0":1,"1":1,"2":1,"3":1,"4":1,"5":1,"6":1,"7":1,"8":1,"9":1,"10":1,"11":1,"12":1,"13":1,"14":1,"15":1,"16":1,"17":1,"18":1,"19":1,"20":1},"f":{"0":1,"1":1},"b":{"0":[1,0],"1":[1,0],"2":[1,0],"3":[1,0]},"inputSourceMap":{"version":3,"sources":["index.js"],"names":["require","config","express","bodyParser","cors","app","apis","use","json","urlencoded","extended","text","type","version","process","env","API_VERSION","prefix","API_PREFIX","req","res","status","send","message","APP_NAME","port","APP_PORT","url","APP_URL","listen","console","log","module","exports"],"mappings":";;AAAAA,OAAO,CAAC,QAAD,CAAP,CAAkBC,MAAlB;;AACA,IAAMC,OAAO,GAAGF,OAAO,CAAC,SAAD,CAAvB;;AACA,IAAMG,UAAU,GAAGH,OAAO,CAAC,aAAD,CAA1B;;AACA,IAAMI,IAAI,GAAGJ,OAAO,CAAC,MAAD,CAApB;;AAEA,IAAMK,GAAG,GAAGH,OAAO,EAAnB;;AACA,IAAMI,IAAI,GAAGN,OAAO,CAAC,cAAD,CAApB;;AAEAK,GAAG,CAACE,GAAJ,CAAQH,IAAI,EAAZ,E,CACA;;AACAC,GAAG,CAACE,GAAJ,CAAQJ,UAAU,CAACK,IAAX,EAAR;AACAH,GAAG,CAACE,GAAJ,CAAQJ,UAAU,CAACM,UAAX,CAAsB;AAACC,EAAAA,QAAQ,EAAE;AAAX,CAAtB,CAAR;AACAL,GAAG,CAACE,GAAJ,CAAQJ,UAAU,CAACQ,IAAX,EAAR;AACAN,GAAG,CAACE,GAAJ,CAAQJ,UAAU,CAACK,IAAX,CAAgB;AAAEI,EAAAA,IAAI,EAAE;AAAR,CAAhB,CAAR;AAOA,IAAMC,OAAO,GAAGC,OAAO,CAACC,GAAR,CAAYC,WAAZ,IAA2B,KAA3C;AACA,IAAMC,MAAM,GAAGH,OAAO,CAACC,GAAR,CAAYG,UAAZ,IAA0B,MAAzC;AAEAb,GAAG,CAACE,GAAJ,WAAWM,OAAX,SAAqBI,MAArB,GAA+BX,IAA/B;AAEAD,GAAG,CAACE,GAAJ,CAAQ,GAAR,EAAY,UAACY,GAAD,EAAMC,GAAN;AAAA,SAAcA,GAAG,CAACC,MAAJ,CAAW,GAAX,EAAgBC,IAAhB,CAAqB;AAC7CD,IAAAA,MAAM,EAAE,GADqC;AAE7CE,IAAAA,OAAO,EAAE,gBAAcT,OAAO,CAACC,GAAR,CAAYS;AAFU,GAArB,CAAd;AAAA,CAAZ;AASA,IAAMC,IAAI,GAAGX,OAAO,CAACC,GAAR,CAAYW,QAAZ,IAAwB,IAArC;AACA,IAAMC,GAAG,GAAGb,OAAO,CAACC,GAAR,CAAYa,OAAZ,GAAsB,GAAtB,GAA4BH,IAA5B,IAAoC,sBAAsBA,IAAtE;AAEApB,GAAG,CAACwB,MAAJ,CAAWJ,IAAX,EAAiB;AAAA,SAAMK,OAAO,CAACC,GAAR,CAAYjB,OAAO,CAACC,GAAR,CAAYS,QAAZ,GAAsB,MAAlC,iCAAkEG,GAAlE,EAAN;AAAA,CAAjB;AACAK,MAAM,CAACC,OAAP,GAAiB5B,GAAjB,C,CAEA;AACA;AAEA;AACA;AAEA;AACA;AAEA;AACA;AACA;AACA","sourceRoot":"C:\\Users\\GANZA\\Documents\\nodejs\\Tax24\\","sourcesContent":["require(\"dotenv\").config();\r\nconst express = require('express');\r\nconst bodyParser = require('body-parser');\r\nconst cors = require('cors');\r\n\r\nconst app = express();\r\nconst apis = require('./routes/api');\r\n\r\napp.use(cors());\r\n//parse application/json and look for raw text\r\napp.use(bodyParser.json());\r\napp.use(bodyParser.urlencoded({extended: true}));\r\napp.use(bodyParser.text());\r\napp.use(bodyParser.json({ type: 'application/json'}));\r\n\r\n\r\n\r\n\r\n\r\n\r\nconst version = process.env.API_VERSION || '/v1';\r\nconst prefix = process.env.API_PREFIX || '/api';\r\n\r\napp.use(`${version}${prefix}`, apis);\r\n\r\napp.use('/',(req, res) => res.status(200).send({\r\n  status: 200,\r\n  message: 'Welcome to '+process.env.APP_NAME,\r\n}));\r\n\r\n\r\n\r\n      \r\n\r\nconst port = process.env.APP_PORT || 4000;\r\nconst url = process.env.APP_URL + ':' + port || 'http://localhost:' + port;\r\n\r\napp.listen(port, () => console.log(process.env.APP_NAME+ ' api', `Server is running on ${url}`));\r\nmodule.exports = app;\r\n\r\n// Create Driver Model\r\n//npx sequelize-cli model:generate --name driver --attributes name:string,email:string,number:string,status:string,latitude:string,longitude:string,country:string,city:string,state:string,streetName:string,streetNumber:string\r\n\r\n// CREATE Rider Model \r\n// npx sequelize-cli model:generate --name rider --attributes name:string,email:string,number:string,status:string,latitude:string,longitude:string,country:string,city:string,state:string,streetName:string,streetNumber:string\r\n\r\n// CREATE Trip\r\n// npx sequelize-cli model:generate --name trip --attributes driverId:string,riderId:string,from:string,to:string,distance:string,status:string\r\n\r\n//CREATE DRIVER SEEDER\r\n//npx sequelize-cli seed:generate --name driver\r\n//npx sequelize-cli seed:generate --name rider\r\n//npx sequelize-cli seed:generate --name trip\r\n"]},"_coverageSchema":"1a1c01bbd47fc00a2c39e90264f33305004495a9","hash":"81eb43666a5822f73efc75db75ca2a6877250ea4","contentHash":"726af119d3dc225cf847563338e05de88390b476b868cbf6966d1efe947be114"},"C:\\Users\\GANZA\\Documents\\nodejs\\Tax24\\routes\\api\\index.js":{"path":"C:\\Users\\GANZA\\Documents\\nodejs\\Tax24\\routes\\api\\index.js","statementMap":{"0":{"start":{"line":3,"column":14},"end":{"line":3,"column":32}},"1":{"start":{"line":5,"column":19},"end":{"line":5,"column":39}},"2":{"start":{"line":7,"column":18},"end":{"line":7,"column":37}},"3":{"start":{"line":9,"column":17},"end":{"line":9,"column":35}},"4":{"start":{"line":11,"column":13},"end":{"line":11,"column":29}},"5":{"start":{"line":12,"column":0},"end":{"line":12,"column":37}},"6":{"start":{"line":13,"column":0},"end":{"line":13,"column":35}},"7":{"start":{"line":14,"column":0},"end":{"line":14,"column":33}},"8":{"start":{"line":15,"column":0},"end":{"line":15,"column":24}}},"fnMap":{},"branchMap":{},"s":{"0":1,"1":1,"2":1,"3":1,"4":1,"5":1,"6":1,"7":1,"8":1},"f":{},"b":{},"inputSourceMap":{"version":3,"sources":["index.js"],"names":["express","require","DriversRoute","RidersRoute","TripsRoute","router","Router","use","module","exports"],"mappings":";;AAAA,IAAMA,OAAO,GAAGC,OAAO,CAAC,SAAD,CAAvB;;AACA,IAAMC,YAAY,GAAGD,OAAO,CAAC,WAAD,CAA5B;;AACA,IAAME,WAAW,GAAGF,OAAO,CAAC,UAAD,CAA3B;;AACA,IAAMG,UAAU,GAAGH,OAAO,CAAC,SAAD,CAA1B;;AAEA,IAAMI,MAAM,GAAGL,OAAO,CAACM,MAAR,EAAf;AAEAD,MAAM,CAACE,GAAP,CAAW,UAAX,EAAuBL,YAAvB;AACAG,MAAM,CAACE,GAAP,CAAW,SAAX,EAAsBJ,WAAtB;AACAE,MAAM,CAACE,GAAP,CAAW,QAAX,EAAqBH,UAArB;AAEAI,MAAM,CAACC,OAAP,GAAiBJ,MAAjB","sourceRoot":"C:\\Users\\GANZA\\Documents\\nodejs\\Tax24\\routes\\api\\","sourcesContent":["const express = require('express');\r\nconst DriversRoute = require('./drivers');\r\nconst RidersRoute = require('./riders');\r\nconst TripsRoute = require('./trips');\r\n\r\nconst router = express.Router();\r\n\r\nrouter.use('/drivers', DriversRoute);\r\nrouter.use('/riders', RidersRoute);\r\nrouter.use('/trips', TripsRoute);\r\n\r\nmodule.exports = router;"]},"_coverageSchema":"1a1c01bbd47fc00a2c39e90264f33305004495a9","hash":"a3c9370ec98011d4b0531ebec2f55a4307c6c8d8","contentHash":"26f5428d31935c3eb4e325b913125afee4abbc0e7542cc80e44e70af4cab7e9d"},"C:\\Users\\GANZA\\Documents\\nodejs\\Tax24\\routes\\api\\drivers.js":{"path":"C:\\Users\\GANZA\\Documents\\nodejs\\Tax24\\routes\\api\\drivers.js","statementMap":{"0":{"start":{"line":3,"column":14},"end":{"line":3,"column":32}},"1":{"start":{"line":5,"column":24},"end":{"line":5,"column":75}},"2":{"start":{"line":7,"column":33},"end":{"line":7,"column":93}},"3":{"start":{"line":9,"column":13},"end":{"line":9,"column":29}},"4":{"start":{"line":11,"column":0},"end":{"line":11,"column":41}},"5":{"start":{"line":12,"column":0},"end":{"line":12,"column":78}},"6":{"start":{"line":13,"column":0},"end":{"line":13,"column":57}},"7":{"start":{"line":14,"column":0},"end":{"line":14,"column":93}},"8":{"start":{"line":15,"column":0},"end":{"line":15,"column":80}},"9":{"start":{"line":16,"column":0},"end":{"line":16,"column":89}},"10":{"start":{"line":17,"column":0},"end":{"line":17,"column":49}},"11":{"start":{"line":18,"column":0},"end":{"line":18,"column":58}},"12":{"start":{"line":20,"column":0},"end":{"line":20,"column":24}}},"fnMap":{},"branchMap":{},"s":{"0":1,"1":1,"2":1,"3":1,"4":1,"5":1,"6":1,"7":1,"8":1,"9":1,"10":1,"11":1,"12":1},"f":{},"b":{},"inputSourceMap":{"version":3,"sources":["drivers.js"],"names":["express","require","DriversController","DriverValidationMiddleware","router","Router","get","lists","post","request","store","getAvailable","getAvailableDriversWithInSpecificLocation","getClosestDriversByDriverId","patch","update","show","destroy","module","exports"],"mappings":";;AAAA,IAAMA,OAAO,GAAGC,OAAO,CAAC,SAAD,CAAvB;;AACA,IAAMC,iBAAiB,GAAGD,OAAO,CAAC,0CAAD,CAAjC;;AACA,IAAME,0BAA0B,GAAGF,OAAO,CAAC,mDAAD,CAA1C;;AACA,IAAMG,MAAM,GAAGJ,OAAO,CAACK,MAAR,EAAf,C,CAEA;;AAEAD,MAAM,CAACE,GAAP,CAAW,GAAX,EAAgBJ,iBAAiB,CAACK,KAAlC;AAEAH,MAAM,CAACI,IAAP,CAAY,GAAZ,EAAiBL,0BAA0B,CAACM,OAA5C,EAAqDP,iBAAiB,CAACQ,KAAvE;AACAN,MAAM,CAACE,GAAP,CAAW,YAAX,EAAyBJ,iBAAiB,CAACS,YAA3C;AACAP,MAAM,CAACE,GAAP,CAAW,mBAAX,EAAgCJ,iBAAiB,CAACU,yCAAlD;AACAR,MAAM,CAACE,GAAP,CAAW,oBAAX,EAAiCJ,iBAAiB,CAACW,2BAAnD;AAEAT,MAAM,CAACU,KAAP,CAAc,YAAd,EAA4BX,0BAA0B,CAACM,OAAvD,EAAgEP,iBAAiB,CAACa,MAAlF;AACAX,MAAM,CAACE,GAAP,CAAY,YAAZ,EAA0BJ,iBAAiB,CAACc,IAA5C;AACAZ,MAAM,UAAN,CAAe,YAAf,EAA6BF,iBAAiB,CAACe,OAA/C,E,CAGA;;AAEAC,MAAM,CAACC,OAAP,GAAiBf,MAAjB","sourceRoot":"C:\\Users\\GANZA\\Documents\\nodejs\\Tax24\\routes\\api\\","sourcesContent":["const express = require('express');\r\nconst DriversController = require('../../app/controllers/drivers.controller');\r\nconst DriverValidationMiddleware = require('../../app/middleware/driver-validation-middleware');\r\nconst router = express.Router();\r\n\r\n// ******************************** DRIVERS API ******************************************************\r\n\r\nrouter.get('/', DriversController.lists);\r\n\r\nrouter.post('/', DriverValidationMiddleware.request, DriversController.store)\r\nrouter.get('/available', DriversController.getAvailable);\r\nrouter.get('/specificLocation', DriversController.getAvailableDriversWithInSpecificLocation);\r\nrouter.get('/closest/:driverId', DriversController.getClosestDriversByDriverId);\r\n\r\nrouter.patch( '/:driverId', DriverValidationMiddleware.request, DriversController.update)\r\nrouter.get( '/:driverId', DriversController.show);\r\nrouter.delete( '/:driverId', DriversController.destroy);\r\n\r\n\r\n// ******************************** END DRIVERS API ***************************************************\r\n\r\nmodule.exports = router;"]},"_coverageSchema":"1a1c01bbd47fc00a2c39e90264f33305004495a9","hash":"848c09b5c8b97cd836f500ed2d92fb485f1e8e63","contentHash":"b6300865bf4eaf8c3399c95633d187d60aa0df76bc608eac8a3b780d68c084f5"},"C:\\Users\\GANZA\\Documents\\nodejs\\Tax24\\app\\controllers\\drivers.controller.js":{"path":"C:\\Users\\GANZA\\Documents\\nodejs\\Tax24\\app\\controllers\\drivers.controller.js","statementMap":{"0":{"start":{"line":3,"column":29},"end":{"line":3,"column":84}},"1":{"start":{"line":5,"column":19},"end":{"line":5,"column":80}},"2":{"start":{"line":7,"column":25},"end":{"line":7,"column":99}},"3":{"start":{"line":9,"column":23},"end":{"line":9,"column":95}},"4":{"start":{"line":11,"column":15},"end":{"line":11,"column":48}},"5":{"start":{"line":12,"column":14},"end":{"line":12,"column":30}},"6":{"start":{"line":13,"column":12},"end":{"line":13,"column":26}},"7":{"start":{"line":15,"column":16},"end":{"line":15,"column":44}},"8":{"start":{"line":16,"column":20},"end":{"line":16,"column":43}},"9":{"start":{"line":17,"column":20},"end":{"line":17,"column":43}},"10":{"start":{"line":18,"column":26},"end":{"line":18,"column":55}},"11":{"start":{"line":19,"column":24},"end":{"line":19,"column":51}},"12":{"start":{"line":21,"column":9},"end":{"line":21,"column":29}},"13":{"start":{"line":23,"column":9},"end":{"line":23,"column":24}},"14":{"start":{"line":25,"column":20},"end":{"line":25,"column":57}},"15":{"start":{"line":32,"column":0},"end":{"line":60,"column":2}},"16":{"start":{"line":33,"column":19},"end":{"line":33,"column":28}},"17":{"start":{"line":34,"column":13},"end":{"line":34,"column":28}},"18":{"start":{"line":35,"column":13},"end":{"line":35,"column":28}},"19":{"start":{"line":36,"column":13},"end":{"line":36,"column":28}},"20":{"start":{"line":38,"column":23},"end":{"line":38,"column":48}},"21":{"start":{"line":39,"column":14},"end":{"line":39,"column":34}},"22":{"start":{"line":40,"column":15},"end":{"line":40,"column":36}},"23":{"start":{"line":42,"column":18},"end":{"line":44,"column":10}},"24":{"start":{"line":45,"column":15},"end":{"line":49,"column":3}},"25":{"start":{"line":50,"column":2},"end":{"line":59,"column":5}},"26":{"start":{"line":51,"column":4},"end":{"line":56,"column":5}},"27":{"start":{"line":52,"column":21},"end":{"line":52,"column":53}},"28":{"start":{"line":53,"column":6},"end":{"line":53,"column":70}},"29":{"start":{"line":55,"column":6},"end":{"line":55,"column":49}},"30":{"start":{"line":58,"column":4},"end":{"line":58,"column":92}},"31":{"start":{"line":62,"column":0},"end":{"line":88,"column":2}},"32":{"start":{"line":63,"column":20},"end":{"line":63,"column":29}},"33":{"start":{"line":64,"column":13},"end":{"line":64,"column":29}},"34":{"start":{"line":65,"column":13},"end":{"line":65,"column":29}},"35":{"start":{"line":67,"column":24},"end":{"line":67,"column":49}},"36":{"start":{"line":68,"column":14},"end":{"line":68,"column":35}},"37":{"start":{"line":69,"column":15},"end":{"line":69,"column":37}},"38":{"start":{"line":71,"column":15},"end":{"line":77,"column":3}},"39":{"start":{"line":78,"column":2},"end":{"line":87,"column":5}},"40":{"start":{"line":79,"column":4},"end":{"line":84,"column":5}},"41":{"start":{"line":80,"column":21},"end":{"line":80,"column":53}},"42":{"start":{"line":81,"column":6},"end":{"line":81,"column":70}},"43":{"start":{"line":83,"column":6},"end":{"line":83,"column":59}},"44":{"start":{"line":86,"column":4},"end":{"line":86,"column":92}},"45":{"start":{"line":91,"column":0},"end":{"line":152,"column":2}},"46":{"start":{"line":92,"column":20},"end":{"line":92,"column":29}},"47":{"start":{"line":93,"column":13},"end":{"line":93,"column":29}},"48":{"start":{"line":94,"column":13},"end":{"line":94,"column":29}},"49":{"start":{"line":95,"column":12},"end":{"line":95,"column":27}},"50":{"start":{"line":96,"column":12},"end":{"line":96,"column":27}},"51":{"start":{"line":97,"column":21},"end":{"line":97,"column":45}},"52":{"start":{"line":98,"column":15},"end":{"line":102,"column":3}},"53":{"start":{"line":103,"column":25},"end":{"line":106,"column":3}},"54":{"start":{"line":107,"column":2},"end":{"line":151,"column":5}},"55":{"start":{"line":108,"column":15},"end":{"line":144,"column":7}},"56":{"start":{"line":110,"column":6},"end":{"line":143,"column":18}},"57":{"start":{"line":111,"column":8},"end":{"line":142,"column":9}},"58":{"start":{"line":112,"column":10},"end":{"line":141,"column":11}},"59":{"start":{"line":114,"column":14},"end":{"line":117,"column":15}},"60":{"start":{"line":115,"column":16},"end":{"line":115,"column":34}},"61":{"start":{"line":116,"column":16},"end":{"line":116,"column":22}},"62":{"start":{"line":119,"column":14},"end":{"line":119,"column":117}},"63":{"start":{"line":121,"column":14},"end":{"line":124,"column":15}},"64":{"start":{"line":122,"column":16},"end":{"line":122,"column":34}},"65":{"start":{"line":123,"column":16},"end":{"line":123,"column":22}},"66":{"start":{"line":126,"column":14},"end":{"line":126,"column":156}},"67":{"start":{"line":129,"column":14},"end":{"line":129,"column":84}},"68":{"start":{"line":132,"column":14},"end":{"line":132,"column":33}},"69":{"start":{"line":133,"column":14},"end":{"line":133,"column":20}},"70":{"start":{"line":136,"column":14},"end":{"line":136,"column":84}},"71":{"start":{"line":140,"column":14},"end":{"line":140,"column":37}},"72":{"start":{"line":146,"column":4},"end":{"line":148,"column":6}},"73":{"start":{"line":147,"column":6},"end":{"line":147,"column":41}},"74":{"start":{"line":150,"column":4},"end":{"line":150,"column":92}},"75":{"start":{"line":158,"column":0},"end":{"line":231,"column":4}},"76":{"start":{"line":159,"column":14},"end":{"line":226,"column":5}},"77":{"start":{"line":161,"column":4},"end":{"line":225,"column":34}},"78":{"start":{"line":162,"column":6},"end":{"line":224,"column":7}},"79":{"start":{"line":163,"column":8},"end":{"line":223,"column":9}},"80":{"start":{"line":165,"column":12},"end":{"line":165,"column":31}},"81":{"start":{"line":166,"column":12},"end":{"line":166,"column":37}},"82":{"start":{"line":168,"column":12},"end":{"line":171,"column":13}},"83":{"start":{"line":169,"column":14},"end":{"line":169,"column":33}},"84":{"start":{"line":170,"column":14},"end":{"line":170,"column":20}},"85":{"start":{"line":173,"column":12},"end":{"line":173,"column":104}},"86":{"start":{"line":176,"column":12},"end":{"line":176,"column":31}},"87":{"start":{"line":177,"column":12},"end":{"line":177,"column":46}},"88":{"start":{"line":180,"column":12},"end":{"line":180,"column":44}},"89":{"start":{"line":182,"column":12},"end":{"line":185,"column":13}},"90":{"start":{"line":183,"column":14},"end":{"line":183,"column":34}},"91":{"start":{"line":184,"column":14},"end":{"line":184,"column":20}},"92":{"start":{"line":187,"column":12},"end":{"line":190,"column":14}},"93":{"start":{"line":191,"column":12},"end":{"line":191,"column":32}},"94":{"start":{"line":192,"column":12},"end":{"line":196,"column":15}},"95":{"start":{"line":199,"column":12},"end":{"line":199,"column":46}},"96":{"start":{"line":201,"column":12},"end":{"line":204,"column":13}},"97":{"start":{"line":202,"column":14},"end":{"line":202,"column":34}},"98":{"start":{"line":203,"column":14},"end":{"line":203,"column":20}},"99":{"start":{"line":206,"column":12},"end":{"line":206,"column":102}},"100":{"start":{"line":207,"column":12},"end":{"line":207,"column":116}},"101":{"start":{"line":210,"column":12},"end":{"line":210,"column":91}},"102":{"start":{"line":213,"column":12},"end":{"line":213,"column":115}},"103":{"start":{"line":216,"column":12},"end":{"line":216,"column":32}},"104":{"start":{"line":217,"column":12},"end":{"line":217,"column":49}},"105":{"start":{"line":218,"column":12},"end":{"line":218,"column":85}},"106":{"start":{"line":222,"column":12},"end":{"line":222,"column":36}},"107":{"start":{"line":228,"column":2},"end":{"line":230,"column":4}},"108":{"start":{"line":229,"column":4},"end":{"line":229,"column":40}},"109":{"start":{"line":238,"column":0},"end":{"line":259,"column":2}},"110":{"start":{"line":240,"column":16},"end":{"line":252,"column":3}},"111":{"start":{"line":254,"column":2},"end":{"line":258,"column":5}},"112":{"start":{"line":255,"column":4},"end":{"line":255,"column":55}},"113":{"start":{"line":257,"column":4},"end":{"line":257,"column":92}},"114":{"start":{"line":261,"column":0},"end":{"line":277,"column":2}},"115":{"start":{"line":262,"column":11},"end":{"line":262,"column":30}},"116":{"start":{"line":264,"column":2},"end":{"line":266,"column":3}},"117":{"start":{"line":265,"column":4},"end":{"line":265,"column":68}},"118":{"start":{"line":268,"column":2},"end":{"line":276,"column":5}},"119":{"start":{"line":269,"column":4},"end":{"line":273,"column":5}},"120":{"start":{"line":270,"column":6},"end":{"line":270,"column":62}},"121":{"start":{"line":272,"column":6},"end":{"line":272,"column":48}},"122":{"start":{"line":275,"column":4},"end":{"line":275,"column":83}},"123":{"start":{"line":279,"column":0},"end":{"line":308,"column":2}},"124":{"start":{"line":280,"column":11},"end":{"line":280,"column":30}},"125":{"start":{"line":282,"column":2},"end":{"line":284,"column":3}},"126":{"start":{"line":283,"column":4},"end":{"line":283,"column":68}},"127":{"start":{"line":286,"column":16},"end":{"line":298,"column":3}},"128":{"start":{"line":299,"column":2},"end":{"line":307,"column":5}},"129":{"start":{"line":300,"column":4},"end":{"line":304,"column":5}},"130":{"start":{"line":301,"column":6},"end":{"line":301,"column":58}},"131":{"start":{"line":303,"column":6},"end":{"line":303,"column":106}},"132":{"start":{"line":306,"column":4},"end":{"line":306,"column":81}},"133":{"start":{"line":310,"column":0},"end":{"line":334,"column":2}},"134":{"start":{"line":311,"column":11},"end":{"line":311,"column":30}},"135":{"start":{"line":313,"column":2},"end":{"line":315,"column":3}},"136":{"start":{"line":314,"column":4},"end":{"line":314,"column":68}},"137":{"start":{"line":317,"column":2},"end":{"line":333,"column":3}},"138":{"start":{"line":318,"column":4},"end":{"line":322,"column":7}},"139":{"start":{"line":319,"column":6},"end":{"line":319,"column":70}},"140":{"start":{"line":321,"column":6},"end":{"line":321,"column":83}},"141":{"start":{"line":324,"column":4},"end":{"line":332,"column":7}},"142":{"start":{"line":325,"column":6},"end":{"line":329,"column":7}},"143":{"start":{"line":326,"column":8},"end":{"line":326,"column":75}},"144":{"start":{"line":328,"column":8},"end":{"line":328,"column":109}},"145":{"start":{"line":331,"column":6},"end":{"line":331,"column":83}}},"fnMap":{"0":{"name":"(anonymous_0)","decl":{"start":{"line":32,"column":16},"end":{"line":32,"column":17}},"loc":{"start":{"line":32,"column":36},"end":{"line":60,"column":1}},"line":32},"1":{"name":"(anonymous_1)","decl":{"start":{"line":50,"column":33},"end":{"line":50,"column":34}},"loc":{"start":{"line":50,"column":49},"end":{"line":57,"column":3}},"line":50},"2":{"name":"(anonymous_2)","decl":{"start":{"line":57,"column":14},"end":{"line":57,"column":15}},"loc":{"start":{"line":57,"column":29},"end":{"line":59,"column":3}},"line":57},"3":{"name":"(anonymous_3)","decl":{"start":{"line":62,"column":23},"end":{"line":62,"column":24}},"loc":{"start":{"line":62,"column":43},"end":{"line":88,"column":1}},"line":62},"4":{"name":"(anonymous_4)","decl":{"start":{"line":78,"column":33},"end":{"line":78,"column":34}},"loc":{"start":{"line":78,"column":49},"end":{"line":85,"column":3}},"line":78},"5":{"name":"(anonymous_5)","decl":{"start":{"line":85,"column":14},"end":{"line":85,"column":15}},"loc":{"start":{"line":85,"column":29},"end":{"line":87,"column":3}},"line":85},"6":{"name":"(anonymous_6)","decl":{"start":{"line":91,"column":52},"end":{"line":91,"column":53}},"loc":{"start":{"line":91,"column":72},"end":{"line":152,"column":1}},"line":91},"7":{"name":"(anonymous_7)","decl":{"start":{"line":107,"column":47},"end":{"line":107,"column":48}},"loc":{"start":{"line":107,"column":59},"end":{"line":149,"column":3}},"line":107},"8":{"name":"_callee","decl":{"start":{"line":108,"column":102},"end":{"line":108,"column":109}},"loc":{"start":{"line":108,"column":119},"end":{"line":144,"column":5}},"line":108},"9":{"name":"_callee$","decl":{"start":{"line":110,"column":51},"end":{"line":110,"column":59}},"loc":{"start":{"line":110,"column":70},"end":{"line":143,"column":7}},"line":110},"10":{"name":"(anonymous_10)","decl":{"start":{"line":146,"column":11},"end":{"line":146,"column":12}},"loc":{"start":{"line":146,"column":25},"end":{"line":148,"column":5}},"line":146},"11":{"name":"(anonymous_11)","decl":{"start":{"line":149,"column":16},"end":{"line":149,"column":17}},"loc":{"start":{"line":149,"column":31},"end":{"line":151,"column":3}},"line":149},"12":{"name":"(anonymous_12)","decl":{"start":{"line":158,"column":51},"end":{"line":158,"column":52}},"loc":{"start":{"line":158,"column":63},"end":{"line":231,"column":1}},"line":158},"13":{"name":"_callee2","decl":{"start":{"line":159,"column":101},"end":{"line":159,"column":109}},"loc":{"start":{"line":159,"column":120},"end":{"line":226,"column":3}},"line":159},"14":{"name":"_callee2$","decl":{"start":{"line":161,"column":49},"end":{"line":161,"column":58}},"loc":{"start":{"line":161,"column":70},"end":{"line":225,"column":5}},"line":161},"15":{"name":"(anonymous_15)","decl":{"start":{"line":228,"column":9},"end":{"line":228,"column":10}},"loc":{"start":{"line":228,"column":29},"end":{"line":230,"column":3}},"line":228},"16":{"name":"(anonymous_16)","decl":{"start":{"line":238,"column":16},"end":{"line":238,"column":17}},"loc":{"start":{"line":238,"column":36},"end":{"line":259,"column":1}},"line":238},"17":{"name":"(anonymous_17)","decl":{"start":{"line":254,"column":35},"end":{"line":254,"column":36}},"loc":{"start":{"line":254,"column":53},"end":{"line":256,"column":3}},"line":254},"18":{"name":"(anonymous_18)","decl":{"start":{"line":256,"column":14},"end":{"line":256,"column":15}},"loc":{"start":{"line":256,"column":29},"end":{"line":258,"column":3}},"line":256},"19":{"name":"(anonymous_19)","decl":{"start":{"line":261,"column":15},"end":{"line":261,"column":16}},"loc":{"start":{"line":261,"column":35},"end":{"line":277,"column":1}},"line":261},"20":{"name":"(anonymous_20)","decl":{"start":{"line":268,"column":34},"end":{"line":268,"column":35}},"loc":{"start":{"line":268,"column":52},"end":{"line":274,"column":3}},"line":268},"21":{"name":"(anonymous_21)","decl":{"start":{"line":274,"column":14},"end":{"line":274,"column":15}},"loc":{"start":{"line":274,"column":29},"end":{"line":276,"column":3}},"line":274},"22":{"name":"(anonymous_22)","decl":{"start":{"line":279,"column":17},"end":{"line":279,"column":18}},"loc":{"start":{"line":279,"column":37},"end":{"line":308,"column":1}},"line":279},"23":{"name":"(anonymous_23)","decl":{"start":{"line":299,"column":41},"end":{"line":299,"column":42}},"loc":{"start":{"line":299,"column":56},"end":{"line":305,"column":3}},"line":299},"24":{"name":"(anonymous_24)","decl":{"start":{"line":305,"column":14},"end":{"line":305,"column":15}},"loc":{"start":{"line":305,"column":29},"end":{"line":307,"column":3}},"line":305},"25":{"name":"(anonymous_25)","decl":{"start":{"line":310,"column":18},"end":{"line":310,"column":19}},"loc":{"start":{"line":310,"column":38},"end":{"line":334,"column":1}},"line":310},"26":{"name":"(anonymous_26)","decl":{"start":{"line":318,"column":34},"end":{"line":318,"column":35}},"loc":{"start":{"line":318,"column":49},"end":{"line":320,"column":5}},"line":318},"27":{"name":"(anonymous_27)","decl":{"start":{"line":320,"column":16},"end":{"line":320,"column":17}},"loc":{"start":{"line":320,"column":31},"end":{"line":322,"column":5}},"line":320},"28":{"name":"(anonymous_28)","decl":{"start":{"line":324,"column":35},"end":{"line":324,"column":36}},"loc":{"start":{"line":324,"column":50},"end":{"line":330,"column":5}},"line":324},"29":{"name":"(anonymous_29)","decl":{"start":{"line":330,"column":16},"end":{"line":330,"column":17}},"loc":{"start":{"line":330,"column":31},"end":{"line":332,"column":5}},"line":330}},"branchMap":{"0":{"loc":{"start":{"line":42,"column":18},"end":{"line":44,"column":10}},"type":"cond-expr","locations":[{"start":{"line":42,"column":25},"end":{"line":44,"column":3}},{"start":{"line":44,"column":6},"end":{"line":44,"column":10}}],"line":42},"1":{"loc":{"start":{"line":51,"column":4},"end":{"line":56,"column":5}},"type":"if","locations":[{"start":{"line":51,"column":4},"end":{"line":56,"column":5}},{"start":{"line":51,"column":4},"end":{"line":56,"column":5}}],"line":51},"2":{"loc":{"start":{"line":58,"column":22},"end":{"line":58,"column":85}},"type":"binary-expr","locations":[{"start":{"line":58,"column":22},"end":{"line":58,"column":33}},{"start":{"line":58,"column":37},"end":{"line":58,"column":85}}],"line":58},"3":{"loc":{"start":{"line":79,"column":4},"end":{"line":84,"column":5}},"type":"if","locations":[{"start":{"line":79,"column":4},"end":{"line":84,"column":5}},{"start":{"line":79,"column":4},"end":{"line":84,"column":5}}],"line":79},"4":{"loc":{"start":{"line":86,"column":22},"end":{"line":86,"column":85}},"type":"binary-expr","locations":[{"start":{"line":86,"column":22},"end":{"line":86,"column":33}},{"start":{"line":86,"column":37},"end":{"line":86,"column":85}}],"line":86},"5":{"loc":{"start":{"line":112,"column":10},"end":{"line":141,"column":11}},"type":"switch","locations":[{"start":{"line":113,"column":12},"end":{"line":126,"column":156}},{"start":{"line":128,"column":12},"end":{"line":129,"column":84}},{"start":{"line":131,"column":12},"end":{"line":133,"column":20}},{"start":{"line":135,"column":12},"end":{"line":136,"column":84}},{"start":{"line":138,"column":12},"end":{"line":138,"column":20}},{"start":{"line":139,"column":12},"end":{"line":140,"column":37}}],"line":112},"6":{"loc":{"start":{"line":114,"column":14},"end":{"line":117,"column":15}},"type":"if","locations":[{"start":{"line":114,"column":14},"end":{"line":117,"column":15}},{"start":{"line":114,"column":14},"end":{"line":117,"column":15}}],"line":114},"7":{"loc":{"start":{"line":121,"column":14},"end":{"line":124,"column":15}},"type":"if","locations":[{"start":{"line":121,"column":14},"end":{"line":124,"column":15}},{"start":{"line":121,"column":14},"end":{"line":124,"column":15}}],"line":121},"8":{"loc":{"start":{"line":150,"column":22},"end":{"line":150,"column":85}},"type":"binary-expr","locations":[{"start":{"line":150,"column":22},"end":{"line":150,"column":33}},{"start":{"line":150,"column":37},"end":{"line":150,"column":85}}],"line":150},"9":{"loc":{"start":{"line":163,"column":8},"end":{"line":223,"column":9}},"type":"switch","locations":[{"start":{"line":164,"column":10},"end":{"line":173,"column":104}},{"start":{"line":175,"column":10},"end":{"line":177,"column":46}},{"start":{"line":179,"column":10},"end":{"line":196,"column":15}},{"start":{"line":198,"column":10},"end":{"line":207,"column":116}},{"start":{"line":209,"column":10},"end":{"line":210,"column":91}},{"start":{"line":212,"column":10},"end":{"line":213,"column":115}},{"start":{"line":215,"column":10},"end":{"line":218,"column":85}},{"start":{"line":220,"column":10},"end":{"line":220,"column":18}},{"start":{"line":221,"column":10},"end":{"line":222,"column":36}}],"line":163},"10":{"loc":{"start":{"line":168,"column":12},"end":{"line":171,"column":13}},"type":"if","locations":[{"start":{"line":168,"column":12},"end":{"line":171,"column":13}},{"start":{"line":168,"column":12},"end":{"line":171,"column":13}}],"line":168},"11":{"loc":{"start":{"line":173,"column":57},"end":{"line":173,"column":96}},"type":"binary-expr","locations":[{"start":{"line":173,"column":57},"end":{"line":173,"column":68}},{"start":{"line":173,"column":72},"end":{"line":173,"column":96}}],"line":173},"12":{"loc":{"start":{"line":182,"column":12},"end":{"line":185,"column":13}},"type":"if","locations":[{"start":{"line":182,"column":12},"end":{"line":185,"column":13}},{"start":{"line":182,"column":12},"end":{"line":185,"column":13}}],"line":182},"13":{"loc":{"start":{"line":201,"column":12},"end":{"line":204,"column":13}},"type":"if","locations":[{"start":{"line":201,"column":12},"end":{"line":204,"column":13}},{"start":{"line":201,"column":12},"end":{"line":204,"column":13}}],"line":201},"14":{"loc":{"start":{"line":257,"column":22},"end":{"line":257,"column":85}},"type":"binary-expr","locations":[{"start":{"line":257,"column":22},"end":{"line":257,"column":33}},{"start":{"line":257,"column":37},"end":{"line":257,"column":85}}],"line":257},"15":{"loc":{"start":{"line":264,"column":2},"end":{"line":266,"column":3}},"type":"if","locations":[{"start":{"line":264,"column":2},"end":{"line":266,"column":3}},{"start":{"line":264,"column":2},"end":{"line":266,"column":3}}],"line":264},"16":{"loc":{"start":{"line":265,"column":22},"end":{"line":265,"column":61}},"type":"binary-expr","locations":[{"start":{"line":265,"column":22},"end":{"line":265,"column":33}},{"start":{"line":265,"column":37},"end":{"line":265,"column":61}}],"line":265},"17":{"loc":{"start":{"line":269,"column":4},"end":{"line":273,"column":5}},"type":"if","locations":[{"start":{"line":269,"column":4},"end":{"line":273,"column":5}},{"start":{"line":269,"column":4},"end":{"line":273,"column":5}}],"line":269},"18":{"loc":{"start":{"line":275,"column":22},"end":{"line":275,"column":76}},"type":"binary-expr","locations":[{"start":{"line":275,"column":22},"end":{"line":275,"column":33}},{"start":{"line":275,"column":37},"end":{"line":275,"column":76}}],"line":275},"19":{"loc":{"start":{"line":282,"column":2},"end":{"line":284,"column":3}},"type":"if","locations":[{"start":{"line":282,"column":2},"end":{"line":284,"column":3}},{"start":{"line":282,"column":2},"end":{"line":284,"column":3}}],"line":282},"20":{"loc":{"start":{"line":283,"column":22},"end":{"line":283,"column":61}},"type":"binary-expr","locations":[{"start":{"line":283,"column":22},"end":{"line":283,"column":33}},{"start":{"line":283,"column":37},"end":{"line":283,"column":61}}],"line":283},"21":{"loc":{"start":{"line":300,"column":4},"end":{"line":304,"column":5}},"type":"if","locations":[{"start":{"line":300,"column":4},"end":{"line":304,"column":5}},{"start":{"line":300,"column":4},"end":{"line":304,"column":5}}],"line":300},"22":{"loc":{"start":{"line":306,"column":22},"end":{"line":306,"column":74}},"type":"binary-expr","locations":[{"start":{"line":306,"column":22},"end":{"line":306,"column":33}},{"start":{"line":306,"column":37},"end":{"line":306,"column":74}}],"line":306},"23":{"loc":{"start":{"line":313,"column":2},"end":{"line":315,"column":3}},"type":"if","locations":[{"start":{"line":313,"column":2},"end":{"line":315,"column":3}},{"start":{"line":313,"column":2},"end":{"line":315,"column":3}}],"line":313},"24":{"loc":{"start":{"line":314,"column":22},"end":{"line":314,"column":61}},"type":"binary-expr","locations":[{"start":{"line":314,"column":22},"end":{"line":314,"column":33}},{"start":{"line":314,"column":37},"end":{"line":314,"column":61}}],"line":314},"25":{"loc":{"start":{"line":317,"column":2},"end":{"line":333,"column":3}},"type":"if","locations":[{"start":{"line":317,"column":2},"end":{"line":333,"column":3}},{"start":{"line":317,"column":2},"end":{"line":333,"column":3}}],"line":317},"26":{"loc":{"start":{"line":321,"column":24},"end":{"line":321,"column":76}},"type":"binary-expr","locations":[{"start":{"line":321,"column":24},"end":{"line":321,"column":35}},{"start":{"line":321,"column":39},"end":{"line":321,"column":76}}],"line":321},"27":{"loc":{"start":{"line":325,"column":6},"end":{"line":329,"column":7}},"type":"if","locations":[{"start":{"line":325,"column":6},"end":{"line":329,"column":7}},{"start":{"line":325,"column":6},"end":{"line":329,"column":7}}],"line":325},"28":{"loc":{"start":{"line":331,"column":24},"end":{"line":331,"column":76}},"type":"binary-expr","locations":[{"start":{"line":331,"column":24},"end":{"line":331,"column":35}},{"start":{"line":331,"column":39},"end":{"line":331,"column":76}}],"line":331}},"s":{"0":1,"1":1,"2":1,"3":1,"4":1,"5":1,"6":1,"7":1,"8":1,"9":1,"10":1,"11":1,"12":1,"13":1,"14":1,"15":1,"16":1,"17":1,"18":1,"19":1,"20":1,"21":1,"22":1,"23":1,"24":1,"25":1,"26":1,"27":1,"28":1,"29":0,"30":0,"31":1,"32":1,"33":1,"34":1,"35":1,"36":1,"37":1,"38":1,"39":1,"40":1,"41":1,"42":1,"43":0,"44":0,"45":1,"46":1,"47":1,"48":1,"49":1,"50":1,"51":1,"52":1,"53":1,"54":1,"55":1,"56":1,"57":2,"58":2,"59":1,"60":0,"61":0,"62":1,"63":1,"64":0,"65":0,"66":1,"67":0,"68":0,"69":0,"70":0,"71":1,"72":1,"73":1,"74":0,"75":1,"76":1,"77":1,"78":4,"79":5,"80":1,"81":1,"82":1,"83":1,"84":1,"85":0,"86":1,"87":1,"88":1,"89":1,"90":0,"91":0,"92":1,"93":1,"94":1,"95":1,"96":1,"97":0,"98":0,"99":1,"100":1,"101":0,"102":0,"103":0,"104":0,"105":0,"106":1,"107":1,"108":1,"109":1,"110":1,"111":1,"112":1,"113":0,"114":1,"115":1,"116":1,"117":0,"118":1,"119":1,"120":1,"121":0,"122":0,"123":1,"124":1,"125":1,"126":0,"127":1,"128":1,"129":1,"130":1,"131":0,"132":0,"133":1,"134":0,"135":0,"136":0,"137":0,"138":0,"139":0,"140":0,"141":0,"142":0,"143":0,"144":0,"145":0},"f":{"0":1,"1":1,"2":0,"3":1,"4":1,"5":0,"6":1,"7":1,"8":1,"9":2,"10":1,"11":0,"12":1,"13":1,"14":4,"15":1,"16":1,"17":1,"18":0,"19":1,"20":1,"21":0,"22":1,"23":1,"24":0,"25":0,"26":0,"27":0,"28":0,"29":0},"b":{"0":[0,1],"1":[1,0],"2":[0,0],"3":[1,0],"4":[0,0],"5":[1,0,0,0,0,1],"6":[0,1],"7":[0,1],"8":[0,0],"9":[1,1,1,1,0,0,0,0,1],"10":[1,0],"11":[0,0],"12":[0,1],"13":[0,1],"14":[0,0],"15":[0,1],"16":[0,0],"17":[1,0],"18":[0,0],"19":[0,1],"20":[0,0],"21":[1,0],"22":[0,0],"23":[0,0],"24":[0,0],"25":[0,0],"26":[0,0],"27":[0,0],"28":[0,0]},"inputSourceMap":{"version":3,"sources":["drivers.controller.js"],"names":["require","success","error","getPagingData","getPagination","getDriverByLocation","getClosestDrivers","db","Op","Sequelize","DriverService","exports","lists","req","res","query","page","size","name","limit","offset","condition","like","params","where","all","then","data","response","err","message","getAvailable","status","getAvailableDriversWithInSpecificLocation","lat","lon","distanceInKm","specificLocation","drivers","count","availableDriversWithInSpecLocation","rows","length","getClosestDriversByDriverId","id","driverId","findById","specificDriver","specificDriverLocation","latitude","longitude","availableDrivers","driversWithinDistances","store","payload","body","email","number","country","city","state","streetName","streetNumber","save","driver","show","update","num","destroy","truncate"],"mappings":";;;;;;;;;;AAAA,eAGIA,OAAO,CAAC,wBAAD,CAHX;AAAA,IACIC,OADJ,YACIA,OADJ;AAAA,IAEIC,KAFJ,YAEIA,KAFJ;;AAIA,gBAKIF,OAAO,CAAC,mBAAD,CALX;AAAA,IACIG,aADJ,aACIA,aADJ;AAAA,IAEIC,aAFJ,aAEIA,aAFJ;AAAA,IAGIC,mBAHJ,aAGIA,mBAHJ;AAAA,IAIIC,iBAJJ,aAIIA,iBAJJ;;AAMA,IAAMC,EAAE,GAAGP,OAAO,CAAC,WAAD,CAAlB;;AAEA,IAAMQ,EAAE,GAAGD,EAAE,CAACE,SAAH,CAAaD,EAAxB;;AACA,IAAME,aAAa,GAAGV,OAAO,CAAC,4BAAD,CAA7B;AAEA;AACA;AACA;AACA;;;AAEAW,OAAO,CAACC,KAAR,GAAgB,UAACC,GAAD,EAAMC,GAAN,EAAc;AAE1B,mBAIID,GAAG,CAACE,KAJR;AAAA,MACIC,IADJ,cACIA,IADJ;AAAA,MAEIC,IAFJ,cAEIA,IAFJ;AAAA,MAGIC,IAHJ,cAGIA,IAHJ;;AAKA,uBAGId,aAAa,CAACY,IAAD,EAAOC,IAAP,CAHjB;AAAA,MACIE,KADJ,kBACIA,KADJ;AAAA,MAEIC,MAFJ,kBAEIA,MAFJ;;AAIA,MAAIC,SAAS,GAAGH,IAAI,GAAG;AACnBA,IAAAA,IAAI,uCACCV,EAAE,CAACc,IADJ,aACeJ,IADf;AADe,GAAH,GAIhB,IAJJ;AAKA,MAAIK,MAAM,GAAG;AACTC,IAAAA,KAAK,EAAEH,SADE;AAETF,IAAAA,KAAK,EAALA,KAFS;AAGTC,IAAAA,MAAM,EAANA;AAHS,GAAb;AAMAV,EAAAA,aAAa,CAACe,GAAd,CAAkBF,MAAlB,EACKG,IADL,CACU,UAAAC,IAAI,EAAI;AACV,QAAIA,IAAJ,EAAU;AACN,UAAMC,QAAQ,GAAGzB,aAAa,CAACwB,IAAD,EAAOX,IAAP,EAAaG,KAAb,CAA9B;AACA,aAAOlB,OAAO,CAACa,GAAD,EAAM,2BAAN,EAAmC,GAAnC,EAAwCc,QAAxC,CAAd;AACH,KAHD,MAGO;AACH,aAAO1B,KAAK,CAACY,GAAD,EAAM,kBAAN,EAA0B,GAA1B,CAAZ;AACH;AAEJ,GATL,WAUW,UAAAe,GAAG,EAAI;AACV,WAAO3B,KAAK,CAACY,GAAD,EAAMe,GAAG,CAACC,OAAJ,IAAe,gDAArB,EAAuE,GAAvE,CAAZ;AAEH,GAbL;AAcH,CApCD;;AAuCAnB,OAAO,CAACoB,YAAR,GAAuB,UAAClB,GAAD,EAAMC,GAAN,EAAc;AAEjC,oBAGID,GAAG,CAACE,KAHR;AAAA,MACIC,IADJ,eACIA,IADJ;AAAA,MAEIC,IAFJ,eAEIA,IAFJ;;AAKA,wBAGIb,aAAa,CAACY,IAAD,EAAOC,IAAP,CAHjB;AAAA,MACIE,KADJ,mBACIA,KADJ;AAAA,MAEIC,MAFJ,mBAEIA,MAFJ;;AAKA,MAAIG,MAAM,GAAG;AACTC,IAAAA,KAAK,EAAE;AACHQ,MAAAA,MAAM,EAAE;AADL,KADE;AAITb,IAAAA,KAAK,EAALA,KAJS;AAKTC,IAAAA,MAAM,EAANA;AALS,GAAb;AAQAV,EAAAA,aAAa,CAACe,GAAd,CAAkBF,MAAlB,EACKG,IADL,CACU,UAAAC,IAAI,EAAI;AACV,QAAIA,IAAJ,EAAU;AACN,UAAMC,QAAQ,GAAGzB,aAAa,CAACwB,IAAD,EAAOX,IAAP,EAAaG,KAAb,CAA9B;AACA,aAAOlB,OAAO,CAACa,GAAD,EAAM,2BAAN,EAAmC,GAAnC,EAAwCc,QAAxC,CAAd;AACH,KAHD,MAGO;AACH,aAAO1B,KAAK,CAACY,GAAD,EAAM,4BAAN,EAAoC,GAApC,CAAZ;AACH;AAEJ,GATL,WAUW,UAAAe,GAAG,EAAI;AACV,WAAO3B,KAAK,CAACY,GAAD,EAAMe,GAAG,CAACC,OAAJ,IAAe,gDAArB,EAAuE,GAAvE,CAAZ;AAEH,GAbL;AAcH,CAlCD,C,CAmCA;;;AAEAnB,OAAO,CAACsB,yCAAR,GAAoD,UAACpB,GAAD,EAAMC,GAAN,EAAc;AAE9D,oBAKID,GAAG,CAACE,KALR;AAAA,MACIC,IADJ,eACIA,IADJ;AAAA,MAEIC,IAFJ,eAEIA,IAFJ;AAAA,MAGIiB,GAHJ,eAGIA,GAHJ;AAAA,MAGQC,GAHR,eAGQA,GAHR;AAAA,MAIIC,YAJJ,eAIIA,YAJJ;AAOA,MAAIb,MAAM,GAAG;AACTC,IAAAA,KAAK,EAAE;AACHQ,MAAAA,MAAM,EAAE;AADL;AADE,GAAb;AAMA,MAAMK,gBAAgB,GAAG;AACrBH,IAAAA,GAAG,EAAEA,GADgB;AAErBC,IAAAA,GAAG,EAAEA;AAFgB,GAAzB;AAKAzB,EAAAA,aAAa,CAACe,GAAd,CAAkBF,MAAlB,EACKG,IADL;AAAA,6FACU,iBAAMY,OAAN;AAAA;AAAA;AAAA;AAAA;AAAA;AAAA,oBAEEA,OAAO,CAACC,KAAR,GAAgB,CAFlB;AAAA;AAAA;AAAA;;AAIQC,cAAAA,kCAJR,GAI6CnC,mBAAmB,CAACiC,OAAO,CAACG,IAAT,EAAeJ,gBAAf,EAAgCD,YAAhC,CAJhE;;AAAA,oBAMMI,kCAAkC,CAACE,MAAnC,GAA4C,CANlD;AAAA;AAAA;AAAA;;AAAA,+CAOazC,OAAO,CAACa,GAAD,EAAM,oDAAN,EAA4D,GAA5D,EAAiE0B,kCAAjE,CAPpB;;AAAA;AAAA,+CASatC,KAAK,CAACY,GAAD,EAAM,kBAAN,EAA0B,GAA1B,CATlB;;AAAA;AAAA;AAAA;;AAAA;AAAA,+CAaSZ,KAAK,CAACY,GAAD,EAAM,kBAAN,EAA0B,GAA1B,CAbd;;AAAA;AAAA;AAAA;AAAA;AAAA;AAAA;AAAA,KADV;;AAAA;AAAA;AAAA;AAAA,gBAkBW,UAAAe,GAAG,EAAI;AACV,WAAO3B,KAAK,CAACY,GAAD,EAAMe,GAAG,CAACC,OAAJ,IAAe,gDAArB,EAAuE,GAAvE,CAAZ;AAEH,GArBL;AAsBH,CA1CD;AA4CA;AACA;AACA;;;AACAnB,OAAO,CAACgC,2BAAR;AAAA,4FAAsC,kBAAO9B,GAAP,EAAYC,GAAZ;AAAA;AAAA;AAAA;AAAA;AAAA;AAAA;AAGxB8B,YAAAA,EAHwB,GAGnB/B,GAAG,CAACU,MAAJ,CAAWsB,QAHQ;;AAAA,gBAIzBD,EAJyB;AAAA;AAAA;AAAA;;AAAA,8CAKnB1C,KAAK,CAACY,GAAD,EAAMe,GAAG,CAACC,OAAJ,IAAe,wBAArB,EAA+C,GAA/C,CALc;;AAAA;AAAA;AAAA,mBAQDpB,aAAa,CAACoC,QAAd,CAAuBF,EAAvB,CARC;;AAAA;AAQxBG,YAAAA,cARwB;;AAAA,iBAS1BA,cAT0B;AAAA;AAAA;AAAA;;AAWpBC,YAAAA,sBAXoB,GAWK;AAC3Bd,cAAAA,GAAG,EAAEa,cAAc,CAACE,QADO;AAE3Bd,cAAAA,GAAG,EAAEY,cAAc,CAACG;AAFO,aAXL;AAAA;AAAA,mBAgBKxC,aAAa,CAACe,GAAd,CAAkB;AAC7CD,cAAAA,KAAK,EAAE;AACHQ,gBAAAA,MAAM,EAAE;AADL;AADsC,aAAlB,CAhBL;;AAAA;AAgBpBmB,YAAAA,gBAhBoB;;AAAA,kBAqBtBA,gBAAgB,CAACZ,KAAjB,GAAyB,CArBH;AAAA;AAAA;AAAA;;AAuBhBa,YAAAA,sBAvBgB,GAuBS9C,iBAAiB,CAAC6C,gBAAgB,CAACV,IAAlB,EAAwBO,sBAAxB,CAvB1B;AAAA,8CAyBf/C,OAAO,CAACa,GAAD,EAAM,yBAAN,EAAiC,GAAjC,EAAsCsC,sBAAtC,CAzBQ;;AAAA;AAAA,8CA8BnBlD,KAAK,CAACY,GAAD,8BAAkC,GAAlC,CA9Bc;;AAAA;AAAA,8CAgCvBZ,KAAK,CAACY,GAAD,sCAAmC8B,EAAnC,cAAgD,GAAhD,CAhCkB;;AAAA;AAAA;AAAA;AAAA,8CAqCvB1C,KAAK,CAACY,GAAD,EAAM,aAAEgB,OAAR,EAAiB,GAAjB,CArCkB;;AAAA;AAAA;AAAA;AAAA;AAAA;AAAA;AAAA,GAAtC;;AAAA;AAAA;AAAA;AAAA;AAyCA;AACA;AACA;AACA;;;AAEAnB,OAAO,CAAC0C,KAAR,GAAgB,UAACxC,GAAD,EAAMC,GAAN,EAAc;AAE1B;AACA,MAAMwC,OAAO,GAAG;AACZpC,IAAAA,IAAI,EAAEL,GAAG,CAAC0C,IAAJ,CAASrC,IADH;AAEZsC,IAAAA,KAAK,EAAE3C,GAAG,CAAC0C,IAAJ,CAASC,KAFJ;AAGZC,IAAAA,MAAM,EAAE5C,GAAG,CAAC0C,IAAJ,CAASE,MAHL;AAIZzB,IAAAA,MAAM,EAAEnB,GAAG,CAAC0C,IAAJ,CAASvB,MAJL;AAKZiB,IAAAA,QAAQ,EAAEpC,GAAG,CAAC0C,IAAJ,CAASN,QALP;AAMZC,IAAAA,SAAS,EAAErC,GAAG,CAAC0C,IAAJ,CAASL,SANR;AAOZQ,IAAAA,OAAO,EAAE7C,GAAG,CAAC0C,IAAJ,CAASG,OAPN;AAQZC,IAAAA,IAAI,EAAE9C,GAAG,CAAC0C,IAAJ,CAASI,IARH;AASZC,IAAAA,KAAK,EAAE/C,GAAG,CAAC0C,IAAJ,CAASK,KATJ;AAUZC,IAAAA,UAAU,EAAEhD,GAAG,CAAC0C,IAAJ,CAASM,UAVT;AAWZC,IAAAA,YAAY,EAAEjD,GAAG,CAAC0C,IAAJ,CAASO;AAXX,GAAhB,CAH0B,CAiB1B;;AAEApD,EAAAA,aAAa,CAACqD,IAAd,CAAmBT,OAAnB,EACK5B,IADL,CACU,UAAAsC,MAAM,EAAI;AACZ,WAAO/D,OAAO,CAACa,GAAD,EAAM,gBAAN,EAAwB,GAAxB,EAA6BkD,MAA7B,CAAd;AACH,GAHL,WAIW,UAAAnC,GAAG,EAAI;AACV,WAAO3B,KAAK,CAACY,GAAD,EAAMe,GAAG,CAACC,OAAJ,IAAe,gDAArB,EAAuE,GAAvE,CAAZ;AAEH,GAPL;AAQH,CA3BD;;AA6BAnB,OAAO,CAACsD,IAAR,GAAe,UAACpD,GAAD,EAAMC,GAAN,EAAc;AACzB,MAAM8B,EAAE,GAAG/B,GAAG,CAACU,MAAJ,CAAWsB,QAAtB;;AACA,MAAI,CAACD,EAAL,EAAS;AACL,WAAO1C,KAAK,CAACY,GAAD,EAAMe,GAAG,CAACC,OAAJ,IAAe,wBAArB,EAA+C,GAA/C,CAAZ;AACH;;AAEDpB,EAAAA,aAAa,CAACoC,QAAd,CAAuBF,EAAvB,EACKlB,IADL,CACU,UAAAsC,MAAM,EAAI;AACZ,QAAIA,MAAJ,EAAY;AACR,aAAO/D,OAAO,CAACa,GAAD,EAAM,qBAAN,EAA6B,GAA7B,EAAkCkD,MAAlC,CAAd;AACH,KAFD,MAEO;AACH,aAAO9D,KAAK,CAACY,GAAD,EAAM,iBAAN,EAAyB,GAAzB,CAAZ;AACH;AACJ,GAPL,WAQW,UAAAe,GAAG,EAAI;AACV,WAAO3B,KAAK,CAACY,GAAD,EAAMe,GAAG,CAACC,OAAJ,IAAe,qCAAqCc,EAA1D,EAA8D,GAA9D,CAAZ;AAEH,GAXL;AAYH,CAlBD;;AAmBAjC,OAAO,CAACuD,MAAR,GAAiB,UAACrD,GAAD,EAAMC,GAAN,EAAc;AAC3B,MAAM8B,EAAE,GAAG/B,GAAG,CAACU,MAAJ,CAAWsB,QAAtB;;AACA,MAAI,CAACD,EAAL,EAAS;AACL,WAAO1C,KAAK,CAACY,GAAD,EAAMe,GAAG,CAACC,OAAJ,IAAe,wBAArB,EAA+C,GAA/C,CAAZ;AACH;;AACD,MAAMwB,OAAO,GAAG;AACZpC,IAAAA,IAAI,EAAEL,GAAG,CAAC0C,IAAJ,CAASrC,IADH;AAEZsC,IAAAA,KAAK,EAAE3C,GAAG,CAAC0C,IAAJ,CAASC,KAFJ;AAGZC,IAAAA,MAAM,EAAE5C,GAAG,CAAC0C,IAAJ,CAASE,MAHL;AAIZzB,IAAAA,MAAM,EAAEnB,GAAG,CAAC0C,IAAJ,CAASvB,MAJL;AAKZiB,IAAAA,QAAQ,EAAEpC,GAAG,CAAC0C,IAAJ,CAASN,QALP;AAMZC,IAAAA,SAAS,EAAErC,GAAG,CAAC0C,IAAJ,CAASL,SANR;AAOZQ,IAAAA,OAAO,EAAE7C,GAAG,CAAC0C,IAAJ,CAASG,OAPN;AAQZC,IAAAA,IAAI,EAAE9C,GAAG,CAAC0C,IAAJ,CAASI,IARH;AASZC,IAAAA,KAAK,EAAE/C,GAAG,CAAC0C,IAAJ,CAASK,KATJ;AAUZC,IAAAA,UAAU,EAAEhD,GAAG,CAAC0C,IAAJ,CAASM,UAVT;AAWZC,IAAAA,YAAY,EAAEjD,GAAG,CAAC0C,IAAJ,CAASO;AAXX,GAAhB;AAcApD,EAAAA,aAAa,CAACwD,MAAd,CAAqBZ,OAArB,EAA8BV,EAA9B,EACKlB,IADL,CACU,UAAAyC,GAAG,EAAI;AAET,QAAIA,GAAG,IAAI,CAAX,EAAc;AACV,aAAOlE,OAAO,CAACa,GAAD,EAAM,gBAAN,EAAwB,GAAxB,EAA6BwC,OAA7B,CAAd;AACH,KAFD,MAEO;AACH,aAAOpD,KAAK,CAACY,GAAD,yCAAsC8B,EAAtC,oCAAyE,GAAzE,CAAZ;AACH;AACJ,GARL,WASW,UAAAf,GAAG,EAAI;AACV,WAAO3B,KAAK,CAACY,GAAD,EAAMe,GAAG,CAACC,OAAJ,IAAe,mCAAmCc,EAAxD,EAA4D,GAA5D,CAAZ;AAEH,GAZL;AAaH,CAhCD;;AAkCAjC,OAAO,CAACyD,OAAR,GAAkB,UAACvD,GAAD,EAAMC,GAAN,EAAc;AAC5B,MAAM8B,EAAE,GAAG/B,GAAG,CAACU,MAAJ,CAAWsB,QAAtB;;AACA,MAAI,CAACD,EAAL,EAAS;AACL,WAAO1C,KAAK,CAACY,GAAD,EAAMe,GAAG,CAACC,OAAJ,IAAe,wBAArB,EAA+C,GAA/C,CAAZ;AACH;;AAED,MAAIc,EAAE,IAAI,WAAV,EAAuB;AACnBlC,IAAAA,aAAa,CAAC2D,QAAd,GACK3C,IADL,CACU,UAAAyC,GAAG,EAAI;AACT,aAAOlE,OAAO,CAACa,GAAD,EAAM,+BAAN,EAAuC,GAAvC,EAA4C,IAA5C,CAAd;AACH,KAHL,WAIW,UAAAe,GAAG,EAAI;AACV,aAAO3B,KAAK,CAACY,GAAD,EAAMe,GAAG,CAACC,OAAJ,IAAe,mCAAmCc,EAAxD,EAA4D,GAA5D,CAAZ;AAEH,KAPL;AAQH,GATD,MASO;AACHlC,IAAAA,aAAa,CAAC0D,OAAd,CAAsBxB,EAAtB,EACKlB,IADL,CACU,UAAAyC,GAAG,EAAI;AAET,UAAIA,GAAG,IAAI,CAAX,EAAc;AACV,eAAOlE,OAAO,CAACa,GAAD,EAAM,kCAAN,EAA0C,GAA1C,EAA+C,IAA/C,CAAd;AACH,OAFD,MAEO;AACH,eAAOZ,KAAK,CAACY,GAAD,0CAAuC8B,EAAvC,oCAA0E,GAA1E,CAAZ;AACH;AACJ,KARL,WASW,UAAAf,GAAG,EAAI;AACV,aAAO3B,KAAK,CAACY,GAAD,EAAMe,GAAG,CAACC,OAAJ,IAAe,mCAAmCc,EAAxD,EAA4D,GAA5D,CAAZ;AAEH,KAZL;AAaH;AACJ,CA9BD","sourceRoot":"C:\\Users\\GANZA\\Documents\\nodejs\\Tax24\\app\\controllers\\","sourcesContent":["const {\r\n    success,\r\n    error\r\n} = require(\"../helpers/apiResponse\");\r\nconst {\r\n    getPagingData,\r\n    getPagination,\r\n    getDriverByLocation,\r\n    getClosestDrivers\r\n} = require(\"../helpers/common\");\r\nconst db = require(\"../models\");\r\n\r\nconst Op = db.Sequelize.Op;\r\nconst DriverService = require(\"../services/driver.service\");\r\n\r\n/*\r\n * @lists Method\r\n *  - Get a list of all drivers\r\n */\r\n\r\nexports.lists = (req, res) => {\r\n\r\n    const {\r\n        page,\r\n        size,\r\n        name\r\n    } = req.query;\r\n    const {\r\n        limit,\r\n        offset\r\n    } = getPagination(page, size);\r\n    var condition = name ? {\r\n        name: {\r\n            [Op.like]: `%${name}%`\r\n        }\r\n    } : null;\r\n    var params = {\r\n        where: condition,\r\n        limit,\r\n        offset\r\n    };\r\n\r\n    DriverService.all(params)\r\n        .then(data => {\r\n            if (data) {\r\n                const response = getPagingData(data, page, limit);\r\n                return success(res, \"Get a list of all drivers\", 200, response);\r\n            } else {\r\n                return error(res, \"No Drivers found\", 404);\r\n            }\r\n\r\n        })\r\n        .catch(err => {\r\n            return error(res, err.message || \"Some error occurred while getting the Drivers.\", 500);\r\n\r\n        });\r\n};\r\n\r\n\r\nexports.getAvailable = (req, res) => {\r\n\r\n    const {\r\n        page,\r\n        size\r\n    } = req.query;\r\n\r\n    const {\r\n        limit,\r\n        offset\r\n    } = getPagination(page, size);\r\n\r\n    var params = {\r\n        where: {\r\n            status: 'Available'\r\n        },\r\n        limit,\r\n        offset\r\n    };\r\n\r\n    DriverService.all(params)\r\n        .then(data => {\r\n            if (data) {\r\n                const response = getPagingData(data, page, limit);\r\n                return success(res, \"List of available Drivers\", 200, response);\r\n            } else {\r\n                return error(res, \"No Available Drivers found\", 404);\r\n            }\r\n\r\n        })\r\n        .catch(err => {\r\n            return error(res, err.message || \"Some error occurred while getting the Drivers.\", 500);\r\n\r\n        });\r\n};\r\n//getAvailableDriversWithLocation\r\n\r\nexports.getAvailableDriversWithInSpecificLocation = (req, res) => {\r\n\r\n    const {\r\n        page,\r\n        size,\r\n        lat,lon,\r\n        distanceInKm\r\n    } = req.query;\r\n\r\n    var params = {\r\n        where: {\r\n            status: 'Available'\r\n        }\r\n    };\r\n\r\n    const specificLocation = {\r\n        lat: lat,\r\n        lon: lon\r\n    };\r\n\r\n    DriverService.all(params)\r\n        .then(async drivers => {\r\n\r\n            if (drivers.count > 0) {\r\n\r\n                const availableDriversWithInSpecLocation = getDriverByLocation(drivers.rows, specificLocation,distanceInKm);\r\n\r\n                if (availableDriversWithInSpecLocation.length > 0) {\r\n                    return success(res, \"List of available Drivers within Specific Location\", 200, availableDriversWithInSpecLocation);\r\n                } else {\r\n                    return error(res, \"No Drivers found\", 404);\r\n                }\r\n\r\n            } else {\r\n                return error(res, \"No Drivers found\", 404);\r\n            }\r\n\r\n        })\r\n        .catch(err => {\r\n            return error(res, err.message || \"Some error occurred while getting the Drivers.\", 500);\r\n\r\n        });\r\n};\r\n\r\n/*\r\n *  For a specific driver, get a list of the 3 closest drivers\r\n */\r\nexports.getClosestDriversByDriverId = async (req, res) => {\r\n    try {\r\n\r\n        const id = req.params.driverId;\r\n        if (!id) {\r\n            return error(res, err.message || \"Driver Id is required \", 400);\r\n        }\r\n\r\n        const specificDriver = await DriverService.findById(id);\r\n        if (specificDriver) {\r\n\r\n            const specificDriverLocation = {\r\n                lat: specificDriver.latitude,\r\n                lon: specificDriver.longitude\r\n            };\r\n\r\n            const availableDrivers = await DriverService.all({\r\n                where: {\r\n                    status: 'Available'\r\n                }\r\n            });\r\n            if (availableDrivers.count > 0) {\r\n\r\n                const driversWithinDistances = getClosestDrivers(availableDrivers.rows, specificDriverLocation);\r\n\r\n                return success(res, \"List of closest Drivers\", 200, driversWithinDistances);\r\n            }\r\n\r\n\r\n\r\n            return error(res, `No Closest Drivers found`, 404);\r\n        }\r\n        return error(res, `No Specific Driver By ID=[${id}] found`, 404);\r\n\r\n\r\n        //   return response.error(res, \"No Available Driver\", 404);\r\n    } catch (e) {\r\n        return error(res, e.message, 500);\r\n    }\r\n}\r\n\r\n/*\r\n * @store Method\r\n *  - Store a driver\r\n */\r\n\r\nexports.store = (req, res) => {\r\n\r\n    // Create a Driver\r\n    const payload = {\r\n        name: req.body.name,\r\n        email: req.body.email,\r\n        number: req.body.number,\r\n        status: req.body.status,\r\n        latitude: req.body.latitude,\r\n        longitude: req.body.longitude,\r\n        country: req.body.country,\r\n        city: req.body.city,\r\n        state: req.body.state,\r\n        streetName: req.body.streetName,\r\n        streetNumber: req.body.streetNumber\r\n    };\r\n\r\n    // Save Driver in the database\r\n\r\n    DriverService.save(payload)\r\n        .then(driver => {\r\n            return success(res, \"Driver Created\", 201, driver);\r\n        })\r\n        .catch(err => {\r\n            return error(res, err.message || \"Some error occurred while creating the Driver.\", 500);\r\n\r\n        });\r\n};\r\n\r\nexports.show = (req, res) => {\r\n    const id = req.params.driverId;\r\n    if (!id) {\r\n        return error(res, err.message || \"Driver Id is required \", 400);\r\n    }\r\n\r\n    DriverService.findById(id)\r\n        .then(driver => {\r\n            if (driver) {\r\n                return success(res, \"Retrieving a driver\", 200, driver);\r\n            } else {\r\n                return error(res, \"No Driver found\", 404);\r\n            }\r\n        })\r\n        .catch(err => {\r\n            return error(res, err.message || \"Error retrieving Driver with id=\" + id, 500);\r\n\r\n        });\r\n};\r\nexports.update = (req, res) => {\r\n    const id = req.params.driverId;\r\n    if (!id) {\r\n        return error(res, err.message || \"Driver Id is required \", 400);\r\n    }\r\n    const payload = {\r\n        name: req.body.name,\r\n        email: req.body.email,\r\n        number: req.body.number,\r\n        status: req.body.status,\r\n        latitude: req.body.latitude,\r\n        longitude: req.body.longitude,\r\n        country: req.body.country,\r\n        city: req.body.city,\r\n        state: req.body.state,\r\n        streetName: req.body.streetName,\r\n        streetNumber: req.body.streetNumber\r\n    };\r\n\r\n    DriverService.update(payload, id)\r\n        .then(num => {\r\n\r\n            if (num == 1) {\r\n                return success(res, \"Driver updated\", 200, payload);\r\n            } else {\r\n                return error(res, `Cannot update Driver with id=${id}. Maybe Driver was not found!`, 400);\r\n            }\r\n        })\r\n        .catch(err => {\r\n            return error(res, err.message || \"Error updating Driver with id=\" + id, 500);\r\n\r\n        });\r\n};\r\n\r\nexports.destroy = (req, res) => {\r\n    const id = req.params.driverId;\r\n    if (!id) {\r\n        return error(res, err.message || \"Driver Id is required \", 400);\r\n    }\r\n\r\n    if (id == 'deleteAll') {\r\n        DriverService.truncate()\r\n            .then(num => {\r\n                return success(res, \"Drivers deleted successfully.\", 200, null);\r\n            })\r\n            .catch(err => {\r\n                return error(res, err.message || \"Error deleting Driver with id=\" + id, 500);\r\n\r\n            });\r\n    } else {\r\n        DriverService.destroy(id)\r\n            .then(num => {\r\n\r\n                if (num == 1) {\r\n                    return success(res, \"Driver was deleted successfully.\", 204, null);\r\n                } else {\r\n                    return error(res, `Cannot deleted Driver with id=${id}. Maybe Driver was not found!`, 400);\r\n                }\r\n            })\r\n            .catch(err => {\r\n                return error(res, err.message || \"Error deleting Driver with id=\" + id, 500);\r\n\r\n            });\r\n    }\r\n};"]},"_coverageSchema":"1a1c01bbd47fc00a2c39e90264f33305004495a9","hash":"8f2762e45e5dd3b43aab154e7d233cf9d58ccba5","contentHash":"be04986e3792f75a184f318bfbfc7f03540044d5d571af3e2899d1792a3fef96"},"C:\\Users\\GANZA\\Documents\\nodejs\\Tax24\\app\\helpers\\apiResponse.js":{"path":"C:\\Users\\GANZA\\Documents\\nodejs\\Tax24\\app\\helpers\\apiResponse.js","statementMap":{"0":{"start":{"line":6,"column":0},"end":{"line":20,"column":2}},"1":{"start":{"line":8,"column":4},"end":{"line":11,"column":7}},"2":{"start":{"line":14,"column":4},"end":{"line":18,"column":7}}},"fnMap":{"0":{"name":"error","decl":{"start":{"line":7,"column":18},"end":{"line":7,"column":23}},"loc":{"start":{"line":7,"column":42},"end":{"line":12,"column":3}},"line":7},"1":{"name":"success","decl":{"start":{"line":13,"column":20},"end":{"line":13,"column":27}},"loc":{"start":{"line":13,"column":52},"end":{"line":19,"column":3}},"line":13}},"branchMap":{},"s":{"0":1,"1":0,"2":17},"f":{"0":0,"1":17},"b":{},"inputSourceMap":{"version":3,"sources":["apiResponse.js"],"names":["module","exports","error","res","msg","status","json","success","data","message"],"mappings":";;AAAA;AACA;AACA;AACCA,MAAM,CAACC,OAAP,GAAiB;AAEbC,EAAAA,KAAK,EAAC,eAACC,GAAD,EAAMC,GAAN,EAAWC,MAAX,EAAqB;AAC1B,WAAOF,GAAG,CAACE,MAAJ,CAAWA,MAAX,EAAmBC,IAAnB,CAAwB;AAC7BD,MAAAA,MAAM,EAANA,MAD6B;AAE7BH,MAAAA,KAAK,EAAEE;AAFsB,KAAxB,CAAP;AAID,GAPa;AASbG,EAAAA,OAAO,EAAC,iBAACJ,GAAD,EAAMC,GAAN,EAAWC,MAAX,EAAmBG,IAAnB,EAA2B;AAClC,WAAOL,GAAG,CAACE,MAAJ,CAAWA,MAAX,EAAmBC,IAAnB,CAAwB;AAC7BD,MAAAA,MAAM,EAANA,MAD6B;AAE7BI,MAAAA,OAAO,EAAEL,GAFoB;AAG7BI,MAAAA,IAAI,EAAJA;AAH6B,KAAxB,CAAP;AAKD;AAfa,CAAjB","sourceRoot":"C:\\Users\\GANZA\\Documents\\nodejs\\Tax24\\app\\helpers\\","sourcesContent":["/**\r\n * it should return success and error reponse\r\n */\r\n module.exports = {\r\n\r\n     error:(res, msg, status)=> {\r\n      return res.status(status).json({\r\n        status,\r\n        error: msg,\r\n      });\r\n    },\r\n  \r\n     success:(res, msg, status, data) =>{\r\n      return res.status(status).json({\r\n        status,\r\n        message: msg,\r\n        data,\r\n      });\r\n    }\r\n  }"]},"_coverageSchema":"1a1c01bbd47fc00a2c39e90264f33305004495a9","hash":"43641cf881168d37fc583298c569824a2f036f41","contentHash":"8e58eca38208e2f7f799245ec29dff740e26fd15605228c10ef33bdada662b78"},"C:\\Users\\GANZA\\Documents\\nodejs\\Tax24\\app\\helpers\\common.js":{"path":"C:\\Users\\GANZA\\Documents\\nodejs\\Tax24\\app\\helpers\\common.js","statementMap":{"0":{"start":{"line":3,"column":29},"end":{"line":3,"column":84}},"1":{"start":{"line":5,"column":19},"end":{"line":5,"column":66}},"2":{"start":{"line":7,"column":20},"end":{"line":14,"column":1}},"3":{"start":{"line":8,"column":14},"end":{"line":8,"column":30}},"4":{"start":{"line":9,"column":15},"end":{"line":9,"column":38}},"5":{"start":{"line":10,"column":2},"end":{"line":13,"column":4}},"6":{"start":{"line":16,"column":20},"end":{"line":27,"column":1}},"7":{"start":{"line":17,"column":19},"end":{"line":17,"column":29}},"8":{"start":{"line":18,"column":16},"end":{"line":18,"column":25}},"9":{"start":{"line":19,"column":20},"end":{"line":19,"column":36}},"10":{"start":{"line":20,"column":19},"end":{"line":20,"column":48}},"11":{"start":{"line":21,"column":2},"end":{"line":26,"column":4}},"12":{"start":{"line":29,"column":26},"end":{"line":49,"column":1}},"13":{"start":{"line":30,"column":21},"end":{"line":30,"column":90}},"14":{"start":{"line":31,"column":43},"end":{"line":31,"column":45}},"15":{"start":{"line":32,"column":2},"end":{"line":47,"column":5}},"16":{"start":{"line":33,"column":26},"end":{"line":36,"column":5}},"17":{"start":{"line":38,"column":29},"end":{"line":38,"column":95}},"18":{"start":{"line":40,"column":28},"end":{"line":40,"column":192}},"19":{"start":{"line":41,"column":4},"end":{"line":41,"column":35}},"20":{"start":{"line":42,"column":28},"end":{"line":42,"column":120}},"21":{"start":{"line":44,"column":4},"end":{"line":46,"column":5}},"22":{"start":{"line":45,"column":6},"end":{"line":45,"column":54}},"23":{"start":{"line":48,"column":2},"end":{"line":48,"column":44}},"24":{"start":{"line":51,"column":24},"end":{"line":71,"column":1}},"25":{"start":{"line":52,"column":30},"end":{"line":52,"column":32}},"26":{"start":{"line":53,"column":2},"end":{"line":69,"column":5}},"27":{"start":{"line":54,"column":25},"end":{"line":57,"column":5}},"28":{"start":{"line":59,"column":29},"end":{"line":59,"column":100}},"29":{"start":{"line":61,"column":24},"end":{"line":61,"column":188}},"30":{"start":{"line":62,"column":23},"end":{"line":62,"column":27}},"31":{"start":{"line":63,"column":20},"end":{"line":63,"column":37}},"32":{"start":{"line":64,"column":4},"end":{"line":67,"column":6}},"33":{"start":{"line":68,"column":4},"end":{"line":68,"column":42}},"34":{"start":{"line":70,"column":2},"end":{"line":70,"column":55}},"35":{"start":{"line":73,"column":29},"end":{"line":82,"column":1}},"36":{"start":{"line":74,"column":31},"end":{"line":80,"column":4}},"37":{"start":{"line":75,"column":20},"end":{"line":75,"column":44}},"38":{"start":{"line":76,"column":20},"end":{"line":76,"column":44}},"39":{"start":{"line":77,"column":4},"end":{"line":77,"column":41}},"40":{"start":{"line":77,"column":31},"end":{"line":77,"column":41}},"41":{"start":{"line":78,"column":4},"end":{"line":78,"column":40}},"42":{"start":{"line":78,"column":31},"end":{"line":78,"column":40}},"43":{"start":{"line":79,"column":4},"end":{"line":79,"column":13}},"44":{"start":{"line":81,"column":2},"end":{"line":81,"column":44}},"45":{"start":{"line":84,"column":0},"end":{"line":89,"column":2}}},"fnMap":{"0":{"name":"getPagination","decl":{"start":{"line":7,"column":29},"end":{"line":7,"column":42}},"loc":{"start":{"line":7,"column":55},"end":{"line":14,"column":1}},"line":7},"1":{"name":"getPagingData","decl":{"start":{"line":16,"column":29},"end":{"line":16,"column":42}},"loc":{"start":{"line":16,"column":62},"end":{"line":27,"column":1}},"line":16},"2":{"name":"getDriverByLocation","decl":{"start":{"line":29,"column":35},"end":{"line":29,"column":54}},"loc":{"start":{"line":29,"column":82},"end":{"line":49,"column":1}},"line":29},"3":{"name":"(anonymous_3)","decl":{"start":{"line":32,"column":18},"end":{"line":32,"column":19}},"loc":{"start":{"line":32,"column":36},"end":{"line":47,"column":3}},"line":32},"4":{"name":"getClosestDrivers","decl":{"start":{"line":51,"column":33},"end":{"line":51,"column":50}},"loc":{"start":{"line":51,"column":93},"end":{"line":71,"column":1}},"line":51},"5":{"name":"(anonymous_5)","decl":{"start":{"line":53,"column":27},"end":{"line":53,"column":28}},"loc":{"start":{"line":53,"column":45},"end":{"line":69,"column":3}},"line":53},"6":{"name":"sortedAvailableDrivers","decl":{"start":{"line":73,"column":38},"end":{"line":73,"column":60}},"loc":{"start":{"line":73,"column":70},"end":{"line":82,"column":1}},"line":73},"7":{"name":"(anonymous_7)","decl":{"start":{"line":74,"column":44},"end":{"line":74,"column":45}},"loc":{"start":{"line":74,"column":60},"end":{"line":80,"column":3}},"line":74}},"branchMap":{"0":{"loc":{"start":{"line":8,"column":14},"end":{"line":8,"column":30}},"type":"cond-expr","locations":[{"start":{"line":8,"column":21},"end":{"line":8,"column":26}},{"start":{"line":8,"column":29},"end":{"line":8,"column":30}}],"line":8},"1":{"loc":{"start":{"line":9,"column":15},"end":{"line":9,"column":38}},"type":"cond-expr","locations":[{"start":{"line":9,"column":22},"end":{"line":9,"column":34}},{"start":{"line":9,"column":37},"end":{"line":9,"column":38}}],"line":9},"2":{"loc":{"start":{"line":19,"column":20},"end":{"line":19,"column":36}},"type":"cond-expr","locations":[{"start":{"line":19,"column":27},"end":{"line":19,"column":32}},{"start":{"line":19,"column":35},"end":{"line":19,"column":36}}],"line":19},"3":{"loc":{"start":{"line":30,"column":21},"end":{"line":30,"column":90}},"type":"cond-expr","locations":[{"start":{"line":30,"column":74},"end":{"line":30,"column":86}},{"start":{"line":30,"column":89},"end":{"line":30,"column":90}}],"line":30},"4":{"loc":{"start":{"line":30,"column":21},"end":{"line":30,"column":71}},"type":"binary-expr","locations":[{"start":{"line":30,"column":21},"end":{"line":30,"column":41}},{"start":{"line":30,"column":45},"end":{"line":30,"column":71}}],"line":30},"5":{"loc":{"start":{"line":40,"column":28},"end":{"line":40,"column":192}},"type":"cond-expr","locations":[{"start":{"line":40,"column":62},"end":{"line":40,"column":122}},{"start":{"line":40,"column":125},"end":{"line":40,"column":192}}],"line":40},"6":{"loc":{"start":{"line":44,"column":4},"end":{"line":46,"column":5}},"type":"if","locations":[{"start":{"line":44,"column":4},"end":{"line":46,"column":5}},{"start":{"line":44,"column":4},"end":{"line":46,"column":5}}],"line":44},"7":{"loc":{"start":{"line":61,"column":24},"end":{"line":61,"column":188}},"type":"cond-expr","locations":[{"start":{"line":61,"column":58},"end":{"line":61,"column":118}},{"start":{"line":61,"column":121},"end":{"line":61,"column":188}}],"line":61},"8":{"loc":{"start":{"line":77,"column":4},"end":{"line":77,"column":41}},"type":"if","locations":[{"start":{"line":77,"column":4},"end":{"line":77,"column":41}},{"start":{"line":77,"column":4},"end":{"line":77,"column":41}}],"line":77},"9":{"loc":{"start":{"line":78,"column":4},"end":{"line":78,"column":40}},"type":"if","locations":[{"start":{"line":78,"column":4},"end":{"line":78,"column":40}},{"start":{"line":78,"column":4},"end":{"line":78,"column":40}}],"line":78}},"s":{"0":1,"1":1,"2":1,"3":5,"4":5,"5":5,"6":1,"7":5,"8":5,"9":5,"10":5,"11":5,"12":1,"13":1,"14":1,"15":1,"16":2,"17":2,"18":2,"19":2,"20":2,"21":2,"22":1,"23":1,"24":1,"25":1,"26":1,"27":2,"28":2,"29":2,"30":2,"31":2,"32":2,"33":2,"34":1,"35":1,"36":1,"37":1,"38":1,"39":1,"40":0,"41":1,"42":1,"43":0,"44":1,"45":1},"f":{"0":5,"1":5,"2":1,"3":2,"4":1,"5":2,"6":1,"7":1},"b":{"0":[0,5],"1":[0,5],"2":[0,5],"3":[1,0],"4":[1,1],"5":[2,0],"6":[1,1],"7":[1,1],"8":[0,1],"9":[1,0]},"inputSourceMap":{"version":3,"sources":["common.js"],"names":["getPagination","page","size","limit","offset","getPagingData","data","totalItems","count","records","rows","currentPage","totalPages","Math","ceil","getDriverByLocation","drivers","specificLocation","distanceInKm","availableDriversWithInSpecLocation","forEach","driver","driverCordinate","lat","latitude","lon","longitude","distanceOf2Drivers","Distance","between","distanceValueInKm","unit","parseFloat","human_readable","distance","console","log","distanceWithin3km","push","getClosestDrivers","availableDrivers","specificDriverLocation","driversWithinDistance","driverLocation","distanceValue","distanceUnit","newDriver","dataValues","sortedAvailableDrivers","sort","a","b","driverOne","driverTwo","slice","module","exports"],"mappings":";;;;AAAA;;AACA,IAAMA,aAAa,GAAG,SAAhBA,aAAgB,CAACC,IAAD,EAAOC,IAAP,EAAgB;AAClC,MAAMC,KAAK,GAAGD,IAAI,GAAG,CAACA,IAAJ,GAAW,CAA7B;AACA,MAAME,MAAM,GAAGH,IAAI,GAAGA,IAAI,GAAGE,KAAV,GAAkB,CAArC;AAEA,SAAO;AAAEA,IAAAA,KAAK,EAALA,KAAF;AAASC,IAAAA,MAAM,EAANA;AAAT,GAAP;AACD,CALH;;AAOE,IAAMC,aAAa,GAAG,SAAhBA,aAAgB,CAACC,IAAD,EAAOL,IAAP,EAAaE,KAAb,EAAuB;AAC3C,MAAeI,UAAf,GAA6CD,IAA7C,CAAQE,KAAR;AAAA,MAAiCC,OAAjC,GAA6CH,IAA7C,CAA2BI,IAA3B;AACA,MAAMC,WAAW,GAAGV,IAAI,GAAG,CAACA,IAAJ,GAAW,CAAnC;AACA,MAAMW,UAAU,GAAGC,IAAI,CAACC,IAAL,CAAUP,UAAU,GAAGJ,KAAvB,CAAnB;AAEA,SAAO;AAAEI,IAAAA,UAAU,EAAVA,UAAF;AAAcE,IAAAA,OAAO,EAAPA,OAAd;AAAuBG,IAAAA,UAAU,EAAVA,UAAvB;AAAmCD,IAAAA,WAAW,EAAXA;AAAnC,GAAP;AACD,CAND;;AASA,IAAMI,mBAAmB,GAAG,SAAtBA,mBAAsB,CAACC,OAAD,EAASC,gBAAT,EAA6C;AAAA,MAAnBC,YAAmB,uEAAN,CAAM;AAEvE,MAAIC,kCAAkC,GAAE,EAAxC;AAEAH,EAAAA,OAAO,CAACI,OAAR,CAAgB,UAAAC,MAAM,EAAI;AAEtB,QAAMC,eAAe,GAAG;AAACC,MAAAA,GAAG,EAAEF,MAAM,CAACG,QAAb;AAAsBC,MAAAA,GAAG,EAAEJ,MAAM,CAACK;AAAlC,KAAxB;;AACA,QAAMC,kBAAkB,GAAGC,wBAASC,OAAT,CAAiBZ,gBAAjB,EAAmCK,eAAnC,CAA3B;;AAIF,QAAMQ,iBAAiB,GAClBH,kBAAkB,CAACI,IAAnB,IAA2B,IAA5B,GACIC,UAAU,CAACL,kBAAkB,CAACM,cAAnB,GAAoCC,QAArC,EAA+C,EAA/C,CADd,GAEIF,UAAU,CAACL,kBAAkB,CAACM,cAAnB,GAAoCC,QAArC,EAA+C,EAA/C,CAAV,GAA6D,IAHrE;AAKMC,IAAAA,OAAO,CAACC,GAAR,CAAYN,iBAAZ;AAEF,QAAMO,iBAAiB,GAAQL,UAAU,CAAC,6BAASd,YAAY,GAAC,KAAtB,EAA6Be,cAA7B,GAA8CC,QAA/C,EAAyD,EAAzD,CAAzC;;AAEA,QAAIJ,iBAAiB,IAAKO,iBAA1B,EAA6C;AACzClB,MAAAA,kCAAkC,CAACmB,IAAnC,CAAwCjB,MAAxC;AACF;AAIP,GAtBD;AAwBA,SAAOF,kCAAP;AACD,CA7BD;;AA+BA,IAAMoB,iBAAiB,GAAG,SAApBA,iBAAoB,CAACC,gBAAD,EAAkBC,sBAAlB,EAA2C;AACnE,MAAIC,qBAAqB,GAAC,EAA1B;AACMF,EAAAA,gBAAgB,CAACpB,OAAjB,CAAyB,UAAAC,MAAM,EAAI;AAEjC,QAAMsB,cAAc,GAAG;AACnBpB,MAAAA,GAAG,EAAEF,MAAM,CAACG,QADO;AAEnBC,MAAAA,GAAG,EAAEJ,MAAM,CAACK;AAFO,KAAvB;;AAIE,QAAMC,kBAAkB,GAAGC,wBAASC,OAAT,CACzBY,sBADyB,EAEzBE,cAFyB,CAA3B;;AAKA,QAAMC,aAAa,GAClBjB,kBAAkB,CAACI,IAAnB,IAA2B,IAA5B,GACIC,UAAU,CAACL,kBAAkB,CAACM,cAAnB,GAAoCC,QAArC,EAA+C,EAA/C,CADd,GAEIF,UAAU,CAACL,kBAAkB,CAACM,cAAnB,GAAoCC,QAArC,EAA+C,EAA/C,CAAV,GAA6D,IAHjE;AAID,QAAMW,YAAY,GAAG,IAArB;AACD,QAAIC,SAAS,GAAEzB,MAAM,CAAC0B,UAAtB;AACAD,IAAAA,SAAS,CAAC,UAAD,CAAT,GAAuB;AAAEF,MAAAA,aAAa,EAAbA,aAAF;AAAiBC,MAAAA,YAAY,EAAZA;AAAjB,KAAvB;AAECH,IAAAA,qBAAqB,CAACJ,IAAtB,CAA2BQ,SAA3B;AAEJ,GArBC;AAsBF,SAAOE,sBAAsB,CAACN,qBAAD,CAA7B;AACL,CAzBD;;AA2BA,IAAMM,sBAAsB,GAAG,gCAAChC,OAAD,EAAW;AACxC,MAAMgC,sBAAsB,GAAIhC,OAAO,CAACiC,IAAR,CAAa,UAACC,CAAD,EAAIC,CAAJ,EAAU;AAErD,QAAMC,SAAS,GAAGF,CAAC,CAAChB,QAAF,CAAWU,aAA7B;AAAA,QACES,SAAS,GAAGF,CAAC,CAACjB,QAAF,CAAWU,aADzB;AAEA,QAAIQ,SAAS,GAAGC,SAAhB,EAA2B,OAAO,CAAC,CAAR;AAC3B,QAAID,SAAS,GAAGC,SAAhB,EAA2B,OAAO,CAAP;AAC3B,WAAO,CAAP;AACD,GAP+B,CAAhC;AAQA,SAAOL,sBAAsB,CAACM,KAAvB,CAA6B,CAA7B,EAAgC,CAAhC,CAAP;AACD,CAVD;;AAYAC,MAAM,CAACC,OAAP,GAAiB;AAACxD,EAAAA,aAAa,EAAbA,aAAD;AAAeK,EAAAA,aAAa,EAAbA,aAAf;AAA6BU,EAAAA,mBAAmB,EAAnBA,mBAA7B;AAAiDwB,EAAAA,iBAAiB,EAAjBA;AAAjD,CAAjB","sourceRoot":"C:\\Users\\GANZA\\Documents\\nodejs\\Tax24\\app\\helpers\\","sourcesContent":["import Distance from \"geo-distance\";\r\nconst getPagination = (page, size) => {\r\n    const limit = size ? +size : 3;\r\n    const offset = page ? page * limit : 0;\r\n  \r\n    return { limit, offset };\r\n  };\r\n  \r\n  const getPagingData = (data, page, limit) => {\r\n    const { count: totalItems, rows: records } = data;\r\n    const currentPage = page ? +page : 0;\r\n    const totalPages = Math.ceil(totalItems / limit);\r\n  \r\n    return { totalItems, records, totalPages, currentPage };\r\n  };\r\n\r\n    \r\n  const getDriverByLocation = (drivers,specificLocation,distanceInKm=3) => {\r\n   \r\n    let availableDriversWithInSpecLocation =[];\r\n              \r\n    drivers.forEach(driver => {\r\n\r\n        const driverCordinate = {lat: driver.latitude,lon: driver.longitude};\r\n        const distanceOf2Drivers = Distance.between(specificLocation, driverCordinate);\r\n\r\n    \r\n \r\n      const distanceValueInKm=\r\n          (distanceOf2Drivers.unit == \"km\")\r\n            ? parseFloat(distanceOf2Drivers.human_readable().distance, 10)\r\n            : parseFloat(distanceOf2Drivers.human_readable().distance, 10)/1000;\r\n          \r\n            console.log(distanceValueInKm);\r\n\r\n          const distanceWithin3km     =  parseFloat(Distance(distanceInKm+' km').human_readable().distance, 10);\r\n         \r\n          if (distanceValueInKm  == distanceWithin3km) {\r\n              availableDriversWithInSpecLocation.push(driver);\r\n           } \r\n        \r\n\r\n             \r\n    });\r\n  \r\n    return availableDriversWithInSpecLocation;\r\n  };\r\n\r\n  const getClosestDrivers = (availableDrivers,specificDriverLocation)=>{\r\n    let driversWithinDistance=[];\r\n          availableDrivers.forEach(driver => {\r\n\r\n            const driverLocation = {\r\n                lat: driver.latitude,\r\n                lon: driver.longitude,\r\n              };\r\n              const distanceOf2Drivers = Distance.between(\r\n                specificDriverLocation,\r\n                driverLocation\r\n              );\r\n\r\n              const distanceValue=\r\n              (distanceOf2Drivers.unit == \"km\")\r\n                ? parseFloat(distanceOf2Drivers.human_readable().distance, 10)\r\n                : parseFloat(distanceOf2Drivers.human_readable().distance, 10)/1000;\r\n             const distanceUnit = 'km';\r\n            let newDriver =driver.dataValues;\r\n            newDriver['distance'] ={ distanceValue, distanceUnit};\r\n            \r\n             driversWithinDistance.push(newDriver);\r\n\r\n        });\r\n        return sortedAvailableDrivers(driversWithinDistance);\r\n  };\r\n\r\n  const sortedAvailableDrivers = (drivers)=>{\r\n    const sortedAvailableDrivers =  drivers.sort((a, b) => {\r\n\r\n      const driverOne = a.distance.distanceValue,\r\n        driverTwo = b.distance.distanceValue;\r\n      if (driverOne < driverTwo) return -1;\r\n      if (driverOne > driverTwo) return 1;\r\n      return 0;\r\n    });\r\n    return sortedAvailableDrivers.slice(0, 3);\r\n  };\r\n\r\n  module.exports = {getPagination,getPagingData,getDriverByLocation,getClosestDrivers};"]},"_coverageSchema":"1a1c01bbd47fc00a2c39e90264f33305004495a9","hash":"7ca1fea7f4a7eb9a355ffed8df78f334a46b1df4","contentHash":"162e507979484f1fff79358d9e356e3f35c405f1d2e50f6bec9b36153785f96c"},"C:\\Users\\GANZA\\Documents\\nodejs\\Tax24\\app\\models\\index.js":{"path":"C:\\Users\\GANZA\\Documents\\nodejs\\Tax24\\app\\models\\index.js","statementMap":{"0":{"start":{"line":3,"column":9},"end":{"line":3,"column":22}},"1":{"start":{"line":5,"column":11},"end":{"line":5,"column":26}},"2":{"start":{"line":7,"column":16},"end":{"line":7,"column":36}},"3":{"start":{"line":9,"column":15},"end":{"line":9,"column":40}},"4":{"start":{"line":10,"column":10},"end":{"line":10,"column":47}},"5":{"start":{"line":12,"column":13},"end":{"line":12,"column":61}},"6":{"start":{"line":14,"column":9},"end":{"line":14,"column":11}},"7":{"start":{"line":17,"column":0},"end":{"line":21,"column":1}},"8":{"start":{"line":18,"column":2},"end":{"line":18,"column":74}},"9":{"start":{"line":20,"column":2},"end":{"line":20,"column":87}},"10":{"start":{"line":23,"column":0},"end":{"line":29,"column":3}},"11":{"start":{"line":24,"column":2},"end":{"line":24,"column":82}},"12":{"start":{"line":26,"column":14},"end":{"line":26,"column":81}},"13":{"start":{"line":28,"column":2},"end":{"line":28,"column":25}},"14":{"start":{"line":30,"column":0},"end":{"line":34,"column":3}},"15":{"start":{"line":31,"column":2},"end":{"line":33,"column":3}},"16":{"start":{"line":32,"column":4},"end":{"line":32,"column":32}},"17":{"start":{"line":35,"column":0},"end":{"line":35,"column":25}},"18":{"start":{"line":36,"column":0},"end":{"line":36,"column":25}},"19":{"start":{"line":37,"column":0},"end":{"line":37,"column":20}}},"fnMap":{"0":{"name":"(anonymous_0)","decl":{"start":{"line":23,"column":33},"end":{"line":23,"column":34}},"loc":{"start":{"line":23,"column":49},"end":{"line":25,"column":1}},"line":23},"1":{"name":"(anonymous_1)","decl":{"start":{"line":25,"column":11},"end":{"line":25,"column":12}},"loc":{"start":{"line":25,"column":27},"end":{"line":29,"column":1}},"line":25},"2":{"name":"(anonymous_2)","decl":{"start":{"line":30,"column":24},"end":{"line":30,"column":25}},"loc":{"start":{"line":30,"column":45},"end":{"line":34,"column":1}},"line":30}},"branchMap":{"0":{"loc":{"start":{"line":10,"column":10},"end":{"line":10,"column":47}},"type":"binary-expr","locations":[{"start":{"line":10,"column":10},"end":{"line":10,"column":30}},{"start":{"line":10,"column":34},"end":{"line":10,"column":47}}],"line":10},"1":{"loc":{"start":{"line":17,"column":0},"end":{"line":21,"column":1}},"type":"if","locations":[{"start":{"line":17,"column":0},"end":{"line":21,"column":1}},{"start":{"line":17,"column":0},"end":{"line":21,"column":1}}],"line":17},"2":{"loc":{"start":{"line":24,"column":9},"end":{"line":24,"column":81}},"type":"binary-expr","locations":[{"start":{"line":24,"column":9},"end":{"line":24,"column":32}},{"start":{"line":24,"column":36},"end":{"line":24,"column":53}},{"start":{"line":24,"column":57},"end":{"line":24,"column":81}}],"line":24},"3":{"loc":{"start":{"line":31,"column":2},"end":{"line":33,"column":3}},"type":"if","locations":[{"start":{"line":31,"column":2},"end":{"line":33,"column":3}},{"start":{"line":31,"column":2},"end":{"line":33,"column":3}}],"line":31}},"s":{"0":1,"1":1,"2":1,"3":1,"4":1,"5":1,"6":1,"7":1,"8":0,"9":1,"10":1,"11":4,"12":3,"13":3,"14":1,"15":3,"16":3,"17":1,"18":1,"19":1},"f":{"0":4,"1":3,"2":3},"b":{"0":[1,0],"1":[0,1],"2":[4,4,3],"3":[3,0]},"inputSourceMap":{"version":3,"sources":["index.js"],"names":["fs","require","path","Sequelize","basename","__filename","env","process","NODE_ENV","config","__dirname","db","sequelize","use_env_variable","database","username","password","readdirSync","filter","file","indexOf","slice","forEach","model","join","DataTypes","name","Object","keys","modelName","associate","module","exports"],"mappings":"AAAA;;AAEA,IAAMA,EAAE,GAAGC,OAAO,CAAC,IAAD,CAAlB;;AACA,IAAMC,IAAI,GAAGD,OAAO,CAAC,MAAD,CAApB;;AACA,IAAME,SAAS,GAAGF,OAAO,CAAC,WAAD,CAAzB;;AACA,IAAMG,QAAQ,GAAGF,IAAI,CAACE,QAAL,CAAcC,UAAd,CAAjB;AACA,IAAMC,GAAG,GAAGC,OAAO,CAACD,GAAR,CAAYE,QAAZ,IAAwB,aAApC;;AACA,IAAMC,MAAM,GAAGR,OAAO,CAACS,SAAS,GAAG,sBAAb,CAAP,CAA4CJ,GAA5C,CAAf;;AACA,IAAMK,EAAE,GAAG,EAAX;AAEA,IAAIC,SAAJ;;AACA,IAAIH,MAAM,CAACI,gBAAX,EAA6B;AAC3BD,EAAAA,SAAS,GAAG,IAAIT,SAAJ,CAAcI,OAAO,CAACD,GAAR,CAAYG,MAAM,CAACI,gBAAnB,CAAd,EAAoDJ,MAApD,CAAZ;AACD,CAFD,MAEO;AACLG,EAAAA,SAAS,GAAG,IAAIT,SAAJ,CAAcM,MAAM,CAACK,QAArB,EAA+BL,MAAM,CAACM,QAAtC,EAAgDN,MAAM,CAACO,QAAvD,EAAiEP,MAAjE,CAAZ;AACD;;AAEDT,EAAE,CACCiB,WADH,CACeP,SADf,EAEGQ,MAFH,CAEU,UAAAC,IAAI,EAAI;AACd,SAAQA,IAAI,CAACC,OAAL,CAAa,GAAb,MAAsB,CAAvB,IAA8BD,IAAI,KAAKf,QAAvC,IAAqDe,IAAI,CAACE,KAAL,CAAW,CAAC,CAAZ,MAAmB,KAA/E;AACD,CAJH,EAKGC,OALH,CAKW,UAAAH,IAAI,EAAI;AACf,MAAMI,KAAK,GAAGtB,OAAO,CAACC,IAAI,CAACsB,IAAL,CAAUd,SAAV,EAAqBS,IAArB,CAAD,CAAP,CAAoCP,SAApC,EAA+CT,SAAS,CAACsB,SAAzD,CAAd;;AACAd,EAAAA,EAAE,CAACY,KAAK,CAACG,IAAP,CAAF,GAAiBH,KAAjB;AACD,CARH;AAUAI,MAAM,CAACC,IAAP,CAAYjB,EAAZ,EAAgBW,OAAhB,CAAwB,UAAAO,SAAS,EAAI;AAEnC,MAAIlB,EAAE,CAACkB,SAAD,CAAF,CAAcC,SAAlB,EAA6B;AAC3BnB,IAAAA,EAAE,CAACkB,SAAD,CAAF,CAAcC,SAAd,CAAwBnB,EAAxB;AACD;AACF,CALD;AAOAA,EAAE,CAACC,SAAH,GAAeA,SAAf;AACAD,EAAE,CAACR,SAAH,GAAeA,SAAf;AAEA4B,MAAM,CAACC,OAAP,GAAiBrB,EAAjB","sourceRoot":"C:\\Users\\GANZA\\Documents\\nodejs\\Tax24\\app\\models\\","sourcesContent":["'use strict';\n\nconst fs = require('fs');\nconst path = require('path');\nconst Sequelize = require('sequelize');\nconst basename = path.basename(__filename);\nconst env = process.env.NODE_ENV || 'development';\nconst config = require(__dirname + '/../config/config.js')[env];\nconst db = {};\n\nlet sequelize;\nif (config.use_env_variable) {\n  sequelize = new Sequelize(process.env[config.use_env_variable], config);\n} else {\n  sequelize = new Sequelize(config.database, config.username, config.password, config);\n}\n\nfs\n  .readdirSync(__dirname)\n  .filter(file => {\n    return (file.indexOf('.') !== 0) && (file !== basename) && (file.slice(-3) === '.js');\n  })\n  .forEach(file => {\n    const model = require(path.join(__dirname, file))(sequelize, Sequelize.DataTypes);\n    db[model.name] = model;\n  });\n\nObject.keys(db).forEach(modelName => {\n\n  if (db[modelName].associate) {\n    db[modelName].associate(db);\n  }\n});\n\ndb.sequelize = sequelize;\ndb.Sequelize = Sequelize;\n\nmodule.exports = db;\n"]},"_coverageSchema":"1a1c01bbd47fc00a2c39e90264f33305004495a9","hash":"e674fc1911060da304b0445b3629531b1d971c78","contentHash":"9fb638c8744d091241dde8be578ce07a2dd7a729c845b0f7e02b06fc927b1760"},"C:\\Users\\GANZA\\Documents\\nodejs\\Tax24\\app\\config\\config.js":{"path":"C:\\Users\\GANZA\\Documents\\nodejs\\Tax24\\app\\config\\config.js","statementMap":{"0":{"start":{"line":3,"column":9},"end":{"line":3,"colum
[...]
161,"column":12},"end":{"line":161,"column":60}},"77":{"start":{"line":165,"column":12},"end":{"line":165,"column":36}},"78":{"start":{"line":171,"column":2},"end":{"line":173,"column":4}},"79":{"start":{"line":172,"column":4},"end":{"line":172,"column":40}},"80":{"start":{"line":176,"column":0},"end":{"line":202,"column":4}},"81":{"start":{"line":177,"column":2},"end":{"line":201,"column":31}},"82":{"start":{"line":178,"column":4},"end":{"line":200,"column":5}},"83":{"start":{"line":179,"column":6},"end":{"line":199,"column":7}},"84":{"start":{"line":181,"column":10},"end":{"line":181,"column":29}},"85":{"start":{"line":182,"column":10},"end":{"line":182,"column":29}},"86":{"start":{"line":183,"column":10},"end":{"line":186,"column":13}},"87":{"start":{"line":189,"column":10},"end":{"line":189,"column":60}},"88":{"start":{"line":192,"column":10},"end":{"line":192,"column":29}},"89":{"start":{"line":193,"column":10},"end":{"line":193,"column":47}},"90":{"start":{"line":194,"column":10},"end":{"line":194,"column":58}},"91":{"start":{"line":198,"column":10},"end":{"line":198,"column":34}}},"fnMap":{"0":{"name":"(anonymous_0)","decl":{"start":{"line":13,"column":28},"end":{"line":13,"column":29}},"loc":{"start":{"line":13,"column":40},"end":{"line":42,"column":1}},"line":13},"1":{"name":"_callee","decl":{"start":{"line":14,"column":100},"end":{"line":14,"column":107}},"loc":{"start":{"line":14,"column":117},"end":{"line":37,"column":3}},"line":14},"2":{"name":"_callee$","decl":{"start":{"line":15,"column":49},"end":{"line":15,"column":57}},"loc":{"start":{"line":15,"column":68},"end":{"line":36,"column":5}},"line":15},"3":{"name":"(anonymous_3)","decl":{"start":{"line":39,"column":9},"end":{"line":39,"column":10}},"loc":{"start":{"line":39,"column":23},"end":{"line":41,"column":3}},"line":39},"4":{"name":"(anonymous_4)","decl":{"start":{"line":44,"column":27},"end":{"line":44,"column":28}},"loc":{"start":{"line":44,"column":39},"end":{"line":73,"column":1}},"line":44},"5":{"name":"_callee2","decl":{"start":{"line":45,"column":101},"end":{"line":45,"column":109}},"loc":{"start":{"line":45,"column":118},"end":{"line":68,"column":3}},"line":45},"6":{"name":"_callee2$","decl":{"start":{"line":46,"column":49},"end":{"line":46,"column":58}},"loc":{"start":{"line":46,"column":70},"end":{"line":67,"column":5}},"line":46},"7":{"name":"(anonymous_7)","decl":{"start":{"line":70,"column":9},"end":{"line":70,"column":10}},"loc":{"start":{"line":70,"column":24},"end":{"line":72,"column":3}},"line":70},"8":{"name":"(anonymous_8)","decl":{"start":{"line":75,"column":32},"end":{"line":75,"column":33}},"loc":{"start":{"line":75,"column":44},"end":{"line":104,"column":1}},"line":75},"9":{"name":"_callee3","decl":{"start":{"line":76,"column":101},"end":{"line":76,"column":109}},"loc":{"start":{"line":76,"column":114},"end":{"line":99,"column":3}},"line":76},"10":{"name":"_callee3$","decl":{"start":{"line":77,"column":49},"end":{"line":77,"column":58}},"loc":{"start":{"line":77,"column":70},"end":{"line":98,"column":5}},"line":77},"11":{"name":"(anonymous_11)","decl":{"start":{"line":101,"column":9},"end":{"line":101,"column":10}},"loc":{"start":{"line":101,"column":24},"end":{"line":103,"column":3}},"line":101},"12":{"name":"(anonymous_12)","decl":{"start":{"line":106,"column":30},"end":{"line":106,"column":31}},"loc":{"start":{"line":106,"column":42},"end":{"line":139,"column":1}},"line":106},"13":{"name":"_callee4","decl":{"start":{"line":107,"column":101},"end":{"line":107,"column":109}},"loc":{"start":{"line":107,"column":123},"end":{"line":134,"column":3}},"line":107},"14":{"name":"_callee4$","decl":{"start":{"line":108,"column":49},"end":{"line":108,"column":58}},"loc":{"start":{"line":108,"column":70},"end":{"line":133,"column":5}},"line":108},"15":{"name":"(anonymous_15)","decl":{"start":{"line":136,"column":9},"end":{"line":136,"column":10}},"loc":{"start":{"line":136,"column":29},"end":{"line":138,"column":3}},"line":136},"16":{"name":"(anonymous_16)","decl":{"start":{"line":141,"column":31},"end":{"line":141,"column":32}},"loc":{"start":{"line":141,"column":43},"end":{"line":174,"column":1}},"line":141},"17":{"name":"_callee5","decl":{"start":{"line":142,"column":101},"end":{"line":142,"column":109}},"loc":{"start":{"line":142,"column":114},"end":{"line":169,"column":3}},"line":142},"18":{"name":"_callee5$","decl":{"start":{"line":143,"column":49},"end":{"line":143,"column":58}},"loc":{"start":{"line":143,"column":70},"end":{"line":168,"column":5}},"line":143},"19":{"name":"(anonymous_19)","decl":{"start":{"line":171,"column":9},"end":{"line":171,"column":10}},"loc":{"start":{"line":171,"column":24},"end":{"line":173,"column":3}},"line":171},"20":{"name":"_callee6","decl":{"start":{"line":176,"column":119},"end":{"line":176,"column":127}},"loc":{"start":{"line":176,"column":130},"end":{"line":202,"column":1}},"line":176},"21":{"name":"_callee6$","decl":{"start":{"line":177,"column":47},"end":{"line":177,"column":56}},"loc":{"start":{"line":177,"column":68},"end":{"line":201,"column":3}},"line":177}},"branchMap":{"0":{"loc":{"start":{"line":17,"column":8},"end":{"line":34,"column":9}},"type":"switch","locations":[{"start":{"line":18,"column":10},"end":{"line":21,"column":40}},{"start":{"line":23,"column":10},"end":{"line":24,"column":60}},{"start":{"line":26,"column":10},"end":{"line":29,"column":58}},{"start":{"line":31,"column":10},"end":{"line":31,"column":17}},{"start":{"line":32,"column":10},"end":{"line":33,"column":35}}],"line":17},"1":{"loc":{"start":{"line":48,"column":8},"end":{"line":65,"column":9}},"type":"switch","locations":[{"start":{"line":49,"column":10},"end":{"line":52,"column":48}},{"start":{"line":54,"column":10},"end":{"line":55,"column":62}},{"start":{"line":57,"column":10},"end":{"line":60,"column":60}},{"start":{"line":62,"column":10},"end":{"line":62,"column":17}},{"start":{"line":63,"column":10},"end":{"line":64,"column":36}}],"line":48},"2":{"loc":{"start":{"line":79,"column":8},"end":{"line":96,"column":9}},"type":"switch","locations":[{"start":{"line":80,"column":10},"end":{"line":83,"column":37}},{"start":{"line":85,"column":10},"end":{"line":86,"column":62}},{"start":{"line":88,"column":10},"end":{"line":91,"column":60}},{"start":{"line":93,"column":10},"end":{"line":93,"column":17}},{"start":{"line":94,"column":10},"end":{"line":95,"column":36}}],"line":79},"3":{"loc":{"start":{"line":110,"column":8},"end":{"line":131,"column":9}},"type":"switch","locations":[{"start":{"line":111,"column":10},"end":{"line":118,"column":15}},{"start":{"line":120,"column":10},"end":{"line":121,"column":62}},{"start":{"line":123,"column":10},"end":{"line":126,"column":60}},{"start":{"line":128,"column":10},"end":{"line":128,"column":17}},{"start":{"line":129,"column":10},"end":{"line":130,"column":36}}],"line":110},"4":{"loc":{"start":{"line":145,"column":8},"end":{"line":166,"column":9}},"type":"switch","locations":[{"start":{"line":146,"column":10},"end":{"line":153,"column":15}},{"start":{"line":155,"column":10},"end":{"line":156,"column":62}},{"start":{"line":158,"column":10},"end":{"line":161,"column":60}},{"start":{"line":163,"column":10},"end":{"line":163,"column":17}},{"start":{"line":164,"column":10},"end":{"line":165,"column":36}}],"line":145},"5":{"loc":{"start":{"line":179,"column":6},"end":{"line":199,"column":7}},"type":"switch","locations":[{"start":{"line":180,"column":8},"end":{"line":186,"column":13}},{"start":{"line":188,"column":8},"end":{"line":189,"column":60}},{"start":{"line":191,"column":8},"end":{"line":194,"column":58}},{"start":{"line":196,"column":8},"end":{"line":196,"column":15}},{"start":{"line":197,"column":8},"end":{"line":198,"column":34}}],"line":179}},"s":{"0":1,"1":1,"2":1,"3":1,"4":1,"5":1,"6":1,"7":1,"8":3,"9":3,"10":1,"11":1,"12":1,"13":1,"14":0,"15":0,"16":0,"17":1,"18":1,"19":1,"20":1,"21":1,"22":2,"23":6,"24":6,"25":2,"26":2,"27":2,"28":2,"29":0,"30":0,"31":0,"32":2,"33":1,"34":2,"35":1,"36":1,"37":1,"38":3,"39":3,"40":1,"41":1,"42":1,"43":1,"44":0,"45":0,"46":0,"47":1,"48":1,"49":1,"50":1,"51":1,"52":2,"53":6,"54":6,"55":2,"56":2,"57":2,"58":2,"59":0,"60":0,"61":0,"62":2,"63":1,"64":2,"65":1,"66":1,"67":0,"68":0,"69":0,"70":0,"71":0,"72":0,"73":0,"74":0,"75":0,"76":0,"77":0,"78":1,"79":0,"80":1,"81":0,"82":0,"83":0,"84":0,"85":0,"86":0,"87":0,"88":0,"89":0,"90":0,"91":0},"f":{"0":1,"1":1,"2":3,"3":1,"4":1,"5":2,"6":6,"7":2,"8":1,"9":1,"10":3,"11":1,"12":1,"13":2,"14":6,"15":2,"16":1,"17":0,"18":0,"19":0,"20":0,"21":0},"b":{"0":[1,1,0,0,1],"1":[2,2,0,0,2],"2":[1,1,0,0,1],"3":[2,2,0,0,2],"4":[0,0,0,0,0],"5":[0,0,0,0,0]},"inputSourceMap":{"version":3,"sources":["trip.service.js"],"names":["db","require","Trip","trip","exports","save","payload","create","all","params","findAndCountAll","findById","id","findByPk","update","where","destroy","truncate"],"mappings":";;;;;;;;AAAA,IAAMA,EAAE,GAAGC,OAAO,CAAC,WAAD,CAAlB;;AACA,IAAMC,IAAI,GAAGF,EAAE,CAACG,IAAhB;;AAEAC,OAAO,CAACC,IAAR;AAAA,2FAAe,iBAAOC,OAAP;AAAA;AAAA;AAAA;AAAA;AAAA;AAAA;AAAA,mBAEUJ,IAAI,CAACK,MAAL,CAAYD,OAAZ,CAFV;;AAAA;AAAA;;AAAA;AAAA;AAAA;AAAA;;AAAA;AAAA;AAAA;AAAA;AAAA;AAAA;AAAA,GAAf;;AAAA;AAAA;AAAA;AAAA;;AAWAF,OAAO,CAACI,GAAR;AAAA,4FAAc,kBAAOC,MAAP;AAAA;AAAA;AAAA;AAAA;AAAA;AAAA;AAAA,mBAGOP,IAAI,CAACQ,eAAL,CAAqBD,MAArB,CAHP;;AAAA;AAAA;;AAAA;AAAA;AAAA;AAAA;;AAAA;AAAA;AAAA;AAAA;AAAA;AAAA;AAAA,GAAd;;AAAA;AAAA;AAAA;AAAA;;AASEL,OAAO,CAACO,QAAR;AAAA,4FAAmB,kBAAOC,EAAP;AAAA;AAAA;AAAA;AAAA;AAAA;AAAA;AAAA,mBAGAV,IAAI,CAACW,QAAL,CAAcD,EAAd,CAHA;;AAAA;AAAA;;AAAA;AAAA;AAAA;AAAA;;AAAA;AAAA;AAAA;AAAA;AAAA;AAAA;AAAA,GAAnB;;AAAA;AAAA;AAAA;AAAA;;AAUAR,OAAO,CAACU,MAAR;AAAA,4FAAiB,kBAAOR,OAAP,EAAeM,EAAf;AAAA;AAAA;AAAA;AAAA;AAAA;AAAA;AAAA,mBAGEV,IAAI,CAACY,MAAL,CAAYR,OAAZ,EAAqB;AAC9BS,cAAAA,KAAK,EAAE;AAAEH,gBAAAA,EAAE,EAAEA;AAAN;AADuB,aAArB,CAHF;;AAAA;AAAA;;AAAA;AAAA;AAAA;AAAA;;AAAA;AAAA;AAAA;AAAA;AAAA;AAAA;AAAA,GAAjB;;AAAA;AAAA;AAAA;AAAA;;AAWAR,OAAO,CAACY,OAAR;AAAA,4FAAkB,kBAAOJ,EAAP;AAAA;AAAA;AAAA;AAAA;AAAA;AAAA;AAAA,mBAGCV,IAAI,CAACc,OAAL,CAAa;AACtBD,cAAAA,KAAK,EAAE;AAAEH,gBAAAA,EAAE,EAAEA;AAAN;AADe,aAAb,CAHD;;AAAA;AAAA;;AAAA;AAAA;AAAA;AAAA;;AAAA;AAAA;AAAA;AAAA;AAAA;AAAA;AAAA,GAAlB;;AAAA;AAAA;AAAA;AAAA;;AAYAR,OAAO,CAACa,QAAR,8FAAmB;AAAA;AAAA;AAAA;AAAA;AAAA;AAAA;AAAA,iBAGAf,IAAI,CAACc,OAAL,CAAa;AACxBD,YAAAA,KAAK,EAAE,EADiB;AAExBE,YAAAA,QAAQ,EAAE;AAFc,WAAb,CAHA;;AAAA;AAAA;;AAAA;AAAA;AAAA;AAAA;;AAAA;AAAA;AAAA;AAAA;AAAA;AAAA;AAAA,CAAnB","sourceRoot":"C:\\Users\\GANZA\\Documents\\nodejs\\Tax24\\app\\services\\","sourcesContent":["const db = require(\"../models\");\r\nconst Trip = db.trip;\r\n\r\nexports.save = async (payload) => {\r\n    try {\r\n            return await Trip.create(payload);\r\n\r\n    } catch (error) {\r\n      return error;\r\n    }\r\n  };\r\n\r\n\r\n  \r\nexports.all = async (params) => {\r\n    try {\r\n\r\n        return await Trip.findAndCountAll(params)\r\n\r\n    } catch (error) {\r\n      return error;\r\n    }\r\n  };\r\n  exports.findById = async (id) => {\r\n    try {\r\n        \r\n        return await Trip.findByPk(id)\r\n\r\n    } catch (error) {\r\n      return error;\r\n    }\r\n  };\r\n\r\n  exports.update = async (payload,id) => {\r\n    try {\r\n        \r\n        return await Trip.update(payload, {\r\n            where: { id: id }\r\n          })\r\n\r\n    } catch (error) {\r\n      return error;\r\n    }\r\n  };\r\n  exports.destroy = async (id) => {\r\n    try {\r\n        \r\n        return await Trip.destroy({\r\n            where: { id: id }\r\n          })\r\n\r\n    } catch (error) {\r\n      return error;\r\n    }\r\n  };\r\n\r\n  exports.truncate = async () => {\r\n    try { \r\n        \r\n        return await Trip.destroy({\r\n          where: {},\r\n          truncate: true\r\n        })\r\n\r\n    } catch (error) {\r\n      return error;\r\n    }\r\n  };\r\n\r\n"]},"_coverageSchema":"1a1c01bbd47fc00a2c39e90264f33305004495a9","hash":"3b1e6aff2e734a64300e92818d7c0a8f48a98287","contentHash":"fd6ec2d16876669f44007017d9b2a5aaa81ef0f35736ae0f55eced58dd7273e0"},"C:\\Users\\GANZA\\Documents\\nodejs\\Tax24\\app\\middleware\\trip-validation-middleware.js":{"path":"C:\\Users\\GANZA\\Documents\\nodejs\\Tax24\\app\\middleware\\trip-validation-middleware.js","statementMap":{"0":{"start":{"line":3,"column":29},"end":{"line":3,"column":84}},"1":{"start":{"line":5,"column":19},"end":{"line":5,"column":80}},"2":{"start":{"line":7,"column":25},"end":{"line":7,"column":99}},"3":{"start":{"line":9,"column":16},"end":{"line":9,"column":53}},"4":{"start":{"line":11,"column":27},"end":{"line":49,"column":3}},"5":{"start":{"line":12,"column":13},"end":{"line":44,"column":5}},"6":{"start":{"line":14,"column":4},"end":{"line":43,"column":16}},"7":{"start":{"line":15,"column":6},"end":{"line":42,"column":7}},"8":{"start":{"line":16,"column":8},"end":{"line":41,"column":9}},"9":{"start":{"line":18,"column":12},"end":{"line":24,"column":14}},"10":{"start":{"line":25,"column":12},"end":{"line":25,"column":30}},"11":{"start":{"line":26,"column":12},"end":{"line":36,"column":15}},"12":{"start":{"line":27,"column":14},"end":{"line":35,"column":15}},"13":{"start":{"line":28,"column":16},"end":{"line":32,"column":19}},"14":{"start":{"line":34,"column":16},"end":{"line":34,"column":23}},"15":{"start":{"line":40,"column":12},"end":{"line":40,"column":35}},"16":{"start":{"line":46,"column":2},"end":{"line":48,"column":4}},"17":{"start":{"line":47,"column":4},"end":{"line":47,"column":39}},"18":{"start":{"line":51,"column":0},"end":{"line":53,"column":2}}},"fnMap":{"0":{"name":"(anonymous_0)","decl":{"start":{"line":11,"column":27},"end":{"line":11,"column":28}},"loc":{"start":{"line":11,"column":39},"end":{"line":49,"column":1}},"line":11},"1":{"name":"_callee","decl":{"start":{"line":12,"column":100},"end":{"line":12,"column":107}},"loc":{"start":{"line":12,"column":124},"end":{"line":44,"column":3}},"line":12},"2":{"name":"_callee$","decl":{"start":{"line":14,"column":49},"end":{"line":14,"column":57}},"loc":{"start":{"line":14,"column":68},"end":{"line":43,"column":5}},"line":14},"3":{"name":"(anonymous_3)","decl":{"start":{"line":26,"column":59},"end":{"line":26,"column":60}},"loc":{"start":{"line":26,"column":82},"end":{"line":36,"column":13}},"line":26},"4":{"name":"request","decl":{"start":{"line":46,"column":18},"end":{"line":46,"column":25}},"loc":{"start":{"line":46,"column":40},"end":{"line":48,"column":3}},"line":46}},"branchMap":{"0":{"loc":{"start":{"line":16,"column":8},"end":{"line":41,"column":9}},"type":"switch","locations":[{"start":{"line":17,"column":10},"end":{"line":36,"column":15}},{"start":{"line":38,"column":10},"end":{"line":38,"column":17}},{"start":{"line":39,"column":10},"end":{"line":40,"column":35}}],"line":16},"1":{"loc":{"start":{"line":27,"column":14},"end":{"line":35,"column":15}},"type":"if","locations":[{"start":{"line":27,"column":14},"end":{"line":35,"column":15}},{"start":{"line":27,"column":14},"end":{"line":35,"column":15}}],"line":27}},"s":{"0":1,"1":1,"2":1,"3":1,"4":1,"5":1,"6":1,"7":2,"8":2,"9":1,"10":1,"11":1,"12":1,"13":0,"14":1,"15":1,"16":1,"17":1,"18":1},"f":{"0":1,"1":1,"2":2,"3":1,"4":1},"b":{"0":[1,1,1],"1":[0,1]},"inputSourceMap":{"version":3,"sources":["trip-validation-middleware.js"],"names":["Validator","require","request","req","res","next","validationRule","body","err","status","send","success","message","data","module","exports"],"mappings":";;;;;;;;AAAA,IAAMA,SAAS,GAAGC,OAAO,CAAC,4BAAD,CAAzB;;AAEA,IAAMC,OAAO;AAAA,2FAAG,iBAAOC,GAAP,EAAYC,GAAZ,EAAiBC,IAAjB;AAAA;AAAA;AAAA;AAAA;AAAA;AACNC,YAAAA,cADM,GACW;AACnB,0BAAY,kBADO;AAEnB,yBAAW,kBAFQ;AAGnB,sBAAQ,iBAHW;AAInB,oBAAK,iBAJc;AAKnB,wBAAU;AALS,aADX;AAAA;AAAA,mBASNN,SAAS,CAACG,GAAG,CAACI,IAAL,EAAWD,cAAX,EAA2B,EAA3B,EAA+B,UAACE,GAAD,EAAMC,MAAN,EAAiB;AAC3D,kBAAI,CAACA,MAAL,EAAa;AACTL,gBAAAA,GAAG,CAACK,MAAJ,CAAW,GAAX,EACKC,IADL,CACU;AACFC,kBAAAA,OAAO,EAAE,KADP;AAEFC,kBAAAA,OAAO,EAAE,mBAFP;AAGFC,kBAAAA,IAAI,EAAEL;AAHJ,iBADV;AAMH,eAPD,MAOO;AACHH,gBAAAA,IAAI;AACP;AACJ,aAXc,CATH;;AAAA;AAAA;AAAA;AAAA;AAAA;AAAA;AAAA,GAAH;;AAAA,kBAAPH,OAAO;AAAA;AAAA;AAAA,GAAb;;AAuBAY,MAAM,CAACC,OAAP,GAAiB;AACbb,EAAAA,OAAO,EAAPA;AADa,CAAjB","sourceRoot":"C:\\Users\\GANZA\\Documents\\nodejs\\Tax24\\app\\middleware\\","sourcesContent":["const Validator = require('../../app/helpers/validate');\r\n\r\nconst request = async (req, res, next) => {\r\n    const validationRule = {\r\n        \"driverId\": \"required|integer\",\r\n        \"riderId\": \"required|integer\",\r\n        \"from\": \"required|string\",\r\n        \"to\":\"required|string\",\r\n        \"status\": \"required|string\"\r\n    }\r\n\r\n    await Validator(req.body, validationRule, {}, (err, status) => {\r\n        if (!status) {\r\n            res.status(412)\r\n                .send({\r\n                    success: false,\r\n                    message: 'Validation failed',\r\n                    data: err\r\n                });\r\n        } else {\r\n            next();\r\n        }\r\n    });\r\n}\r\n\r\nmodule.exports = {\r\n    request\r\n};"]},"_coverageSchema":"1a1c01bbd47fc00a2c39e90264f33305004495a9","hash":"ed7d808632ed04bfc64f9aee9245513d12b779d4","contentHash":"e6a80dd737e2d7d419a1fff1292f0a0bbaa08acd8ffa9b4ae63d010ed719e919"},"C:\\Users\\GANZA\\Documents\\nodejs\\Tax24\\app\\tests\\index.js":{"path":"C:\\Users\\GANZA\\Documents\\nodejs\\Tax24\\app\\tests\\index.js","statementMap":{"0":{"start":{"line":3,"column":29},"end":{"line":3,"column":84}},"1":{"start":{"line":5,"column":12},"end":{"line":5,"column":51}},"2":{"start":{"line":7,"column":16},"end":{"line":7,"column":60}},"3":{"start":{"line":9,"column":13},"end":{"line":9,"column":59}},"4":{"start":{"line":11,"column":0},"end":{"line":11,"column":43}},"5":{"start":{"line":13,"column":0},"end":{"line":13,"column":26}},"6":{"start":{"line":15,"column":0},"end":{"line":22,"column":3}},"7":{"start":{"line":16,"column":2},"end":{"line":21,"column":5}},"8":{"start":{"line":17,"column":4},"end":{"line":20,"column":7}},"9":{"start":{"line":18,"column":6},"end":{"line":18,"column":34}},"10":{"start":{"line":19,"column":6},"end":{"line":19,"column":13}}},"fnMap":{"0":{"name":"(anonymous_0)","decl":{"start":{"line":15,"column":24},"end":{"line":15,"column":25}},"loc":{"start":{"line":15,"column":36},"end":{"line":22,"column":1}},"line":15},"1":{"name":"(anonymous_1)","decl":{"start":{"line":16,"column":36},"end":{"line":16,"column":37}},"loc":{"start":{"line":16,"column":52},"end":{"line":21,"column":3}},"line":16},"2":{"name":"(anonymous_2)","decl":{"start":{"line":17,"column":61},"end":{"line":17,"column":62}},"loc":{"start":{"line":17,"column":81},"end":{"line":20,"column":5}},"line":17}},"branchMap":{},"s":{"0":1,"1":1,"2":1,"3":1,"4":1,"5":1,"6":1,"7":1,"8":1,"9":1,"10":1},"f":{"0":1,"1":1,"2":1},"b":{},"inputSourceMap":{"version":3,"sources":["index.js"],"names":["chai","use","chaiHttp","should","describe","it","done","request","app","get","end","err","res","have","status"],"mappings":";;;;AAAA;;AACA;;AACA;;AAEAA,iBAAKC,GAAL,CAASC,oBAAT;;AACAF,iBAAKG,MAAL;;AAEAC,QAAQ,CAAC,aAAD,EAAgB,YAAM;AAC5BC,EAAAA,EAAE,CAAC,6BAAD,EAAgC,UAACC,IAAD,EAAU;AAC1CN,qBAAKO,OAAL,CAAaC,iBAAb,EAAkBC,GAAlB,CAAsB,GAAtB,EACGC,GADH,CACO,UAACC,GAAD,EAAMC,GAAN,EAAc;AACjBA,MAAAA,GAAG,CAACT,MAAJ,CAAWU,IAAX,CAAgBC,MAAhB,CAAuB,GAAvB;AACAR,MAAAA,IAAI;AACL,KAJH;AAKD,GANC,CAAF;AAOD,CARO,CAAR","sourceRoot":"C:\\Users\\GANZA\\Documents\\nodejs\\Tax24\\app\\tests\\","sourcesContent":["import chai from 'chai';\r\nimport chaiHttp from 'chai-http';\r\nimport app from '../../index';\r\n\r\nchai.use(chaiHttp);\r\nchai.should();\r\n\r\ndescribe('Tax24 Tests', () => {\r\n  it('Should display welcome page', (done) => {\r\n    chai.request(app).get('/')\r\n      .end((err, res) => {\r\n        res.should.have.status(200);\r\n        done();\r\n      });\r\n  });\r\n});\r\n"]},"_coverageSchema":"1a1c01bbd47fc00a2c39e90264f33305004495a9","hash":"a1e90cf935f28d1593a6fdc8458cb5dd60f64b4d","contentHash":"b1557fd7cd307a62cdb275a9cd7b8590b90ac3b4c3f33a57cf01d443def7b82d"}}